# JRE version: OpenJDK Runtime Environment (8.0_242-b01) (build 1.8.0_242-release-1644-b01)
# Java VM: OpenJDK 64-Bit Server VM (25.242-b01 mixed mode windows-amd64 compressed oops)
Heap:
 PSYoungGen      total 384512K, used 358210K [0x00000000d5580000, 0x00000000f0500000, 0x0000000100000000)
  eden space 355840K, 92% used [0x00000000d5580000,0x00000000e9752298,0x00000000eb100000)
  from space 28672K, 99% used [0x00000000eb100000,0x00000000eccfe620,0x00000000ecd00000)
  to   space 34304K, 0% used [0x00000000ee380000,0x00000000ee380000,0x00000000f0500000)
 ParOldGen       total 183808K, used 62370K [0x0000000080000000, 0x000000008b380000, 0x00000000d5580000)
  object space 183808K, 33% used [0x0000000080000000,0x0000000083ce8b30,0x000000008b380000)
 Metaspace       used 95889K, capacity 100932K, committed 101400K, reserved 1136640K
  class space    used 12303K, capacity 13201K, committed 13360K, reserved 1048576K
GC Heap History (10 events):
Event: 376.115 GC heap before
{Heap before GC invocations=21 (full 4):
 PSYoungGen      total 334336K, used 5640K [0x00000000d5580000, 0x00000000ed300000, 0x0000000100000000)
  eden space 306176K, 0% used [0x00000000d5580000,0x00000000d5580000,0x00000000e8080000)
  from space 28160K, 20% used [0x00000000e8080000,0x00000000e8602040,0x00000000e9c00000)
  to   space 27648K, 0% used [0x00000000eb800000,0x00000000eb800000,0x00000000ed300000)
 ParOldGen       total 119296K, used 77811K [0x0000000080000000, 0x0000000087480000, 0x00000000d5580000)
  object space 119296K, 65% used [0x0000000080000000,0x0000000084bfcd80,0x0000000087480000)
 Metaspace       used 93484K, capacity 98448K, committed 98584K, reserved 1134592K
  class space    used 12312K, capacity 13261K, committed 13360K, reserved 1048576K
Event: 376.392 GC heap after
Heap after GC invocations=21 (full 4):
 PSYoungGen      total 334336K, used 0K [0x00000000d5580000, 0x00000000ed300000, 0x0000000100000000)
  eden space 306176K, 0% used [0x00000000d5580000,0x00000000d5580000,0x00000000e8080000)
  from space 28160K, 0% used [0x00000000e8080000,0x00000000e8080000,0x00000000e9c00000)
  to   space 27648K, 0% used [0x00000000eb800000,0x00000000eb800000,0x00000000ed300000)
 ParOldGen       total 183808K, used 57444K [0x0000000080000000, 0x000000008b380000, 0x00000000d5580000)
  object space 183808K, 31% used [0x0000000080000000,0x0000000083819228,0x000000008b380000)
 Metaspace       used 93075K, capacity 97428K, committed 98584K, reserved 1134592K
  class space    used 12168K, capacity 13003K, committed 13360K, reserved 1048576K
}
Event: 528.616 GC heap before
{Heap before GC invocations=22 (full 4):
 PSYoungGen      total 334336K, used 306176K [0x00000000d5580000, 0x00000000ed300000, 0x0000000100000000)
  eden space 306176K, 100% used [0x00000000d5580000,0x00000000e8080000,0x00000000e8080000)
  from space 28160K, 0% used [0x00000000e8080000,0x00000000e8080000,0x00000000e9c00000)
  to   space 27648K, 0% used [0x00000000eb800000,0x00000000eb800000,0x00000000ed300000)
 ParOldGen       total 183808K, used 57444K [0x0000000080000000, 0x000000008b380000, 0x00000000d5580000)
  object space 183808K, 31% used [0x0000000080000000,0x0000000083819228,0x000000008b380000)
 Metaspace       used 93994K, capacity 98452K, committed 99352K, reserved 1134592K
  class space    used 12196K, capacity 13039K, committed 13360K, reserved 1048576K
Event: 528.648 GC heap after
Heap after GC invocations=22 (full 4):
 PSYoungGen      total 361984K, used 13838K [0x00000000d5580000, 0x00000000ed200000, 0x0000000100000000)
  eden space 335360K, 0% used [0x00000000d5580000,0x00000000d5580000,0x00000000e9d00000)
  from space 26624K, 51% used [0x00000000eb800000,0x00000000ec583b30,0x00000000ed200000)
  to   space 27136K, 0% used [0x00000000e9d00000,0x00000000e9d00000,0x00000000eb780000)
 ParOldGen       total 183808K, used 57452K [0x0000000080000000, 0x000000008b380000, 0x00000000d5580000)
  object space 183808K, 31% used [0x0000000080000000,0x000000008381b228,0x000000008b380000)
 Metaspace       used 93994K, capacity 98452K, committed 99352K, reserved 1134592K
  class space    used 12196K, capacity 13039K, committed 13360K, reserved 1048576K
}
Event: 623.951 GC heap before
{Heap before GC invocations=23 (full 4):
 PSYoungGen      total 361984K, used 349198K [0x00000000d5580000, 0x00000000ed200000, 0x0000000100000000)
  eden space 335360K, 100% used [0x00000000d5580000,0x00000000e9d00000,0x00000000e9d00000)
  from space 26624K, 51% used [0x00000000eb800000,0x00000000ec583b30,0x00000000ed200000)
  to   space 27136K, 0% used [0x00000000e9d00000,0x00000000e9d00000,0x00000000eb780000)
 ParOldGen       total 183808K, used 57452K [0x0000000080000000, 0x000000008b380000, 0x00000000d5580000)
  object space 183808K, 31% used [0x0000000080000000,0x000000008381b228,0x000000008b380000)
 Metaspace       used 94715K, capacity 99492K, committed 100120K, reserved 1136640K
  class space    used 12234K, capacity 13109K, committed 13360K, reserved 1048576K
Event: 623.990 GC heap after
Heap after GC invocations=23 (full 4):
 PSYoungGen      total 362496K, used 20117K [0x00000000d5580000, 0x00000000eee00000, 0x0000000100000000)
  eden space 335360K, 0% used [0x00000000d5580000,0x00000000d5580000,0x00000000e9d00000)
  from space 27136K, 74% used [0x00000000e9d00000,0x00000000eb0a5500,0x00000000eb780000)
  to   space 28672K, 0% used [0x00000000ed200000,0x00000000ed200000,0x00000000eee00000)
 ParOldGen       total 183808K, used 57460K [0x0000000080000000, 0x000000008b380000, 0x00000000d5580000)
  object space 183808K, 31% used [0x0000000080000000,0x000000008381d228,0x000000008b380000)
 Metaspace       used 94715K, capacity 99492K, committed 100120K, reserved 1136640K
  class space    used 12234K, capacity 13109K, committed 13360K, reserved 1048576K
}
Event: 818.252 GC heap before
{Heap before GC invocations=24 (full 4):
 PSYoungGen      total 362496K, used 355477K [0x00000000d5580000, 0x00000000eee00000, 0x0000000100000000)
  eden space 335360K, 100% used [0x00000000d5580000,0x00000000e9d00000,0x00000000e9d00000)
  from space 27136K, 74% used [0x00000000e9d00000,0x00000000eb0a5500,0x00000000eb780000)
  to   space 28672K, 0% used [0x00000000ed200000,0x00000000ed200000,0x00000000eee00000)
 ParOldGen       total 183808K, used 57460K [0x0000000080000000, 0x000000008b380000, 0x00000000d5580000)
  object space 183808K, 31% used [0x0000000080000000,0x000000008381d228,0x000000008b380000)
 Metaspace       used 95122K, capacity 99966K, committed 100376K, reserved 1136640K
  class space    used 12247K, capacity 13130K, committed 13360K, reserved 1048576K
Event: 818.275 GC heap after
Heap after GC invocations=24 (full 4):
 PSYoungGen      total 379392K, used 16886K [0x00000000d5580000, 0x00000000ee900000, 0x0000000100000000)
  eden space 355840K, 0% used [0x00000000d5580000,0x00000000d5580000,0x00000000eb100000)
  from space 23552K, 71% used [0x00000000ed200000,0x00000000ee27db58,0x00000000ee900000)
  to   space 28672K, 0% used [0x00000000eb100000,0x00000000eb100000,0x00000000ecd00000)
 ParOldGen       total 183808K, used 57468K [0x0000000080000000, 0x000000008b380000, 0x00000000d5580000)
  object space 183808K, 31% used [0x0000000080000000,0x000000008381f228,0x000000008b380000)
 Metaspace       used 95122K, capacity 99966K, committed 100376K, reserved 1136640K
  class space    used 12247K, capacity 13130K, committed 13360K, reserved 1048576K
}
Event: 937.553 GC heap before
{Heap before GC invocations=25 (full 4):
 PSYoungGen      total 379392K, used 372545K [0x00000000d5580000, 0x00000000ee900000, 0x0000000100000000)
  eden space 355840K, 99% used [0x00000000d5580000,0x00000000eb0d2930,0x00000000eb100000)
  from space 23552K, 71% used [0x00000000ed200000,0x00000000ee27db58,0x00000000ee900000)
  to   space 28672K, 0% used [0x00000000eb100000,0x00000000eb100000,0x00000000ecd00000)
 ParOldGen       total 183808K, used 57468K [0x0000000080000000, 0x000000008b380000, 0x00000000d5580000)
  object space 183808K, 31% used [0x0000000080000000,0x000000008381f228,0x000000008b380000)
 Metaspace       used 95567K, capacity 100594K, committed 100888K, reserved 1136640K
  class space    used 12281K, capacity 13188K, committed 13360K, reserved 1048576K
Event: 937.587 GC heap after
Heap after GC invocations=25 (full 4):
 PSYoungGen      total 384512K, used 28665K [0x00000000d5580000, 0x00000000f0500000, 0x0000000100000000)
  eden space 355840K, 0% used [0x00000000d5580000,0x00000000d5580000,0x00000000eb100000)
  from space 28672K, 99% used [0x00000000eb100000,0x00000000eccfe620,0x00000000ecd00000)
  to   space 34304K, 0% used [0x00000000ee380000,0x00000000ee380000,0x00000000f0500000)
 ParOldGen       total 183808K, used 62370K [0x0000000080000000, 0x000000008b380000, 0x00000000d5580000)
  object space 183808K, 33% used [0x0000000080000000,0x0000000083ce8b30,0x000000008b380000)
 Metaspace       used 95567K, capacity 100594K, committed 100888K, reserved 1136640K
  class space    used 12281K, capacity 13188K, committed 13360K, reserved 1048576K
}

