# JRE version: OpenJDK Runtime Environment (8.0_242-b01) (build 1.8.0_242-release-1644-b01)
# Java VM: OpenJDK 64-Bit Server VM (25.242-b01 mixed mode windows-amd64 compressed oops)
Heap:
 PSYoungGen      total 439808K, used 357088K [0x00000000d5580000, 0x00000000f3480000, 0x0000000100000000)
  eden space 406528K, 79% used [0x00000000d5580000,0x00000000e9229878,0x00000000ee280000)
  from space 33280K, 98% used [0x00000000ef400000,0x00000000f140e7e0,0x00000000f1480000)
  to   space 32768K, 0% used [0x00000000f1480000,0x00000000f1480000,0x00000000f3480000)
 ParOldGen       total 118784K, used 68427K [0x0000000080000000, 0x0000000087400000, 0x00000000d5580000)
  object space 118784K, 57% used [0x0000000080000000,0x00000000842d2eb0,0x0000000087400000)
 Metaspace       used 92584K, capacity 98030K, committed 98328K, reserved 1134592K
  class space    used 12073K, capacity 13046K, committed 13104K, reserved 1048576K
GC Heap History (10 events):
Event: 16.410 GC heap before
{Heap before GC invocations=14 (full 3):
 PSYoungGen      total 320000K, used 301568K [0x00000000d5580000, 0x00000000eae00000, 0x0000000100000000)
  eden space 301568K, 100% used [0x00000000d5580000,0x00000000e7c00000,0x00000000e7c00000)
  from space 18432K, 0% used [0x00000000e9380000,0x00000000e9380000,0x00000000ea580000)
  to   space 24064K, 0% used [0x00000000e7c00000,0x00000000e7c00000,0x00000000e9380000)
 ParOldGen       total 118784K, used 38246K [0x0000000080000000, 0x0000000087400000, 0x00000000d5580000)
  object space 118784K, 32% used [0x0000000080000000,0x0000000082559b90,0x0000000087400000)
 Metaspace       used 69228K, capacity 72396K, committed 72600K, reserved 1112064K
  class space    used 9490K, capacity 10093K, committed 10160K, reserved 1048576K
Event: 16.455 GC heap after
Heap after GC invocations=14 (full 3):
 PSYoungGen      total 325632K, used 24047K [0x00000000d5580000, 0x00000000f0480000, 0x0000000100000000)
  eden space 301568K, 0% used [0x00000000d5580000,0x00000000d5580000,0x00000000e7c00000)
  from space 24064K, 99% used [0x00000000e7c00000,0x00000000e937bef0,0x00000000e9380000)
  to   space 30720K, 0% used [0x00000000ee680000,0x00000000ee680000,0x00000000f0480000)
 ParOldGen       total 118784K, used 46160K [0x0000000080000000, 0x0000000087400000, 0x00000000d5580000)
  object space 118784K, 38% used [0x0000000080000000,0x0000000082d14320,0x0000000087400000)
 Metaspace       used 69228K, capacity 72396K, committed 72600K, reserved 1112064K
  class space    used 9490K, capacity 10093K, committed 10160K, reserved 1048576K
}
Event: 156.785 GC heap before
{Heap before GC invocations=15 (full 3):
 PSYoungGen      total 325632K, used 325615K [0x00000000d5580000, 0x00000000f0480000, 0x0000000100000000)
  eden space 301568K, 100% used [0x00000000d5580000,0x00000000e7c00000,0x00000000e7c00000)
  from space 24064K, 99% used [0x00000000e7c00000,0x00000000e937bef0,0x00000000e9380000)
  to   space 30720K, 0% used [0x00000000ee680000,0x00000000ee680000,0x00000000f0480000)
 ParOldGen       total 118784K, used 46160K [0x0000000080000000, 0x0000000087400000, 0x00000000d5580000)
  object space 118784K, 38% used [0x0000000080000000,0x0000000082d14320,0x0000000087400000)
 Metaspace       used 87354K, capacity 91766K, committed 92056K, reserved 1128448K
  class space    used 11852K, capacity 12698K, committed 12720K, reserved 1048576K
Event: 156.932 GC heap after
Heap after GC invocations=15 (full 3):
 PSYoungGen      total 393216K, used 25423K [0x00000000d5580000, 0x00000000eff80000, 0x0000000100000000)
  eden space 367616K, 0% used [0x00000000d5580000,0x00000000d5580000,0x00000000ebc80000)
  from space 25600K, 99% used [0x00000000ee680000,0x00000000eff53df0,0x00000000eff80000)
  to   space 33280K, 0% used [0x00000000ebe80000,0x00000000ebe80000,0x00000000edf00000)
 ParOldGen       total 118784K, used 68403K [0x0000000080000000, 0x0000000087400000, 0x00000000d5580000)
  object space 118784K, 57% used [0x0000000080000000,0x00000000842cceb0,0x0000000087400000)
 Metaspace       used 87354K, capacity 91766K, committed 92056K, reserved 1128448K
  class space    used 11852K, capacity 12698K, committed 12720K, reserved 1048576K
}
Event: 392.005 GC heap before
{Heap before GC invocations=16 (full 3):
 PSYoungGen      total 393216K, used 393039K [0x00000000d5580000, 0x00000000eff80000, 0x0000000100000000)
  eden space 367616K, 100% used [0x00000000d5580000,0x00000000ebc80000,0x00000000ebc80000)
  from space 25600K, 99% used [0x00000000ee680000,0x00000000eff53df0,0x00000000eff80000)
  to   space 33280K, 0% used [0x00000000ebe80000,0x00000000ebe80000,0x00000000edf00000)
 ParOldGen       total 118784K, used 68403K [0x0000000080000000, 0x0000000087400000, 0x00000000d5580000)
  object space 118784K, 57% used [0x0000000080000000,0x00000000842cceb0,0x0000000087400000)
 Metaspace       used 89290K, capacity 93752K, committed 93976K, reserved 1130496K
  class space    used 11878K, capacity 12737K, committed 12848K, reserved 1048576K
Event: 392.044 GC heap after
Heap after GC invocations=16 (full 3):
 PSYoungGen      total 402944K, used 20970K [0x00000000d5580000, 0x00000000f4080000, 0x0000000100000000)
  eden space 369664K, 0% used [0x00000000d5580000,0x00000000d5580000,0x00000000ebe80000)
  from space 33280K, 63% used [0x00000000ebe80000,0x00000000ed2fa828,0x00000000edf00000)
  to   space 34304K, 0% used [0x00000000f1f00000,0x00000000f1f00000,0x00000000f4080000)
 ParOldGen       total 118784K, used 68411K [0x0000000080000000, 0x0000000087400000, 0x00000000d5580000)
  object space 118784K, 57% used [0x0000000080000000,0x00000000842ceeb0,0x0000000087400000)
 Metaspace       used 89290K, capacity 93752K, committed 93976K, reserved 1130496K
  class space    used 11878K, capacity 12737K, committed 12848K, reserved 1048576K
}
Event: 537.045 GC heap before
{Heap before GC invocations=17 (full 3):
 PSYoungGen      total 402944K, used 390634K [0x00000000d5580000, 0x00000000f4080000, 0x0000000100000000)
  eden space 369664K, 100% used [0x00000000d5580000,0x00000000ebe80000,0x00000000ebe80000)
  from space 33280K, 63% used [0x00000000ebe80000,0x00000000ed2fa828,0x00000000edf00000)
  to   space 34304K, 0% used [0x00000000f1f00000,0x00000000f1f00000,0x00000000f4080000)
 ParOldGen       total 118784K, used 68411K [0x0000000080000000, 0x0000000087400000, 0x00000000d5580000)
  object space 118784K, 57% used [0x0000000080000000,0x00000000842ceeb0,0x0000000087400000)
 Metaspace       used 90061K, capacity 94912K, committed 95000K, reserved 1132544K
  class space    used 11918K, capacity 12807K, committed 12848K, reserved 1048576K
Event: 537.089 GC heap after
Heap after GC invocations=17 (full 3):
 PSYoungGen      total 456192K, used 29876K [0x00000000d5580000, 0x00000000f3e00000, 0x0000000100000000)
  eden space 424448K, 0% used [0x00000000d5580000,0x00000000d5580000,0x00000000ef400000)
  from space 31744K, 94% used [0x00000000f1f00000,0x00000000f3c2d1c8,0x00000000f3e00000)
  to   space 37888K, 0% used [0x00000000ef400000,0x00000000ef400000,0x00000000f1900000)
 ParOldGen       total 118784K, used 68419K [0x0000000080000000, 0x0000000087400000, 0x00000000d5580000)
  object space 118784K, 57% used [0x0000000080000000,0x00000000842d0eb0,0x0000000087400000)
 Metaspace       used 90061K, capacity 94912K, committed 95000K, reserved 1132544K
  class space    used 11918K, capacity 12807K, committed 12848K, reserved 1048576K
}
Event: 939.337 GC heap before
{Heap before GC invocations=18 (full 3):
 PSYoungGen      total 456192K, used 454324K [0x00000000d5580000, 0x00000000f3e00000, 0x0000000100000000)
  eden space 424448K, 100% used [0x00000000d5580000,0x00000000ef400000,0x00000000ef400000)
  from space 31744K, 94% used [0x00000000f1f00000,0x00000000f3c2d1c8,0x00000000f3e00000)
  to   space 37888K, 0% used [0x00000000ef400000,0x00000000ef400000,0x00000000f1900000)
 ParOldGen       total 118784K, used 68419K [0x0000000080000000, 0x0000000087400000, 0x00000000d5580000)
  object space 118784K, 57% used [0x0000000080000000,0x00000000842d0eb0,0x0000000087400000)
 Metaspace       used 91539K, capacity 96588K, committed 96664K, reserved 1132544K
  class space    used 12002K, capacity 12937K, committed 12976K, reserved 1048576K
Event: 939.434 GC heap after
Heap after GC invocations=18 (full 3):
 PSYoungGen      total 439808K, used 32825K [0x00000000d5580000, 0x00000000f3480000, 0x0000000100000000)
  eden space 406528K, 0% used [0x00000000d5580000,0x00000000d5580000,0x00000000ee280000)
  from space 33280K, 98% used [0x00000000ef400000,0x00000000f140e7e0,0x00000000f1480000)
  to   space 32768K, 0% used [0x00000000f1480000,0x00000000f1480000,0x00000000f3480000)
 ParOldGen       total 118784K, used 68427K [0x0000000080000000, 0x0000000087400000, 0x00000000d5580000)
  object space 118784K, 57% used [0x0000000080000000,0x00000000842d2eb0,0x0000000087400000)
 Metaspace       used 91539K, capacity 96588K, committed 96664K, reserved 1132544K
  class space    used 12002K, capacity 12937K, committed 12976K, reserved 1048576K
}

