# JRE version: OpenJDK Runtime Environment (8.0_242-b01) (build 1.8.0_242-release-1644-b01)
# Java VM: OpenJDK 64-Bit Server VM (25.242-b01 mixed mode windows-amd64 compressed oops)
Heap:
 PSYoungGen      total 430592K, used 430562K [0x00000000d5580000, 0x00000000f2000000, 0x0000000100000000)
  eden space 403968K, 100% used [0x00000000d5580000,0x00000000ee000000,0x00000000ee000000)
  from space 26624K, 99% used [0x00000000f0400000,0x00000000f1df8868,0x00000000f1e00000)
  to   space 32768K, 92% used [0x00000000ee000000,0x00000000efdadab0,0x00000000f0000000)
 ParOldGen       total 95744K, used 62469K [0x0000000080000000, 0x0000000085d80000, 0x00000000d5580000)
  object space 95744K, 65% used [0x0000000080000000,0x0000000083d017b0,0x0000000085d80000)
 Metaspace       used 92497K, capacity 97360K, committed 97496K, reserved 1134592K
  class space    used 12094K, capacity 12979K, committed 13056K, reserved 1048576K
GC Heap History (10 events):
Event: 17.002 GC heap before
{Heap before GC invocations=15 (full 3):
 PSYoungGen      total 278528K, used 3264K [0x00000000d5580000, 0x00000000e8500000, 0x0000000100000000)
  eden space 258560K, 0% used [0x00000000d5580000,0x00000000d5580000,0x00000000e5200000)
  from space 19968K, 16% used [0x00000000e6580000,0x00000000e68b0000,0x00000000e7900000)
  to   space 19968K, 0% used [0x00000000e5200000,0x00000000e5200000,0x00000000e6580000)
 ParOldGen       total 64000K, used 42866K [0x0000000080000000, 0x0000000083e80000, 0x00000000d5580000)
  object space 64000K, 66% used [0x0000000080000000,0x00000000829dc9a8,0x0000000083e80000)
 Metaspace       used 56459K, capacity 58798K, committed 58968K, reserved 1099776K
  class space    used 7702K, capacity 8211K, committed 8320K, reserved 1048576K
Event: 17.388 GC heap after
Heap after GC invocations=15 (full 3):
 PSYoungGen      total 278528K, used 0K [0x00000000d5580000, 0x00000000e8500000, 0x0000000100000000)
  eden space 258560K, 0% used [0x00000000d5580000,0x00000000d5580000,0x00000000e5200000)
  from space 19968K, 0% used [0x00000000e6580000,0x00000000e6580000,0x00000000e7900000)
  to   space 19968K, 0% used [0x00000000e5200000,0x00000000e5200000,0x00000000e6580000)
 ParOldGen       total 95744K, used 31875K [0x0000000080000000, 0x0000000085d80000, 0x00000000d5580000)
  object space 95744K, 33% used [0x0000000080000000,0x0000000081f20d70,0x0000000085d80000)
 Metaspace       used 56450K, capacity 58768K, committed 58968K, reserved 1099776K
  class space    used 7699K, capacity 8206K, committed 8320K, reserved 1048576K
}
Event: 26.191 GC heap before
{Heap before GC invocations=16 (full 3):
 PSYoungGen      total 278528K, used 258560K [0x00000000d5580000, 0x00000000e8500000, 0x0000000100000000)
  eden space 258560K, 100% used [0x00000000d5580000,0x00000000e5200000,0x00000000e5200000)
  from space 19968K, 0% used [0x00000000e6580000,0x00000000e6580000,0x00000000e7900000)
  to   space 19968K, 0% used [0x00000000e5200000,0x00000000e5200000,0x00000000e6580000)
 ParOldGen       total 95744K, used 31875K [0x0000000080000000, 0x0000000085d80000, 0x00000000d5580000)
  object space 95744K, 33% used [0x0000000080000000,0x0000000081f20d70,0x0000000085d80000)
 Metaspace       used 64508K, capacity 67540K, committed 67800K, reserved 1107968K
  class space    used 8841K, capacity 9418K, committed 9472K, reserved 1048576K
Event: 26.244 GC heap after
Heap after GC invocations=16 (full 3):
 PSYoungGen      total 278528K, used 19949K [0x00000000d5580000, 0x00000000ed300000, 0x0000000100000000)
  eden space 258560K, 0% used [0x00000000d5580000,0x00000000d5580000,0x00000000e5200000)
  from space 19968K, 99% used [0x00000000e5200000,0x00000000e657b780,0x00000000e6580000)
  to   space 23552K, 0% used [0x00000000ebc00000,0x00000000ebc00000,0x00000000ed300000)
 ParOldGen       total 95744K, used 32778K [0x0000000080000000, 0x0000000085d80000, 0x00000000d5580000)
  object space 95744K, 34% used [0x0000000080000000,0x0000000082002aa8,0x0000000085d80000)
 Metaspace       used 64508K, capacity 67540K, committed 67800K, reserved 1107968K
  class space    used 8841K, capacity 9418K, committed 9472K, reserved 1048576K
}
Event: 65.648 GC heap before
{Heap before GC invocations=17 (full 3):
 PSYoungGen      total 278528K, used 278509K [0x00000000d5580000, 0x00000000ed300000, 0x0000000100000000)
  eden space 258560K, 100% used [0x00000000d5580000,0x00000000e5200000,0x00000000e5200000)
  from space 19968K, 99% used [0x00000000e5200000,0x00000000e657b780,0x00000000e6580000)
  to   space 23552K, 0% used [0x00000000ebc00000,0x00000000ebc00000,0x00000000ed300000)
 ParOldGen       total 95744K, used 32778K [0x0000000080000000, 0x0000000085d80000, 0x00000000d5580000)
  object space 95744K, 34% used [0x0000000080000000,0x0000000082002aa8,0x0000000085d80000)
 Metaspace       used 78538K, capacity 82458K, committed 82648K, reserved 1120256K
  class space    used 10689K, capacity 11451K, committed 11520K, reserved 1048576K
Event: 65.693 GC heap after
Heap after GC invocations=17 (full 3):
 PSYoungGen      total 353280K, used 20107K [0x00000000d5580000, 0x00000000ed000000, 0x0000000100000000)
  eden space 332800K, 0% used [0x00000000d5580000,0x00000000d5580000,0x00000000e9a80000)
  from space 20480K, 98% used [0x00000000ebc00000,0x00000000ecfa2e70,0x00000000ed000000)
  to   space 26112K, 0% used [0x00000000e9d00000,0x00000000e9d00000,0x00000000eb680000)
 ParOldGen       total 95744K, used 47175K [0x0000000080000000, 0x0000000085d80000, 0x00000000d5580000)
  object space 95744K, 49% used [0x0000000080000000,0x0000000082e11e58,0x0000000085d80000)
 Metaspace       used 78538K, capacity 82458K, committed 82648K, reserved 1120256K
  class space    used 10689K, capacity 11451K, committed 11520K, reserved 1048576K
}
Event: 128.058 GC heap before
{Heap before GC invocations=18 (full 3):
 PSYoungGen      total 353280K, used 352907K [0x00000000d5580000, 0x00000000ed000000, 0x0000000100000000)
  eden space 332800K, 100% used [0x00000000d5580000,0x00000000e9a80000,0x00000000e9a80000)
  from space 20480K, 98% used [0x00000000ebc00000,0x00000000ecfa2e70,0x00000000ed000000)
  to   space 26112K, 0% used [0x00000000e9d00000,0x00000000e9d00000,0x00000000eb680000)
 ParOldGen       total 95744K, used 47175K [0x0000000080000000, 0x0000000085d80000, 0x00000000d5580000)
  object space 95744K, 49% used [0x0000000080000000,0x0000000082e11e58,0x0000000085d80000)
 Metaspace       used 79849K, capacity 84000K, committed 84312K, reserved 1122304K
  class space    used 10776K, capacity 11564K, committed 11648K, reserved 1048576K
Event: 128.085 GC heap after
Heap after GC invocations=18 (full 3):
 PSYoungGen      total 361472K, used 16621K [0x00000000d5580000, 0x00000000f1e00000, 0x0000000100000000)
  eden space 335360K, 0% used [0x00000000d5580000,0x00000000d5580000,0x00000000e9d00000)
  from space 26112K, 63% used [0x00000000e9d00000,0x00000000ead3b470,0x00000000eb680000)
  to   space 26624K, 0% used [0x00000000f0400000,0x00000000f0400000,0x00000000f1e00000)
 ParOldGen       total 95744K, used 47183K [0x0000000080000000, 0x0000000085d80000, 0x00000000d5580000)
  object space 95744K, 49% used [0x0000000080000000,0x0000000082e13e58,0x0000000085d80000)
 Metaspace       used 79849K, capacity 84000K, committed 84312K, reserved 1122304K
  class space    used 10776K, capacity 11564K, committed 11648K, reserved 1048576K
}
Event: 951.286 GC heap before
{Heap before GC invocations=19 (full 3):
 PSYoungGen      total 361472K, used 351981K [0x00000000d5580000, 0x00000000f1e00000, 0x0000000100000000)
  eden space 335360K, 100% used [0x00000000d5580000,0x00000000e9d00000,0x00000000e9d00000)
  from space 26112K, 63% used [0x00000000e9d00000,0x00000000ead3b470,0x00000000eb680000)
  to   space 26624K, 0% used [0x00000000f0400000,0x00000000f0400000,0x00000000f1e00000)
 ParOldGen       total 95744K, used 47183K [0x0000000080000000, 0x0000000085d80000, 0x00000000d5580000)
  object space 95744K, 49% used [0x0000000080000000,0x0000000082e13e58,0x0000000085d80000)
 Metaspace       used 89949K, capacity 94752K, committed 94808K, reserved 1130496K
  class space    used 11991K, capacity 12879K, committed 12928K, reserved 1048576K
Event: 951.359 GC heap after
Heap after GC invocations=19 (full 3):
 PSYoungGen      total 430592K, used 26594K [0x00000000d5580000, 0x00000000f2000000, 0x0000000100000000)
  eden space 403968K, 0% used [0x00000000d5580000,0x00000000d5580000,0x00000000ee000000)
  from space 26624K, 99% used [0x00000000f0400000,0x00000000f1df8868,0x00000000f1e00000)
  to   space 32768K, 0% used [0x00000000ee000000,0x00000000ee000000,0x00000000f0000000)
 ParOldGen       total 95744K, used 52986K [0x0000000080000000, 0x0000000085d80000, 0x00000000d5580000)
  object space 95744K, 55% used [0x0000000080000000,0x00000000833beb68,0x0000000085d80000)
 Metaspace       used 89949K, capacity 94752K, committed 94808K, reserved 1130496K
  class space    used 11991K, capacity 12879K, committed 12928K, reserved 1048576K
}

