# JRE version: OpenJDK Runtime Environment (8.0_242-b01) (build 1.8.0_242-release-1644-b01)
# Java VM: OpenJDK 64-Bit Server VM (25.242-b01 mixed mode windows-amd64 compressed oops)
Heap:
 PSYoungGen      total 632832K, used 127656K [0x00000000d5580000, 0x0000000100000000, 0x0000000100000000)
  eden space 599552K, 17% used [0x00000000d5580000,0x00000000dba9b628,0x00000000f9f00000)
  from space 33280K, 72% used [0x00000000fdf80000,0x00000000ff70ea30,0x0000000100000000)
  to   space 49664K, 0% used [0x00000000f9f00000,0x00000000f9f00000,0x00000000fcf80000)
 ParOldGen       total 164352K, used 131356K [0x0000000080000000, 0x000000008a080000, 0x00000000d5580000)
  object space 164352K, 79% used [0x0000000080000000,0x0000000088047280,0x000000008a080000)
 Metaspace       used 93006K, capacity 97598K, committed 98008K, reserved 1134592K
  class space    used 12060K, capacity 12882K, committed 13056K, reserved 1048576K
GC Heap History (10 events):
Event: 2236.422 GC heap before
{Heap before GC invocations=24 (full 4):
 PSYoungGen      total 660480K, used 630745K [0x00000000d5580000, 0x0000000100000000, 0x0000000100000000)
  eden space 625664K, 100% used [0x00000000d5580000,0x00000000fb880000,0x00000000fb880000)
  from space 34816K, 14% used [0x00000000fb880000,0x00000000fbd76410,0x00000000fda80000)
  to   space 34304K, 0% used [0x00000000fde80000,0x00000000fde80000,0x0000000100000000)
 ParOldGen       total 164352K, used 92669K [0x0000000080000000, 0x000000008a080000, 0x00000000d5580000)
  object space 164352K, 56% used [0x0000000080000000,0x0000000085a7f6a0,0x000000008a080000)
 Metaspace       used 84366K, capacity 88498K, committed 89944K, reserved 1126400K
  class space    used 11100K, capacity 11856K, committed 12160K, reserved 1048576K
Event: 2236.451 GC heap after
Heap after GC invocations=24 (full 4):
 PSYoungGen      total 660480K, used 12194K [0x00000000d5580000, 0x00000000ffc80000, 0x0000000100000000)
  eden space 629760K, 0% used [0x00000000d5580000,0x00000000d5580000,0x00000000fbc80000)
  from space 30720K, 39% used [0x00000000fde80000,0x00000000fea68890,0x00000000ffc80000)
  to   space 32768K, 0% used [0x00000000fbc80000,0x00000000fbc80000,0x00000000fdc80000)
 ParOldGen       total 164352K, used 92669K [0x0000000080000000, 0x000000008a080000, 0x00000000d5580000)
  object space 164352K, 56% used [0x0000000080000000,0x0000000085a7f6a0,0x000000008a080000)
 Metaspace       used 84366K, capacity 88498K, committed 89944K, reserved 1126400K
  class space    used 11100K, capacity 11856K, committed 12160K, reserved 1048576K
}
Event: 2240.270 GC heap before
{Heap before GC invocations=25 (full 4):
 PSYoungGen      total 660480K, used 641954K [0x00000000d5580000, 0x00000000ffc80000, 0x0000000100000000)
  eden space 629760K, 100% used [0x00000000d5580000,0x00000000fbc80000,0x00000000fbc80000)
  from space 30720K, 39% used [0x00000000fde80000,0x00000000fea68890,0x00000000ffc80000)
  to   space 32768K, 0% used [0x00000000fbc80000,0x00000000fbc80000,0x00000000fdc80000)
 ParOldGen       total 164352K, used 92669K [0x0000000080000000, 0x000000008a080000, 0x00000000d5580000)
  object space 164352K, 56% used [0x0000000080000000,0x0000000085a7f6a0,0x000000008a080000)
 Metaspace       used 84392K, capacity 88498K, committed 89944K, reserved 1126400K
  class space    used 11100K, capacity 11856K, committed 12160K, reserved 1048576K
Event: 2240.319 GC heap after
Heap after GC invocations=25 (full 4):
 PSYoungGen      total 662528K, used 17619K [0x00000000d5580000, 0x0000000100000000, 0x0000000100000000)
  eden space 629760K, 0% used [0x00000000d5580000,0x00000000d5580000,0x00000000fbc80000)
  from space 32768K, 53% used [0x00000000fbc80000,0x00000000fcdb4e68,0x00000000fdc80000)
  to   space 32256K, 0% used [0x00000000fe080000,0x00000000fe080000,0x0000000100000000)
 ParOldGen       total 164352K, used 92669K [0x0000000080000000, 0x000000008a080000, 0x00000000d5580000)
  object space 164352K, 56% used [0x0000000080000000,0x0000000085a7f6a0,0x000000008a080000)
 Metaspace       used 84392K, capacity 88498K, committed 89944K, reserved 1126400K
  class space    used 11100K, capacity 11856K, committed 12160K, reserved 1048576K
}
Event: 2249.338 GC heap before
{Heap before GC invocations=26 (full 4):
 PSYoungGen      total 662528K, used 647379K [0x00000000d5580000, 0x0000000100000000, 0x0000000100000000)
  eden space 629760K, 100% used [0x00000000d5580000,0x00000000fbc80000,0x00000000fbc80000)
  from space 32768K, 53% used [0x00000000fbc80000,0x00000000fcdb4e68,0x00000000fdc80000)
  to   space 32256K, 0% used [0x00000000fe080000,0x00000000fe080000,0x0000000100000000)
 ParOldGen       total 164352K, used 92669K [0x0000000080000000, 0x000000008a080000, 0x00000000d5580000)
  object space 164352K, 56% used [0x0000000080000000,0x0000000085a7f6a0,0x000000008a080000)
 Metaspace       used 84417K, capacity 88512K, committed 89944K, reserved 1126400K
  class space    used 11102K, capacity 11857K, committed 12160K, reserved 1048576K
Event: 2249.359 GC heap after
Heap after GC invocations=26 (full 4):
 PSYoungGen      total 664576K, used 5758K [0x00000000d5580000, 0x00000000ffe80000, 0x0000000100000000)
  eden space 633856K, 0% used [0x00000000d5580000,0x00000000d5580000,0x00000000fc080000)
  from space 30720K, 18% used [0x00000000fe080000,0x00000000fe61f890,0x00000000ffe80000)
  to   space 31744K, 0% used [0x00000000fc080000,0x00000000fc080000,0x00000000fdf80000)
 ParOldGen       total 164352K, used 92669K [0x0000000080000000, 0x000000008a080000, 0x00000000d5580000)
  object space 164352K, 56% used [0x0000000080000000,0x0000000085a7f6a0,0x000000008a080000)
 Metaspace       used 84417K, capacity 88512K, committed 89944K, reserved 1126400K
  class space    used 11102K, capacity 11857K, committed 12160K, reserved 1048576K
}
Event: 2263.424 GC heap before
{Heap before GC invocations=27 (full 4):
 PSYoungGen      total 664576K, used 639614K [0x00000000d5580000, 0x00000000ffe80000, 0x0000000100000000)
  eden space 633856K, 100% used [0x00000000d5580000,0x00000000fc080000,0x00000000fc080000)
  from space 30720K, 18% used [0x00000000fe080000,0x00000000fe61f890,0x00000000ffe80000)
  to   space 31744K, 0% used [0x00000000fc080000,0x00000000fc080000,0x00000000fdf80000)
 ParOldGen       total 164352K, used 92669K [0x0000000080000000, 0x000000008a080000, 0x00000000d5580000)
  object space 164352K, 56% used [0x0000000080000000,0x0000000085a7f6a0,0x000000008a080000)
 Metaspace       used 85308K, capacity 89472K, committed 90584K, reserved 1128448K
  class space    used 11178K, capacity 11937K, committed 12288K, reserved 1048576K
Event: 2263.834 GC heap after
Heap after GC invocations=27 (full 4):
 PSYoungGen      total 665600K, used 31741K [0x00000000d5580000, 0x0000000100000000, 0x0000000100000000)
  eden space 633856K, 0% used [0x00000000d5580000,0x00000000d5580000,0x00000000fc080000)
  from space 31744K, 99% used [0x00000000fc080000,0x00000000fdf7f5b8,0x00000000fdf80000)
  to   space 33280K, 0% used [0x00000000fdf80000,0x00000000fdf80000,0x0000000100000000)
 ParOldGen       total 164352K, used 130105K [0x0000000080000000, 0x000000008a080000, 0x00000000d5580000)
  object space 164352K, 79% used [0x0000000080000000,0x0000000087f0e580,0x000000008a080000)
 Metaspace       used 85308K, capacity 89472K, committed 90584K, reserved 1128448K
  class space    used 11178K, capacity 11937K, committed 12288K, reserved 1048576K
}
Event: 4274.377 GC heap before
{Heap before GC invocations=28 (full 4):
 PSYoungGen      total 665600K, used 665597K [0x00000000d5580000, 0x0000000100000000, 0x0000000100000000)
  eden space 633856K, 100% used [0x00000000d5580000,0x00000000fc080000,0x00000000fc080000)
  from space 31744K, 99% used [0x00000000fc080000,0x00000000fdf7f5b8,0x00000000fdf80000)
  to   space 33280K, 0% used [0x00000000fdf80000,0x00000000fdf80000,0x0000000100000000)
 ParOldGen       total 164352K, used 130105K [0x0000000080000000, 0x000000008a080000, 0x00000000d5580000)
  object space 164352K, 79% used [0x0000000080000000,0x0000000087f0e580,0x000000008a080000)
 Metaspace       used 91986K, capacity 96542K, committed 97112K, reserved 1134592K
  class space    used 11938K, capacity 12748K, committed 12928K, reserved 1048576K
Event: 4274.431 GC heap after
Heap after GC invocations=28 (full 4):
 PSYoungGen      total 632832K, used 24122K [0x00000000d5580000, 0x0000000100000000, 0x0000000100000000)
  eden space 599552K, 0% used [0x00000000d5580000,0x00000000d5580000,0x00000000f9f00000)
  from space 33280K, 72% used [0x00000000fdf80000,0x00000000ff70ea30,0x0000000100000000)
  to   space 49664K, 0% used [0x00000000f9f00000,0x00000000f9f00000,0x00000000fcf80000)
 ParOldGen       total 164352K, used 131356K [0x0000000080000000, 0x000000008a080000, 0x00000000d5580000)
  object space 164352K, 79% used [0x0000000080000000,0x0000000088047280,0x000000008a080000)
 Metaspace       used 91986K, capacity 96542K, committed 97112K, reserved 1134592K
  class space    used 11938K, capacity 12748K, committed 12928K, reserved 1048576K
}

