# JRE version: OpenJDK Runtime Environment (8.0_242-b01) (build 1.8.0_242-release-1644-b01)
# Java VM: OpenJDK 64-Bit Server VM (25.242-b01 mixed mode windows-amd64 compressed oops)
Heap:
 PSYoungGen      total 271360K, used 62243K [0x00000000d5580000, 0x00000000e9880000, 0x0000000100000000)
  eden space 256000K, 18% used [0x00000000d5580000,0x00000000d834a9e8,0x00000000e4f80000)
  from space 15360K, 99% used [0x00000000e8980000,0x00000000e987e318,0x00000000e9880000)
  to   space 16384K, 0% used [0x00000000e4f80000,0x00000000e4f80000,0x00000000e5f80000)
 ParOldGen       total 60928K, used 20788K [0x0000000080000000, 0x0000000083b80000, 0x00000000d5580000)
  object space 60928K, 34% used [0x0000000080000000,0x000000008144d2a0,0x0000000083b80000)
 Metaspace       used 53513K, capacity 55516K, committed 55640K, reserved 1097728K
  class space    used 7051K, capacity 7491K, committed 7552K, reserved 1048576K
GC Heap History (10 events):
Event: 5.021 GC heap before
{Heap before GC invocations=6 (full 1):
 PSYoungGen      total 136192K, used 5108K [0x00000000d5580000, 0x00000000e6f80000, 0x0000000100000000)
  eden space 131072K, 0% used [0x00000000d5580000,0x00000000d5580000,0x00000000dd580000)
  from space 5120K, 99% used [0x00000000dd580000,0x00000000dda7d040,0x00000000dda80000)
  to   space 13312K, 0% used [0x00000000e6280000,0x00000000e6280000,0x00000000e6f80000)
 ParOldGen       total 86016K, used 10865K [0x0000000080000000, 0x0000000085400000, 0x00000000d5580000)
  object space 86016K, 12% used [0x0000000080000000,0x0000000080a9c458,0x0000000085400000)
 Metaspace       used 20529K, capacity 21192K, committed 21248K, reserved 1067008K
  class space    used 2861K, capacity 3044K, committed 3072K, reserved 1048576K
Event: 5.199 GC heap after
Heap after GC invocations=6 (full 1):
 PSYoungGen      total 136192K, used 0K [0x00000000d5580000, 0x00000000e6f80000, 0x0000000100000000)
  eden space 131072K, 0% used [0x00000000d5580000,0x00000000d5580000,0x00000000dd580000)
  from space 5120K, 0% used [0x00000000dd580000,0x00000000dd580000,0x00000000dda80000)
  to   space 13312K, 0% used [0x00000000e6280000,0x00000000e6280000,0x00000000e6f80000)
 ParOldGen       total 60928K, used 6838K [0x0000000080000000, 0x0000000083b80000, 0x00000000d5580000)
  object space 60928K, 11% used [0x0000000080000000,0x00000000806adac8,0x0000000083b80000)
 Metaspace       used 20529K, capacity 21192K, committed 21248K, reserved 1067008K
  class space    used 2861K, capacity 3044K, committed 3072K, reserved 1048576K
}
Event: 9.239 GC heap before
{Heap before GC invocations=7 (full 1):
 PSYoungGen      total 136192K, used 131072K [0x00000000d5580000, 0x00000000e6f80000, 0x0000000100000000)
  eden space 131072K, 100% used [0x00000000d5580000,0x00000000dd580000,0x00000000dd580000)
  from space 5120K, 0% used [0x00000000dd580000,0x00000000dd580000,0x00000000dda80000)
  to   space 13312K, 0% used [0x00000000e6280000,0x00000000e6280000,0x00000000e6f80000)
 ParOldGen       total 60928K, used 6838K [0x0000000080000000, 0x0000000083b80000, 0x00000000d5580000)
  object space 60928K, 11% used [0x0000000080000000,0x00000000806adac8,0x0000000083b80000)
 Metaspace       used 32746K, capacity 33796K, committed 34048K, reserved 1079296K
  class space    used 4461K, capacity 4750K, committed 4864K, reserved 1048576K
Event: 9.296 GC heap after
Heap after GC invocations=7 (full 1):
 PSYoungGen      total 214528K, used 13283K [0x00000000d5580000, 0x00000000e6f80000, 0x0000000100000000)
  eden space 201216K, 0% used [0x00000000d5580000,0x00000000d5580000,0x00000000e1a00000)
  from space 13312K, 99% used [0x00000000e6280000,0x00000000e6f78d38,0x00000000e6f80000)
  to   space 16384K, 0% used [0x00000000e4f80000,0x00000000e4f80000,0x00000000e5f80000)
 ParOldGen       total 60928K, used 7636K [0x0000000080000000, 0x0000000083b80000, 0x00000000d5580000)
  object space 60928K, 12% used [0x0000000080000000,0x0000000080775108,0x0000000083b80000)
 Metaspace       used 32746K, capacity 33796K, committed 34048K, reserved 1079296K
  class space    used 4461K, capacity 4750K, committed 4864K, reserved 1048576K
}
Event: 10.383 GC heap before
{Heap before GC invocations=8 (full 1):
 PSYoungGen      total 214528K, used 45172K [0x00000000d5580000, 0x00000000e6f80000, 0x0000000100000000)
  eden space 201216K, 15% used [0x00000000d5580000,0x00000000d74a42d8,0x00000000e1a00000)
  from space 13312K, 99% used [0x00000000e6280000,0x00000000e6f78d38,0x00000000e6f80000)
  to   space 16384K, 0% used [0x00000000e4f80000,0x00000000e4f80000,0x00000000e5f80000)
 ParOldGen       total 60928K, used 7636K [0x0000000080000000, 0x0000000083b80000, 0x00000000d5580000)
  object space 60928K, 12% used [0x0000000080000000,0x0000000080775108,0x0000000083b80000)
 Metaspace       used 34243K, capacity 35316K, committed 35416K, reserved 1079296K
  class space    used 4706K, capacity 4969K, committed 4992K, reserved 1048576K
Event: 10.398 GC heap after
Heap after GC invocations=8 (full 1):
 PSYoungGen      total 272384K, used 8060K [0x00000000d5580000, 0x00000000e9880000, 0x0000000100000000)
  eden space 256000K, 0% used [0x00000000d5580000,0x00000000d5580000,0x00000000e4f80000)
  from space 16384K, 49% used [0x00000000e4f80000,0x00000000e575f210,0x00000000e5f80000)
  to   space 15360K, 0% used [0x00000000e8980000,0x00000000e8980000,0x00000000e9880000)
 ParOldGen       total 60928K, used 7644K [0x0000000080000000, 0x0000000083b80000, 0x00000000d5580000)
  object space 60928K, 12% used [0x0000000080000000,0x0000000080777108,0x0000000083b80000)
 Metaspace       used 34243K, capacity 35316K, committed 35416K, reserved 1079296K
  class space    used 4706K, capacity 4969K, committed 4992K, reserved 1048576K
}
Event: 10.398 GC heap before
{Heap before GC invocations=9 (full 2):
 PSYoungGen      total 272384K, used 8060K [0x00000000d5580000, 0x00000000e9880000, 0x0000000100000000)
  eden space 256000K, 0% used [0x00000000d5580000,0x00000000d5580000,0x00000000e4f80000)
  from space 16384K, 49% used [0x00000000e4f80000,0x00000000e575f210,0x00000000e5f80000)
  to   space 15360K, 0% used [0x00000000e8980000,0x00000000e8980000,0x00000000e9880000)
 ParOldGen       total 60928K, used 7644K [0x0000000080000000, 0x0000000083b80000, 0x00000000d5580000)
  object space 60928K, 12% used [0x0000000080000000,0x0000000080777108,0x0000000083b80000)
 Metaspace       used 34243K, capacity 35316K, committed 35416K, reserved 1079296K
  class space    used 4706K, capacity 4969K, committed 4992K, reserved 1048576K
Event: 10.535 GC heap after
Heap after GC invocations=9 (full 2):
 PSYoungGen      total 272384K, used 0K [0x00000000d5580000, 0x00000000e9880000, 0x0000000100000000)
  eden space 256000K, 0% used [0x00000000d5580000,0x00000000d5580000,0x00000000e4f80000)
  from space 16384K, 0% used [0x00000000e4f80000,0x00000000e4f80000,0x00000000e5f80000)
  to   space 15360K, 0% used [0x00000000e8980000,0x00000000e8980000,0x00000000e9880000)
 ParOldGen       total 60928K, used 14440K [0x0000000080000000, 0x0000000083b80000, 0x00000000d5580000)
  object space 60928K, 23% used [0x0000000080000000,0x0000000080e1a3e0,0x0000000083b80000)
 Metaspace       used 34243K, capacity 35316K, committed 35416K, reserved 1079296K
  class space    used 4706K, capacity 4969K, committed 4992K, reserved 1048576K
}
Event: 17.910 GC heap before
{Heap before GC invocations=10 (full 2):
 PSYoungGen      total 272384K, used 256000K [0x00000000d5580000, 0x00000000e9880000, 0x0000000100000000)
  eden space 256000K, 100% used [0x00000000d5580000,0x00000000e4f80000,0x00000000e4f80000)
  from space 16384K, 0% used [0x00000000e4f80000,0x00000000e4f80000,0x00000000e5f80000)
  to   space 15360K, 0% used [0x00000000e8980000,0x00000000e8980000,0x00000000e9880000)
 ParOldGen       total 60928K, used 14440K [0x0000000080000000, 0x0000000083b80000, 0x00000000d5580000)
  object space 60928K, 23% used [0x0000000080000000,0x0000000080e1a3e0,0x0000000083b80000)
 Metaspace       used 49508K, capacity 51386K, committed 51544K, reserved 1093632K
  class space    used 6587K, capacity 7003K, committed 7040K, reserved 1048576K
Event: 17.945 GC heap after
Heap after GC invocations=10 (full 2):
 PSYoungGen      total 271360K, used 15352K [0x00000000d5580000, 0x00000000e9880000, 0x0000000100000000)
  eden space 256000K, 0% used [0x00000000d5580000,0x00000000d5580000,0x00000000e4f80000)
  from space 15360K, 99% used [0x00000000e8980000,0x00000000e987e318,0x00000000e9880000)
  to   space 16384K, 0% used [0x00000000e4f80000,0x00000000e4f80000,0x00000000e5f80000)
 ParOldGen       total 60928K, used 20788K [0x0000000080000000, 0x0000000083b80000, 0x00000000d5580000)
  object space 60928K, 34% used [0x0000000080000000,0x000000008144d2a0,0x0000000083b80000)
 Metaspace       used 49508K, capacity 51386K, committed 51544K, reserved 1093632K
  class space    used 6587K, capacity 7003K, committed 7040K, reserved 1048576K
}

