# JRE version: OpenJDK Runtime Environment (8.0_242-b01) (build 1.8.0_242-release-1644-b01)
# Java VM: OpenJDK 64-Bit Server VM (25.242-b01 mixed mode windows-amd64 compressed oops)
Heap:
 PSYoungGen      total 188416K, used 167630K [0x00000000d5580000, 0x00000000e2100000, 0x0000000100000000)
  eden space 178176K, 88% used [0x00000000d5580000,0x00000000defb2300,0x00000000e0380000)
  from space 10240K, 95% used [0x00000000e1700000,0x00000000e20815e8,0x00000000e2100000)
  to   space 13312K, 0% used [0x00000000e0700000,0x00000000e0700000,0x00000000e1400000)
 ParOldGen       total 68096K, used 17350K [0x0000000080000000, 0x0000000084280000, 0x00000000d5580000)
  object space 68096K, 25% used [0x0000000080000000,0x00000000810f1b68,0x0000000084280000)
 Metaspace       used 53355K, capacity 55524K, committed 55768K, reserved 1097728K
  class space    used 7171K, capacity 7648K, committed 7680K, reserved 1048576K
GC Heap History (10 events):
Event: 7.417 GC heap before
{Heap before GC invocations=8 (full 1):
 PSYoungGen      total 75776K, used 3812K [0x00000000d5580000, 0x00000000de980000, 0x0000000100000000)
  eden space 65024K, 0% used [0x00000000d5580000,0x00000000d5580000,0x00000000d9500000)
  from space 10752K, 35% used [0x00000000d9500000,0x00000000d98b9050,0x00000000d9f80000)
  to   space 10752K, 0% used [0x00000000ddf00000,0x00000000ddf00000,0x00000000de980000)
 ParOldGen       total 86016K, used 8698K [0x0000000080000000, 0x0000000085400000, 0x00000000d5580000)
  object space 86016K, 10% used [0x0000000080000000,0x000000008087e818,0x0000000085400000)
 Metaspace       used 20526K, capacity 21192K, committed 21248K, reserved 1067008K
  class space    used 2861K, capacity 3044K, committed 3072K, reserved 1048576K
Event: 7.491 GC heap after
Heap after GC invocations=8 (full 1):
 PSYoungGen      total 75776K, used 0K [0x00000000d5580000, 0x00000000de980000, 0x0000000100000000)
  eden space 65024K, 0% used [0x00000000d5580000,0x00000000d5580000,0x00000000d9500000)
  from space 10752K, 0% used [0x00000000d9500000,0x00000000d9500000,0x00000000d9f80000)
  to   space 10752K, 0% used [0x00000000ddf00000,0x00000000ddf00000,0x00000000de980000)
 ParOldGen       total 47104K, used 6705K [0x0000000080000000, 0x0000000082e00000, 0x00000000d5580000)
  object space 47104K, 14% used [0x0000000080000000,0x000000008068c710,0x0000000082e00000)
 Metaspace       used 20526K, capacity 21192K, committed 21248K, reserved 1067008K
  class space    used 2861K, capacity 3044K, committed 3072K, reserved 1048576K
}
Event: 9.602 GC heap before
{Heap before GC invocations=9 (full 1):
 PSYoungGen      total 75776K, used 65024K [0x00000000d5580000, 0x00000000de980000, 0x0000000100000000)
  eden space 65024K, 100% used [0x00000000d5580000,0x00000000d9500000,0x00000000d9500000)
  from space 10752K, 0% used [0x00000000d9500000,0x00000000d9500000,0x00000000d9f80000)
  to   space 10752K, 0% used [0x00000000ddf00000,0x00000000ddf00000,0x00000000de980000)
 ParOldGen       total 47104K, used 6705K [0x0000000080000000, 0x0000000082e00000, 0x00000000d5580000)
  object space 47104K, 14% used [0x0000000080000000,0x000000008068c730,0x0000000082e00000)
 Metaspace       used 28528K, capacity 29374K, committed 29568K, reserved 1075200K
  class space    used 3941K, capacity 4187K, committed 4224K, reserved 1048576K
Event: 9.616 GC heap after
Heap after GC invocations=9 (full 1):
 PSYoungGen      total 130560K, used 8186K [0x00000000d5580000, 0x00000000de700000, 0x0000000100000000)
  eden space 122368K, 0% used [0x00000000d5580000,0x00000000d5580000,0x00000000dcd00000)
  from space 8192K, 99% used [0x00000000ddf00000,0x00000000de6fe8d0,0x00000000de700000)
  to   space 11264K, 0% used [0x00000000dd100000,0x00000000dd100000,0x00000000ddc00000)
 ParOldGen       total 47104K, used 6713K [0x0000000080000000, 0x0000000082e00000, 0x00000000d5580000)
  object space 47104K, 14% used [0x0000000080000000,0x000000008068e730,0x0000000082e00000)
 Metaspace       used 28528K, capacity 29374K, committed 29568K, reserved 1075200K
  class space    used 3941K, capacity 4187K, committed 4224K, reserved 1048576K
}
Event: 12.575 GC heap before
{Heap before GC invocations=10 (full 1):
 PSYoungGen      total 130560K, used 102285K [0x00000000d5580000, 0x00000000de700000, 0x0000000100000000)
  eden space 122368K, 76% used [0x00000000d5580000,0x00000000db164b60,0x00000000dcd00000)
  from space 8192K, 99% used [0x00000000ddf00000,0x00000000de6fe8d0,0x00000000de700000)
  to   space 11264K, 0% used [0x00000000dd100000,0x00000000dd100000,0x00000000ddc00000)
 ParOldGen       total 47104K, used 6713K [0x0000000080000000, 0x0000000082e00000, 0x00000000d5580000)
  object space 47104K, 14% used [0x0000000080000000,0x000000008068e730,0x0000000082e00000)
 Metaspace       used 34238K, capacity 35380K, committed 35416K, reserved 1079296K
  class space    used 4700K, capacity 4969K, committed 4992K, reserved 1048576K
Event: 12.605 GC heap after
Heap after GC invocations=10 (full 1):
 PSYoungGen      total 137728K, used 11072K [0x00000000d5580000, 0x00000000e2380000, 0x0000000100000000)
  eden space 126464K, 0% used [0x00000000d5580000,0x00000000d5580000,0x00000000dd100000)
  from space 11264K, 98% used [0x00000000dd100000,0x00000000ddbd0338,0x00000000ddc00000)
  to   space 12800K, 0% used [0x00000000e1700000,0x00000000e1700000,0x00000000e2380000)
 ParOldGen       total 47104K, used 6721K [0x0000000080000000, 0x0000000082e00000, 0x00000000d5580000)
  object space 47104K, 14% used [0x0000000080000000,0x0000000080690730,0x0000000082e00000)
 Metaspace       used 34238K, capacity 35380K, committed 35416K, reserved 1079296K
  class space    used 4700K, capacity 4969K, committed 4992K, reserved 1048576K
}
Event: 12.605 GC heap before
{Heap before GC invocations=11 (full 2):
 PSYoungGen      total 137728K, used 11072K [0x00000000d5580000, 0x00000000e2380000, 0x0000000100000000)
  eden space 126464K, 0% used [0x00000000d5580000,0x00000000d5580000,0x00000000dd100000)
  from space 11264K, 98% used [0x00000000dd100000,0x00000000ddbd0338,0x00000000ddc00000)
  to   space 12800K, 0% used [0x00000000e1700000,0x00000000e1700000,0x00000000e2380000)
 ParOldGen       total 47104K, used 6721K [0x0000000080000000, 0x0000000082e00000, 0x00000000d5580000)
  object space 47104K, 14% used [0x0000000080000000,0x0000000080690730,0x0000000082e00000)
 Metaspace       used 34238K, capacity 35380K, committed 35416K, reserved 1079296K
  class space    used 4700K, capacity 4969K, committed 4992K, reserved 1048576K
Event: 12.780 GC heap after
Heap after GC invocations=11 (full 2):
 PSYoungGen      total 137728K, used 0K [0x00000000d5580000, 0x00000000e2380000, 0x0000000100000000)
  eden space 126464K, 0% used [0x00000000d5580000,0x00000000d5580000,0x00000000dd100000)
  from space 11264K, 0% used [0x00000000dd100000,0x00000000dd100000,0x00000000ddc00000)
  to   space 12800K, 0% used [0x00000000e1700000,0x00000000e1700000,0x00000000e2380000)
 ParOldGen       total 68096K, used 17333K [0x0000000080000000, 0x0000000084280000, 0x00000000d5580000)
  object space 68096K, 25% used [0x0000000080000000,0x00000000810ed408,0x0000000084280000)
 Metaspace       used 34238K, capacity 35380K, committed 35416K, reserved 1079296K
  class space    used 4700K, capacity 4969K, committed 4992K, reserved 1048576K
}
Event: 15.310 GC heap before
{Heap before GC invocations=12 (full 2):
 PSYoungGen      total 137728K, used 126464K [0x00000000d5580000, 0x00000000e2380000, 0x0000000100000000)
  eden space 126464K, 100% used [0x00000000d5580000,0x00000000dd100000,0x00000000dd100000)
  from space 11264K, 0% used [0x00000000dd100000,0x00000000dd100000,0x00000000ddc00000)
  to   space 12800K, 0% used [0x00000000e1700000,0x00000000e1700000,0x00000000e2380000)
 ParOldGen       total 68096K, used 17342K [0x0000000080000000, 0x0000000084280000, 0x00000000d5580000)
  object space 68096K, 25% used [0x0000000080000000,0x00000000810efb68,0x0000000084280000)
 Metaspace       used 39475K, capacity 41212K, committed 41432K, reserved 1085440K
  class space    used 5432K, capacity 5810K, committed 5888K, reserved 1048576K
Event: 15.326 GC heap after
Heap after GC invocations=12 (full 2):
 PSYoungGen      total 188416K, used 9733K [0x00000000d5580000, 0x00000000e2100000, 0x0000000100000000)
  eden space 178176K, 0% used [0x00000000d5580000,0x00000000d5580000,0x00000000e0380000)
  from space 10240K, 95% used [0x00000000e1700000,0x00000000e20815e8,0x00000000e2100000)
  to   space 13312K, 0% used [0x00000000e0700000,0x00000000e0700000,0x00000000e1400000)
 ParOldGen       total 68096K, used 17350K [0x0000000080000000, 0x0000000084280000, 0x00000000d5580000)
  object space 68096K, 25% used [0x0000000080000000,0x00000000810f1b68,0x0000000084280000)
 Metaspace       used 39475K, capacity 41212K, committed 41432K, reserved 1085440K
  class space    used 5432K, capacity 5810K, committed 5888K, reserved 1048576K
}

