# JRE version: OpenJDK Runtime Environment (8.0_242-b01) (build 1.8.0_242-release-1644-b01)
# Java VM: OpenJDK 64-Bit Server VM (25.242-b01 mixed mode windows-amd64 compressed oops)
Heap:
 PSYoungGen      total 525824K, used 111950K [0x00000000d5580000, 0x00000000f8c80000, 0x0000000100000000)
  eden space 492544K, 16% used [0x00000000d5580000,0x00000000da3aaa70,0x00000000f3680000)
  from space 33280K, 95% used [0x00000000f5c00000,0x00000000f7b28ef8,0x00000000f7c80000)
  to   space 38400K, 0% used [0x00000000f3680000,0x00000000f3680000,0x00000000f5c00000)
 ParOldGen       total 190464K, used 80432K [0x0000000080000000, 0x000000008ba00000, 0x00000000d5580000)
  object space 190464K, 42% used [0x0000000080000000,0x0000000084e8c318,0x000000008ba00000)
 Metaspace       used 79033K, capacity 83298K, committed 83416K, reserved 1122304K
  class space    used 10698K, capacity 11467K, committed 11520K, reserved 1048576K
GC Heap History (10 events):
Event: 35.486 GC heap before
{Heap before GC invocations=20 (full 4):
 PSYoungGen      total 398336K, used 4416K [0x00000000d5580000, 0x00000000efe00000, 0x0000000100000000)
  eden space 364544K, 0% used [0x00000000d5580000,0x00000000d5580000,0x00000000eb980000)
  from space 33792K, 13% used [0x00000000eda00000,0x00000000ede50000,0x00000000efb00000)
  to   space 33280K, 0% used [0x00000000eb980000,0x00000000eb980000,0x00000000eda00000)
 ParOldGen       total 108032K, used 86930K [0x0000000080000000, 0x0000000086980000, 0x00000000d5580000)
  object space 108032K, 80% used [0x0000000080000000,0x00000000854e4868,0x0000000086980000)
 Metaspace       used 77364K, capacity 81540K, committed 81752K, reserved 1120256K
  class space    used 10515K, capacity 11278K, committed 11392K, reserved 1048576K
Event: 36.178 GC heap after
Heap after GC invocations=20 (full 4):
 PSYoungGen      total 398336K, used 0K [0x00000000d5580000, 0x00000000efe00000, 0x0000000100000000)
  eden space 364544K, 0% used [0x00000000d5580000,0x00000000d5580000,0x00000000eb980000)
  from space 33792K, 0% used [0x00000000eda00000,0x00000000eda00000,0x00000000efb00000)
  to   space 33280K, 0% used [0x00000000eb980000,0x00000000eb980000,0x00000000eda00000)
 ParOldGen       total 190464K, used 80416K [0x0000000080000000, 0x000000008ba00000, 0x00000000d5580000)
  object space 190464K, 42% used [0x0000000080000000,0x0000000084e88318,0x000000008ba00000)
 Metaspace       used 77178K, capacity 81048K, committed 81752K, reserved 1120256K
  class space    used 10453K, capacity 11170K, committed 11392K, reserved 1048576K
}
Event: 41.555 GC heap before
{Heap before GC invocations=21 (full 4):
 PSYoungGen      total 398336K, used 364544K [0x00000000d5580000, 0x00000000efe00000, 0x0000000100000000)
  eden space 364544K, 100% used [0x00000000d5580000,0x00000000eb980000,0x00000000eb980000)
  from space 33792K, 0% used [0x00000000eda00000,0x00000000eda00000,0x00000000efb00000)
  to   space 33280K, 0% used [0x00000000eb980000,0x00000000eb980000,0x00000000eda00000)
 ParOldGen       total 190464K, used 80416K [0x0000000080000000, 0x000000008ba00000, 0x00000000d5580000)
  object space 190464K, 42% used [0x0000000080000000,0x0000000084e88318,0x000000008ba00000)
 Metaspace       used 77509K, capacity 81464K, committed 82008K, reserved 1120256K
  class space    used 10510K, capacity 11252K, committed 11392K, reserved 1048576K
Event: 41.617 GC heap after
Heap after GC invocations=21 (full 4):
 PSYoungGen      total 397824K, used 4341K [0x00000000d5580000, 0x00000000f3400000, 0x0000000100000000)
  eden space 364544K, 0% used [0x00000000d5580000,0x00000000d5580000,0x00000000eb980000)
  from space 33280K, 13% used [0x00000000eb980000,0x00000000ebdbd6b8,0x00000000eda00000)
  to   space 32256K, 0% used [0x00000000f1480000,0x00000000f1480000,0x00000000f3400000)
 ParOldGen       total 190464K, used 80424K [0x0000000080000000, 0x000000008ba00000, 0x00000000d5580000)
  object space 190464K, 42% used [0x0000000080000000,0x0000000084e8a318,0x000000008ba00000)
 Metaspace       used 77509K, capacity 81464K, committed 82008K, reserved 1120256K
  class space    used 10510K, capacity 11252K, committed 11392K, reserved 1048576K
}
Event: 46.390 GC heap before
{Heap before GC invocations=22 (full 4):
 PSYoungGen      total 397824K, used 368885K [0x00000000d5580000, 0x00000000f3400000, 0x0000000100000000)
  eden space 364544K, 100% used [0x00000000d5580000,0x00000000eb980000,0x00000000eb980000)
  from space 33280K, 13% used [0x00000000eb980000,0x00000000ebdbd6b8,0x00000000eda00000)
  to   space 32256K, 0% used [0x00000000f1480000,0x00000000f1480000,0x00000000f3400000)
 ParOldGen       total 190464K, used 80424K [0x0000000080000000, 0x000000008ba00000, 0x00000000d5580000)
  object space 190464K, 42% used [0x0000000080000000,0x0000000084e8a318,0x000000008ba00000)
 Metaspace       used 77645K, capacity 81588K, committed 82008K, reserved 1120256K
  class space    used 10529K, capacity 11262K, committed 11392K, reserved 1048576K
Event: 46.464 GC heap after
Heap after GC invocations=22 (full 4):
 PSYoungGen      total 449536K, used 7989K [0x00000000d5580000, 0x00000000f2f00000, 0x0000000100000000)
  eden space 422400K, 0% used [0x00000000d5580000,0x00000000d5580000,0x00000000ef200000)
  from space 27136K, 29% used [0x00000000f1480000,0x00000000f1c4d6c8,0x00000000f2f00000)
  to   space 31232K, 0% used [0x00000000ef200000,0x00000000ef200000,0x00000000f1080000)
 ParOldGen       total 190464K, used 80424K [0x0000000080000000, 0x000000008ba00000, 0x00000000d5580000)
  object space 190464K, 42% used [0x0000000080000000,0x0000000084e8a318,0x000000008ba00000)
 Metaspace       used 77645K, capacity 81588K, committed 82008K, reserved 1120256K
  class space    used 10529K, capacity 11262K, committed 11392K, reserved 1048576K
}
Event: 49.125 GC heap before
{Heap before GC invocations=23 (full 4):
 PSYoungGen      total 449536K, used 430389K [0x00000000d5580000, 0x00000000f2f00000, 0x0000000100000000)
  eden space 422400K, 100% used [0x00000000d5580000,0x00000000ef200000,0x00000000ef200000)
  from space 27136K, 29% used [0x00000000f1480000,0x00000000f1c4d6c8,0x00000000f2f00000)
  to   space 31232K, 0% used [0x00000000ef200000,0x00000000ef200000,0x00000000f1080000)
 ParOldGen       total 190464K, used 80424K [0x0000000080000000, 0x000000008ba00000, 0x00000000d5580000)
  object space 190464K, 42% used [0x0000000080000000,0x0000000084e8a318,0x000000008ba00000)
 Metaspace       used 78856K, capacity 83166K, committed 83416K, reserved 1122304K
  class space    used 10696K, capacity 11467K, committed 11520K, reserved 1048576K
Event: 49.235 GC heap after
Heap after GC invocations=23 (full 4):
 PSYoungGen      total 453632K, used 22637K [0x00000000d5580000, 0x00000000f7c80000, 0x0000000100000000)
  eden space 422400K, 0% used [0x00000000d5580000,0x00000000d5580000,0x00000000ef200000)
  from space 31232K, 72% used [0x00000000ef200000,0x00000000f081b7f0,0x00000000f1080000)
  to   space 33280K, 0% used [0x00000000f5c00000,0x00000000f5c00000,0x00000000f7c80000)
 ParOldGen       total 190464K, used 80432K [0x0000000080000000, 0x000000008ba00000, 0x00000000d5580000)
  object space 190464K, 42% used [0x0000000080000000,0x0000000084e8c318,0x000000008ba00000)
 Metaspace       used 78856K, capacity 83166K, committed 83416K, reserved 1122304K
  class space    used 10696K, capacity 11467K, committed 11520K, reserved 1048576K
}
Event: 52.710 GC heap before
{Heap before GC invocations=24 (full 4):
 PSYoungGen      total 453632K, used 445037K [0x00000000d5580000, 0x00000000f7c80000, 0x0000000100000000)
  eden space 422400K, 100% used [0x00000000d5580000,0x00000000ef200000,0x00000000ef200000)
  from space 31232K, 72% used [0x00000000ef200000,0x00000000f081b7f0,0x00000000f1080000)
  to   space 33280K, 0% used [0x00000000f5c00000,0x00000000f5c00000,0x00000000f7c80000)
 ParOldGen       total 190464K, used 80432K [0x0000000080000000, 0x000000008ba00000, 0x00000000d5580000)
  object space 190464K, 42% used [0x0000000080000000,0x0000000084e8c318,0x000000008ba00000)
 Metaspace       used 78997K, capacity 83234K, committed 83416K, reserved 1122304K
  class space    used 10698K, capacity 11467K, committed 11520K, reserved 1048576K
Event: 52.862 GC heap after
Heap after GC invocations=24 (full 4):
 PSYoungGen      total 525824K, used 31907K [0x00000000d5580000, 0x00000000f8c80000, 0x0000000100000000)
  eden space 492544K, 0% used [0x00000000d5580000,0x00000000d5580000,0x00000000f3680000)
  from space 33280K, 95% used [0x00000000f5c00000,0x00000000f7b28ef8,0x00000000f7c80000)
  to   space 38400K, 0% used [0x00000000f3680000,0x00000000f3680000,0x00000000f5c00000)
 ParOldGen       total 190464K, used 80432K [0x0000000080000000, 0x000000008ba00000, 0x00000000d5580000)
  object space 190464K, 42% used [0x0000000080000000,0x0000000084e8c318,0x000000008ba00000)
 Metaspace       used 78997K, capacity 83234K, committed 83416K, reserved 1122304K
  class space    used 10698K, capacity 11467K, committed 11520K, reserved 1048576K
}

