# JRE version: OpenJDK Runtime Environment (8.0_242-b01) (build 1.8.0_242-release-1644-b01)
# Java VM: OpenJDK 64-Bit Server VM (25.242-b01 mixed mode windows-amd64 compressed oops)
Heap:
 PSYoungGen      total 420864K, used 92653K [0x00000000d5580000, 0x00000000f1480000, 0x0000000100000000)
  eden space 391168K, 23% used [0x00000000d5580000,0x00000000daffb6a0,0x00000000ed380000)
  from space 29696K, 0% used [0x00000000ef780000,0x00000000ef780000,0x00000000f1480000)
  to   space 33280K, 0% used [0x00000000ed380000,0x00000000ed380000,0x00000000ef400000)
 ParOldGen       total 181248K, used 76842K [0x0000000080000000, 0x000000008b100000, 0x00000000d5580000)
  object space 181248K, 42% used [0x0000000080000000,0x0000000084b0a920,0x000000008b100000)
 Metaspace       used 93148K, capacity 98204K, committed 98536K, reserved 1134592K
  class space    used 12181K, capacity 13115K, committed 13184K, reserved 1048576K
GC Heap History (10 events):
Event: 164.577 GC heap before
{Heap before GC invocations=18 (full 3):
 PSYoungGen      total 331264K, used 331238K [0x00000000d5580000, 0x00000000ebe00000, 0x0000000100000000)
  eden space 308736K, 100% used [0x00000000d5580000,0x00000000e8300000,0x00000000e8300000)
  from space 22528K, 99% used [0x00000000ea100000,0x00000000eb6f9b48,0x00000000eb700000)
  to   space 30208K, 0% used [0x00000000e8300000,0x00000000e8300000,0x00000000ea080000)
 ParOldGen       total 102400K, used 43241K [0x0000000080000000, 0x0000000086400000, 0x00000000d5580000)
  object space 102400K, 42% used [0x0000000080000000,0x0000000082a3a458,0x0000000086400000)
 Metaspace       used 90434K, capacity 94922K, committed 95192K, reserved 1132544K
  class space    used 12094K, capacity 12934K, committed 13056K, reserved 1048576K
Event: 164.759 GC heap after
Heap after GC invocations=18 (full 3):
 PSYoungGen      total 338944K, used 20301K [0x00000000d5580000, 0x00000000f0000000, 0x0000000100000000)
  eden space 308736K, 0% used [0x00000000d5580000,0x00000000d5580000,0x00000000e8300000)
  from space 30208K, 67% used [0x00000000e8300000,0x00000000e96d36d0,0x00000000ea080000)
  to   space 31232K, 0% used [0x00000000ee180000,0x00000000ee180000,0x00000000f0000000)
 ParOldGen       total 102400K, used 63596K [0x0000000080000000, 0x0000000086400000, 0x00000000d5580000)
  object space 102400K, 62% used [0x0000000080000000,0x0000000083e1b240,0x0000000086400000)
 Metaspace       used 90434K, capacity 94922K, committed 95192K, reserved 1132544K
  class space    used 12094K, capacity 12934K, committed 13056K, reserved 1048576K
}
Event: 233.712 GC heap before
{Heap before GC invocations=19 (full 3):
 PSYoungGen      total 338944K, used 329037K [0x00000000d5580000, 0x00000000f0000000, 0x0000000100000000)
  eden space 308736K, 100% used [0x00000000d5580000,0x00000000e8300000,0x00000000e8300000)
  from space 30208K, 67% used [0x00000000e8300000,0x00000000e96d36d0,0x00000000ea080000)
  to   space 31232K, 0% used [0x00000000ee180000,0x00000000ee180000,0x00000000f0000000)
 ParOldGen       total 102400K, used 63596K [0x0000000080000000, 0x0000000086400000, 0x00000000d5580000)
  object space 102400K, 62% used [0x0000000080000000,0x0000000083e1b240,0x0000000086400000)
 Metaspace       used 91559K, capacity 96216K, committed 96472K, reserved 1132544K
  class space    used 12116K, capacity 12997K, committed 13056K, reserved 1048576K
Event: 233.740 GC heap after
Heap after GC invocations=19 (full 3):
 PSYoungGen      total 382976K, used 17183K [0x00000000d5580000, 0x00000000ef500000, 0x0000000100000000)
  eden space 363008K, 0% used [0x00000000d5580000,0x00000000d5580000,0x00000000eb800000)
  from space 19968K, 86% used [0x00000000ee180000,0x00000000ef247c68,0x00000000ef500000)
  to   space 31232K, 0% used [0x00000000eb800000,0x00000000eb800000,0x00000000ed680000)
 ParOldGen       total 102400K, used 63612K [0x0000000080000000, 0x0000000086400000, 0x00000000d5580000)
  object space 102400K, 62% used [0x0000000080000000,0x0000000083e1f240,0x0000000086400000)
 Metaspace       used 91559K, capacity 96216K, committed 96472K, reserved 1132544K
  class space    used 12116K, capacity 12997K, committed 13056K, reserved 1048576K
}
Event: 366.512 GC heap before
{Heap before GC invocations=20 (full 3):
 PSYoungGen      total 382976K, used 380191K [0x00000000d5580000, 0x00000000ef500000, 0x0000000100000000)
  eden space 363008K, 100% used [0x00000000d5580000,0x00000000eb800000,0x00000000eb800000)
  from space 19968K, 86% used [0x00000000ee180000,0x00000000ef247c68,0x00000000ef500000)
  to   space 31232K, 0% used [0x00000000eb800000,0x00000000eb800000,0x00000000ed680000)
 ParOldGen       total 102400K, used 63612K [0x0000000080000000, 0x0000000086400000, 0x00000000d5580000)
  object space 102400K, 62% used [0x0000000080000000,0x0000000083e1f240,0x0000000086400000)
 Metaspace       used 92509K, capacity 97448K, committed 97624K, reserved 1134592K
  class space    used 12155K, capacity 13067K, committed 13184K, reserved 1048576K
Event: 366.558 GC heap after
Heap after GC invocations=20 (full 3):
 PSYoungGen      total 394240K, used 15570K [0x00000000d5580000, 0x00000000f1500000, 0x0000000100000000)
  eden space 363008K, 0% used [0x00000000d5580000,0x00000000d5580000,0x00000000eb800000)
  from space 31232K, 49% used [0x00000000eb800000,0x00000000ec734a80,0x00000000ed680000)
  to   space 30208K, 0% used [0x00000000ef780000,0x00000000ef780000,0x00000000f1500000)
 ParOldGen       total 102400K, used 63620K [0x0000000080000000, 0x0000000086400000, 0x00000000d5580000)
  object space 102400K, 62% used [0x0000000080000000,0x0000000083e21240,0x0000000086400000)
 Metaspace       used 92509K, capacity 97448K, committed 97624K, reserved 1134592K
  class space    used 12155K, capacity 13067K, committed 13184K, reserved 1048576K
}
Event: 475.981 GC heap before
{Heap before GC invocations=21 (full 3):
 PSYoungGen      total 394240K, used 349917K [0x00000000d5580000, 0x00000000f1500000, 0x0000000100000000)
  eden space 363008K, 92% used [0x00000000d5580000,0x00000000e9c02cc8,0x00000000eb800000)
  from space 31232K, 49% used [0x00000000eb800000,0x00000000ec734a80,0x00000000ed680000)
  to   space 30208K, 0% used [0x00000000ef780000,0x00000000ef780000,0x00000000f1500000)
 ParOldGen       total 102400K, used 63620K [0x0000000080000000, 0x0000000086400000, 0x00000000d5580000)
  object space 102400K, 62% used [0x0000000080000000,0x0000000083e21240,0x0000000086400000)
 Metaspace       used 93089K, capacity 98170K, committed 98280K, reserved 1134592K
  class space    used 12190K, capacity 13130K, committed 13184K, reserved 1048576K
Event: 476.047 GC heap after
Heap after GC invocations=21 (full 3):
 PSYoungGen      total 420864K, used 25920K [0x00000000d5580000, 0x00000000f1480000, 0x0000000100000000)
  eden space 391168K, 0% used [0x00000000d5580000,0x00000000d5580000,0x00000000ed380000)
  from space 29696K, 87% used [0x00000000ef780000,0x00000000f10d0030,0x00000000f1480000)
  to   space 33280K, 0% used [0x00000000ed380000,0x00000000ed380000,0x00000000ef400000)
 ParOldGen       total 102400K, used 63628K [0x0000000080000000, 0x0000000086400000, 0x00000000d5580000)
  object space 102400K, 62% used [0x0000000080000000,0x0000000083e23240,0x0000000086400000)
 Metaspace       used 93089K, capacity 98170K, committed 98280K, reserved 1134592K
  class space    used 12190K, capacity 13130K, committed 13184K, reserved 1048576K
}
Event: 476.047 GC heap before
{Heap before GC invocations=22 (full 4):
 PSYoungGen      total 420864K, used 25920K [0x00000000d5580000, 0x00000000f1480000, 0x0000000100000000)
  eden space 391168K, 0% used [0x00000000d5580000,0x00000000d5580000,0x00000000ed380000)
  from space 29696K, 87% used [0x00000000ef780000,0x00000000f10d0030,0x00000000f1480000)
  to   space 33280K, 0% used [0x00000000ed380000,0x00000000ed380000,0x00000000ef400000)
 ParOldGen       total 102400K, used 63628K [0x0000000080000000, 0x0000000086400000, 0x00000000d5580000)
  object space 102400K, 62% used [0x0000000080000000,0x0000000083e23240,0x0000000086400000)
 Metaspace       used 93089K, capacity 98170K, committed 98280K, reserved 1134592K
  class space    used 12190K, capacity 13130K, committed 13184K, reserved 1048576K
Event: 476.619 GC heap after
Heap after GC invocations=22 (full 4):
 PSYoungGen      total 420864K, used 0K [0x00000000d5580000, 0x00000000f1480000, 0x0000000100000000)
  eden space 391168K, 0% used [0x00000000d5580000,0x00000000d5580000,0x00000000ed380000)
  from space 29696K, 0% used [0x00000000ef780000,0x00000000ef780000,0x00000000f1480000)
  to   space 33280K, 0% used [0x00000000ed380000,0x00000000ed380000,0x00000000ef400000)
 ParOldGen       total 181248K, used 76842K [0x0000000080000000, 0x000000008b100000, 0x00000000d5580000)
  object space 181248K, 42% used [0x0000000080000000,0x0000000084b0a920,0x000000008b100000)
 Metaspace       used 93017K, capacity 97966K, committed 98280K, reserved 1134592K
  class space    used 12166K, capacity 13088K, committed 13184K, reserved 1048576K
}

