# JRE version: OpenJDK Runtime Environment (8.0_242-b01) (build 1.8.0_242-release-1644-b01)
# Java VM: OpenJDK 64-Bit Server VM (25.242-b01 mixed mode windows-amd64 compressed oops)
Heap:
 PSYoungGen      total 483840K, used 156842K [0x00000000d5580000, 0x00000000fb600000, 0x0000000100000000)
  eden space 430080K, 30% used [0x00000000d5580000,0x00000000dd53c140,0x00000000ef980000)
  from space 53760K, 48% used [0x00000000f4380000,0x00000000f5cee8b8,0x00000000f7800000)
  to   space 75776K, 0% used [0x00000000ef980000,0x00000000ef980000,0x00000000f4380000)
 ParOldGen       total 107008K, used 106545K [0x0000000080000000, 0x0000000086880000, 0x00000000d5580000)
  object space 107008K, 99% used [0x0000000080000000,0x000000008680c7e8,0x0000000086880000)
 Metaspace       used 93322K, capacity 98373K, committed 98520K, reserved 1134592K
  class space    used 12113K, capacity 13022K, committed 13056K, reserved 1048576K
GC Heap History (10 events):
Event: 58.616 GC heap before
{Heap before GC invocations=18 (full 5):
 PSYoungGen      total 362496K, used 333312K [0x00000000d5580000, 0x00000000f3180000, 0x0000000100000000)
  eden space 333312K, 100% used [0x00000000d5580000,0x00000000e9b00000,0x00000000e9b00000)
  from space 29184K, 0% used [0x00000000f1500000,0x00000000f1500000,0x00000000f3180000)
  to   space 24576K, 0% used [0x00000000e9b00000,0x00000000e9b00000,0x00000000eb300000)
 ParOldGen       total 107008K, used 57409K [0x0000000080000000, 0x0000000086880000, 0x00000000d5580000)
  object space 107008K, 53% used [0x0000000080000000,0x0000000083810778,0x0000000086880000)
 Metaspace       used 84179K, capacity 88429K, committed 88536K, reserved 1126400K
  class space    used 11165K, capacity 11963K, committed 12032K, reserved 1048576K
Event: 58.636 GC heap after
Heap after GC invocations=18 (full 5):
 PSYoungGen      total 357888K, used 9077K [0x00000000d5580000, 0x00000000f3180000, 0x0000000100000000)
  eden space 333312K, 0% used [0x00000000d5580000,0x00000000d5580000,0x00000000e9b00000)
  from space 24576K, 36% used [0x00000000e9b00000,0x00000000ea3dd630,0x00000000eb300000)
  to   space 29184K, 0% used [0x00000000f1500000,0x00000000f1500000,0x00000000f3180000)
 ParOldGen       total 107008K, used 57417K [0x0000000080000000, 0x0000000086880000, 0x00000000d5580000)
  object space 107008K, 53% used [0x0000000080000000,0x0000000083812778,0x0000000086880000)
 Metaspace       used 84179K, capacity 88429K, committed 88536K, reserved 1126400K
  class space    used 11165K, capacity 11963K, committed 12032K, reserved 1048576K
}
Event: 272.418 GC heap before
{Heap before GC invocations=19 (full 5):
 PSYoungGen      total 357888K, used 342389K [0x00000000d5580000, 0x00000000f3180000, 0x0000000100000000)
  eden space 333312K, 100% used [0x00000000d5580000,0x00000000e9b00000,0x00000000e9b00000)
  from space 24576K, 36% used [0x00000000e9b00000,0x00000000ea3dd630,0x00000000eb300000)
  to   space 29184K, 0% used [0x00000000f1500000,0x00000000f1500000,0x00000000f3180000)
 ParOldGen       total 107008K, used 57417K [0x0000000080000000, 0x0000000086880000, 0x00000000d5580000)
  object space 107008K, 53% used [0x0000000080000000,0x0000000083812778,0x0000000086880000)
 Metaspace       used 85019K, capacity 89549K, committed 89688K, reserved 1126400K
  class space    used 11208K, capacity 12039K, committed 12160K, reserved 1048576K
Event: 272.434 GC heap after
Heap after GC invocations=19 (full 5):
 PSYoungGen      total 422912K, used 5360K [0x00000000d5580000, 0x00000000f4200000, 0x0000000100000000)
  eden space 393728K, 0% used [0x00000000d5580000,0x00000000d5580000,0x00000000ed600000)
  from space 29184K, 18% used [0x00000000f1500000,0x00000000f1a3c020,0x00000000f3180000)
  to   space 55296K, 0% used [0x00000000ed600000,0x00000000ed600000,0x00000000f0c00000)
 ParOldGen       total 107008K, used 57425K [0x0000000080000000, 0x0000000086880000, 0x00000000d5580000)
  object space 107008K, 53% used [0x0000000080000000,0x0000000083814778,0x0000000086880000)
 Metaspace       used 85019K, capacity 89549K, committed 89688K, reserved 1126400K
  class space    used 11208K, capacity 12039K, committed 12160K, reserved 1048576K
}
Event: 511.185 GC heap before
{Heap before GC invocations=20 (full 5):
 PSYoungGen      total 422912K, used 399088K [0x00000000d5580000, 0x00000000f4200000, 0x0000000100000000)
  eden space 393728K, 100% used [0x00000000d5580000,0x00000000ed600000,0x00000000ed600000)
  from space 29184K, 18% used [0x00000000f1500000,0x00000000f1a3c020,0x00000000f3180000)
  to   space 55296K, 0% used [0x00000000ed600000,0x00000000ed600000,0x00000000f0c00000)
 ParOldGen       total 107008K, used 57425K [0x0000000080000000, 0x0000000086880000, 0x00000000d5580000)
  object space 107008K, 53% used [0x0000000080000000,0x0000000083814778,0x0000000086880000)
 Metaspace       used 92645K, capacity 97593K, committed 97752K, reserved 1134592K
  class space    used 12091K, capacity 12998K, committed 13056K, reserved 1048576K
Event: 511.238 GC heap after
Heap after GC invocations=20 (full 5):
 PSYoungGen      total 449024K, used 23815K [0x00000000d5580000, 0x00000000f7800000, 0x0000000100000000)
  eden space 393728K, 0% used [0x00000000d5580000,0x00000000d5580000,0x00000000ed600000)
  from space 55296K, 43% used [0x00000000ed600000,0x00000000eed41d88,0x00000000f0c00000)
  to   space 53760K, 0% used [0x00000000f4380000,0x00000000f4380000,0x00000000f7800000)
 ParOldGen       total 107008K, used 57433K [0x0000000080000000, 0x0000000086880000, 0x00000000d5580000)
  object space 107008K, 53% used [0x0000000080000000,0x0000000083816778,0x0000000086880000)
 Metaspace       used 92645K, capacity 97593K, committed 97752K, reserved 1134592K
  class space    used 12091K, capacity 12998K, committed 13056K, reserved 1048576K
}
Event: 515.976 GC heap before
{Heap before GC invocations=21 (full 5):
 PSYoungGen      total 449024K, used 417504K [0x00000000d5580000, 0x00000000f7800000, 0x0000000100000000)
  eden space 393728K, 99% used [0x00000000d5580000,0x00000000ed5f6440,0x00000000ed600000)
  from space 55296K, 43% used [0x00000000ed600000,0x00000000eed41d88,0x00000000f0c00000)
  to   space 53760K, 0% used [0x00000000f4380000,0x00000000f4380000,0x00000000f7800000)
 ParOldGen       total 107008K, used 57433K [0x0000000080000000, 0x0000000086880000, 0x00000000d5580000)
  object space 107008K, 53% used [0x0000000080000000,0x0000000083816778,0x0000000086880000)
 Metaspace       used 93294K, capacity 98375K, committed 98520K, reserved 1134592K
  class space    used 12114K, capacity 13025K, committed 13056K, reserved 1048576K
Event: 516.175 GC heap after
Heap after GC invocations=21 (full 5):
 PSYoungGen      total 483840K, used 53755K [0x00000000d5580000, 0x00000000fb600000, 0x0000000100000000)
  eden space 430080K, 0% used [0x00000000d5580000,0x00000000d5580000,0x00000000ef980000)
  from space 53760K, 99% used [0x00000000f4380000,0x00000000f77feed8,0x00000000f7800000)
  to   space 75776K, 0% used [0x00000000ef980000,0x00000000ef980000,0x00000000f4380000)
 ParOldGen       total 107008K, used 90766K [0x0000000080000000, 0x0000000086880000, 0x00000000d5580000)
  object space 107008K, 84% used [0x0000000080000000,0x00000000858a38b0,0x0000000086880000)
 Metaspace       used 93294K, capacity 98375K, committed 98520K, reserved 1134592K
  class space    used 12114K, capacity 13025K, committed 13056K, reserved 1048576K
}
Event: 516.175 GC heap before
{Heap before GC invocations=22 (full 6):
 PSYoungGen      total 483840K, used 53755K [0x00000000d5580000, 0x00000000fb600000, 0x0000000100000000)
  eden space 430080K, 0% used [0x00000000d5580000,0x00000000d5580000,0x00000000ef980000)
  from space 53760K, 99% used [0x00000000f4380000,0x00000000f77feed8,0x00000000f7800000)
  to   space 75776K, 0% used [0x00000000ef980000,0x00000000ef980000,0x00000000f4380000)
 ParOldGen       total 107008K, used 90766K [0x0000000080000000, 0x0000000086880000, 0x00000000d5580000)
  object space 107008K, 84% used [0x0000000080000000,0x00000000858a38b0,0x0000000086880000)
 Metaspace       used 93294K, capacity 98375K, committed 98520K, reserved 1134592K
  class space    used 12114K, capacity 13025K, committed 13056K, reserved 1048576K
Event: 517.624 GC heap after
Heap after GC invocations=22 (full 6):
 PSYoungGen      total 483840K, used 26042K [0x00000000d5580000, 0x00000000fb600000, 0x0000000100000000)
  eden space 430080K, 0% used [0x00000000d5580000,0x00000000d5580000,0x00000000ef980000)
  from space 53760K, 48% used [0x00000000f4380000,0x00000000f5cee8b8,0x00000000f7800000)
  to   space 75776K, 0% used [0x00000000ef980000,0x00000000ef980000,0x00000000f4380000)
 ParOldGen       total 107008K, used 106545K [0x0000000080000000, 0x0000000086880000, 0x00000000d5580000)
  object space 107008K, 99% used [0x0000000080000000,0x000000008680c7e8,0x0000000086880000)
 Metaspace       used 93280K, capacity 98333K, committed 98520K, reserved 1134592K
  class space    used 12109K, capacity 13016K, committed 13056K, reserved 1048576K
}

