# JRE version: OpenJDK Runtime Environment (8.0_242-b01) (build 1.8.0_242-release-1644-b01)
# Java VM: OpenJDK 64-Bit Server VM (25.242-b01 mixed mode windows-amd64 compressed oops)
Heap:
 PSYoungGen      total 337920K, used 81573K [0x00000000d5580000, 0x00000000ec280000, 0x0000000100000000)
  eden space 314368K, 18% used [0x00000000d5580000,0x00000000d8f958c8,0x00000000e8880000)
  from space 23552K, 93% used [0x00000000eab80000,0x00000000ec113ea8,0x00000000ec280000)
  to   space 29696K, 0% used [0x00000000e8880000,0x00000000e8880000,0x00000000ea580000)
 ParOldGen       total 112128K, used 45543K [0x0000000080000000, 0x0000000086d80000, 0x00000000d5580000)
  object space 112128K, 40% used [0x0000000080000000,0x0000000082c79fd8,0x0000000086d80000)
 Metaspace       used 81607K, capacity 85392K, committed 85784K, reserved 1124352K
  class space    used 10732K, capacity 11454K, committed 11568K, reserved 1048576K
GC Heap History (10 events):
Event: 16.821 GC heap before
{Heap before GC invocations=15 (full 3):
 PSYoungGen      total 228352K, used 1601K [0x00000000d5580000, 0x00000000e6380000, 0x0000000100000000)
  eden space 208384K, 0% used [0x00000000d5580000,0x00000000d5580000,0x00000000e2100000)
  from space 19968K, 8% used [0x00000000e3480000,0x00000000e36106c0,0x00000000e4800000)
  to   space 19968K, 0% used [0x00000000e2100000,0x00000000e2100000,0x00000000e3480000)
 ParOldGen       total 76288K, used 42093K [0x0000000080000000, 0x0000000084a80000, 0x00000000d5580000)
  object space 76288K, 55% used [0x0000000080000000,0x000000008291b598,0x0000000084a80000)
 Metaspace       used 56663K, capacity 58896K, committed 59160K, reserved 1099776K
  class space    used 7536K, capacity 7956K, committed 7984K, reserved 1048576K
Event: 17.042 GC heap after
Heap after GC invocations=15 (full 3):
 PSYoungGen      total 228352K, used 0K [0x00000000d5580000, 0x00000000e6380000, 0x0000000100000000)
  eden space 208384K, 0% used [0x00000000d5580000,0x00000000d5580000,0x00000000e2100000)
  from space 19968K, 0% used [0x00000000e3480000,0x00000000e3480000,0x00000000e4800000)
  to   space 19968K, 0% used [0x00000000e2100000,0x00000000e2100000,0x00000000e3480000)
 ParOldGen       total 112128K, used 29679K [0x0000000080000000, 0x0000000086d80000, 0x00000000d5580000)
  object space 112128K, 26% used [0x0000000080000000,0x0000000081cfbdd8,0x0000000086d80000)
 Metaspace       used 56609K, capacity 58736K, committed 59160K, reserved 1099776K
  class space    used 7519K, capacity 7934K, committed 7984K, reserved 1048576K
}
Event: 30.217 GC heap before
{Heap before GC invocations=16 (full 3):
 PSYoungGen      total 228352K, used 208384K [0x00000000d5580000, 0x00000000e6380000, 0x0000000100000000)
  eden space 208384K, 100% used [0x00000000d5580000,0x00000000e2100000,0x00000000e2100000)
  from space 19968K, 0% used [0x00000000e3480000,0x00000000e3480000,0x00000000e4800000)
  to   space 19968K, 0% used [0x00000000e2100000,0x00000000e2100000,0x00000000e3480000)
 ParOldGen       total 112128K, used 29679K [0x0000000080000000, 0x0000000086d80000, 0x00000000d5580000)
  object space 112128K, 26% used [0x0000000080000000,0x0000000081cfbdd8,0x0000000086d80000)
 Metaspace       used 70736K, capacity 73636K, committed 74008K, reserved 1114112K
  class space    used 9621K, capacity 10168K, committed 10288K, reserved 1048576K
Event: 30.432 GC heap after
Heap after GC invocations=16 (full 3):
 PSYoungGen      total 228352K, used 19967K [0x00000000d5580000, 0x00000000e8c80000, 0x0000000100000000)
  eden space 208384K, 0% used [0x00000000d5580000,0x00000000d5580000,0x00000000e2100000)
  from space 19968K, 99% used [0x00000000e2100000,0x00000000e347ff80,0x00000000e3480000)
  to   space 24064K, 0% used [0x00000000e7500000,0x00000000e7500000,0x00000000e8c80000)
 ParOldGen       total 112128K, used 32245K [0x0000000080000000, 0x0000000086d80000, 0x00000000d5580000)
  object space 112128K, 28% used [0x0000000080000000,0x0000000081f7d748,0x0000000086d80000)
 Metaspace       used 70736K, capacity 73636K, committed 74008K, reserved 1114112K
  class space    used 9621K, capacity 10168K, committed 10288K, reserved 1048576K
}
Event: 50.670 GC heap before
{Heap before GC invocations=17 (full 3):
 PSYoungGen      total 228352K, used 228148K [0x00000000d5580000, 0x00000000e8c80000, 0x0000000100000000)
  eden space 208384K, 99% used [0x00000000d5580000,0x00000000e20cd230,0x00000000e2100000)
  from space 19968K, 99% used [0x00000000e2100000,0x00000000e347ff80,0x00000000e3480000)
  to   space 24064K, 0% used [0x00000000e7500000,0x00000000e7500000,0x00000000e8c80000)
 ParOldGen       total 112128K, used 32245K [0x0000000080000000, 0x0000000086d80000, 0x00000000d5580000)
  object space 112128K, 28% used [0x0000000080000000,0x0000000081f7d748,0x0000000086d80000)
 Metaspace       used 73906K, capacity 77088K, committed 77336K, reserved 1116160K
  class space    used 9869K, capacity 10466K, committed 10544K, reserved 1048576K
Event: 50.780 GC heap after
Heap after GC invocations=17 (full 3):
 PSYoungGen      total 285184K, used 19821K [0x00000000d5580000, 0x00000000e8a80000, 0x0000000100000000)
  eden space 263168K, 0% used [0x00000000d5580000,0x00000000d5580000,0x00000000e5680000)
  from space 22016K, 90% used [0x00000000e7500000,0x00000000e885b690,0x00000000e8a80000)
  to   space 26624K, 0% used [0x00000000e5680000,0x00000000e5680000,0x00000000e7080000)
 ParOldGen       total 112128K, used 45527K [0x0000000080000000, 0x0000000086d80000, 0x00000000d5580000)
  object space 112128K, 40% used [0x0000000080000000,0x0000000082c75fd8,0x0000000086d80000)
 Metaspace       used 73906K, capacity 77088K, committed 77336K, reserved 1116160K
  class space    used 9869K, capacity 10466K, committed 10544K, reserved 1048576K
}
Event: 68.233 GC heap before
{Heap before GC invocations=18 (full 3):
 PSYoungGen      total 285184K, used 282989K [0x00000000d5580000, 0x00000000e8a80000, 0x0000000100000000)
  eden space 263168K, 100% used [0x00000000d5580000,0x00000000e5680000,0x00000000e5680000)
  from space 22016K, 90% used [0x00000000e7500000,0x00000000e885b690,0x00000000e8a80000)
  to   space 26624K, 0% used [0x00000000e5680000,0x00000000e5680000,0x00000000e7080000)
 ParOldGen       total 112128K, used 45527K [0x0000000080000000, 0x0000000086d80000, 0x00000000d5580000)
  object space 112128K, 40% used [0x0000000080000000,0x0000000082c75fd8,0x0000000086d80000)
 Metaspace       used 79640K, capacity 83070K, committed 83224K, reserved 1122304K
  class space    used 10539K, capacity 11187K, committed 11312K, reserved 1048576K
Event: 68.272 GC heap after
Heap after GC invocations=18 (full 3):
 PSYoungGen      total 289792K, used 17371K [0x00000000d5580000, 0x00000000ec680000, 0x0000000100000000)
  eden space 263168K, 0% used [0x00000000d5580000,0x00000000d5580000,0x00000000e5680000)
  from space 26624K, 65% used [0x00000000e5680000,0x00000000e6776ed8,0x00000000e7080000)
  to   space 27648K, 0% used [0x00000000eab80000,0x00000000eab80000,0x00000000ec680000)
 ParOldGen       total 112128K, used 45535K [0x0000000080000000, 0x0000000086d80000, 0x00000000d5580000)
  object space 112128K, 40% used [0x0000000080000000,0x0000000082c77fd8,0x0000000086d80000)
 Metaspace       used 79640K, capacity 83070K, committed 83224K, reserved 1122304K
  class space    used 10539K, capacity 11187K, committed 11312K, reserved 1048576K
}
Event: 83.442 GC heap before
{Heap before GC invocations=19 (full 3):
 PSYoungGen      total 289792K, used 280539K [0x00000000d5580000, 0x00000000ec680000, 0x0000000100000000)
  eden space 263168K, 100% used [0x00000000d5580000,0x00000000e5680000,0x00000000e5680000)
  from space 26624K, 65% used [0x00000000e5680000,0x00000000e6776ed8,0x00000000e7080000)
  to   space 27648K, 0% used [0x00000000eab80000,0x00000000eab80000,0x00000000ec680000)
 ParOldGen       total 112128K, used 45535K [0x0000000080000000, 0x0000000086d80000, 0x00000000d5580000)
  object space 112128K, 40% used [0x0000000080000000,0x0000000082c77fd8,0x0000000086d80000)
 Metaspace       used 81444K, capacity 85110K, committed 85272K, reserved 1122304K
  class space    used 10721K, capacity 11449K, committed 11568K, reserved 1048576K
Event: 83.492 GC heap after
Heap after GC invocations=19 (full 3):
 PSYoungGen      total 337920K, used 22095K [0x00000000d5580000, 0x00000000ec280000, 0x0000000100000000)
  eden space 314368K, 0% used [0x00000000d5580000,0x00000000d5580000,0x00000000e8880000)
  from space 23552K, 93% used [0x00000000eab80000,0x00000000ec113ea8,0x00000000ec280000)
  to   space 29696K, 0% used [0x00000000e8880000,0x00000000e8880000,0x00000000ea580000)
 ParOldGen       total 112128K, used 45543K [0x0000000080000000, 0x0000000086d80000, 0x00000000d5580000)
  object space 112128K, 40% used [0x0000000080000000,0x0000000082c79fd8,0x0000000086d80000)
 Metaspace       used 81444K, capacity 85110K, committed 85272K, reserved 1122304K
  class space    used 10721K, capacity 11449K, committed 11568K, reserved 1048576K
}

