# JRE version: OpenJDK Runtime Environment (8.0_242-b01) (build 1.8.0_242-release-1644-b01)
# Java VM: OpenJDK 64-Bit Server VM (25.242-b01 mixed mode windows-amd64 compressed oops)
Heap:
 PSYoungGen      total 320000K, used 225608K [0x00000000d5580000, 0x00000000ebe80000, 0x0000000100000000)
  eden space 270336K, 65% used [0x00000000d5580000,0x00000000e0155fa8,0x00000000e5d80000)
  from space 49664K, 99% used [0x00000000e5d80000,0x00000000e8dfc0c8,0x00000000e8e00000)
  to   space 40448K, 0% used [0x00000000e9700000,0x00000000e9700000,0x00000000ebe80000)
 ParOldGen       total 233472K, used 162399K [0x0000000080000000, 0x000000008e400000, 0x00000000d5580000)
  object space 233472K, 69% used [0x0000000080000000,0x0000000089e97f48,0x000000008e400000)
 Metaspace       used 87170K, capacity 91268K, committed 91480K, reserved 1128448K
  class space    used 11574K, capacity 12365K, committed 12416K, reserved 1048576K
GC Heap History (10 events):
Event: 38.154 GC heap before
{Heap before GC invocations=21 (full 3):
 PSYoungGen      total 247296K, used 247290K [0x00000000d5580000, 0x00000000e8f80000, 0x0000000100000000)
  eden space 227840K, 100% used [0x00000000d5580000,0x00000000e3400000,0x00000000e3400000)
  from space 19456K, 99% used [0x00000000e3400000,0x00000000e46fe9d8,0x00000000e4700000)
  to   space 27136K, 0% used [0x00000000e7500000,0x00000000e7500000,0x00000000e8f80000)
 ParOldGen       total 101888K, used 58835K [0x0000000080000000, 0x0000000086380000, 0x00000000d5580000)
  object space 101888K, 57% used [0x0000000080000000,0x0000000083974f98,0x0000000086380000)
 Metaspace       used 77117K, capacity 81016K, committed 81240K, reserved 1120256K
  class space    used 10617K, capacity 11360K, committed 11392K, reserved 1048576K
Event: 38.319 GC heap after
Heap after GC invocations=21 (full 3):
 PSYoungGen      total 267264K, used 27120K [0x00000000d5580000, 0x00000000ec580000, 0x0000000100000000)
  eden space 240128K, 0% used [0x00000000d5580000,0x00000000d5580000,0x00000000e4000000)
  from space 27136K, 99% used [0x00000000e7500000,0x00000000e8f7c198,0x00000000e8f80000)
  to   space 54272K, 0% used [0x00000000e4000000,0x00000000e4000000,0x00000000e7500000)
 ParOldGen       total 120832K, used 120728K [0x0000000080000000, 0x0000000087600000, 0x00000000d5580000)
  object space 120832K, 99% used [0x0000000080000000,0x00000000875e6188,0x0000000087600000)
 Metaspace       used 77117K, capacity 81016K, committed 81240K, reserved 1120256K
  class space    used 10617K, capacity 11360K, committed 11392K, reserved 1048576K
}
Event: 38.319 GC heap before
{Heap before GC invocations=22 (full 4):
 PSYoungGen      total 267264K, used 27120K [0x00000000d5580000, 0x00000000ec580000, 0x0000000100000000)
  eden space 240128K, 0% used [0x00000000d5580000,0x00000000d5580000,0x00000000e4000000)
  from space 27136K, 99% used [0x00000000e7500000,0x00000000e8f7c198,0x00000000e8f80000)
  to   space 54272K, 0% used [0x00000000e4000000,0x00000000e4000000,0x00000000e7500000)
 ParOldGen       total 120832K, used 120728K [0x0000000080000000, 0x0000000087600000, 0x00000000d5580000)
  object space 120832K, 99% used [0x0000000080000000,0x00000000875e6188,0x0000000087600000)
 Metaspace       used 77117K, capacity 81016K, committed 81240K, reserved 1120256K
  class space    used 10617K, capacity 11360K, committed 11392K, reserved 1048576K
Event: 39.681 GC heap after
Heap after GC invocations=22 (full 4):
 PSYoungGen      total 267264K, used 13335K [0x00000000d5580000, 0x00000000ec580000, 0x0000000100000000)
  eden space 240128K, 0% used [0x00000000d5580000,0x00000000d5580000,0x00000000e4000000)
  from space 27136K, 49% used [0x00000000e7500000,0x00000000e8205cc8,0x00000000e8f80000)
  to   space 54272K, 0% used [0x00000000e4000000,0x00000000e4000000,0x00000000e7500000)
 ParOldGen       total 233472K, used 120441K [0x0000000080000000, 0x000000008e400000, 0x00000000d5580000)
  object space 233472K, 51% used [0x0000000080000000,0x000000008759e418,0x000000008e400000)
 Metaspace       used 77012K, capacity 80706K, committed 81240K, reserved 1120256K
  class space    used 10582K, capacity 11299K, committed 11392K, reserved 1048576K
}
Event: 44.066 GC heap before
{Heap before GC invocations=23 (full 4):
 PSYoungGen      total 267264K, used 253463K [0x00000000d5580000, 0x00000000ec580000, 0x0000000100000000)
  eden space 240128K, 100% used [0x00000000d5580000,0x00000000e4000000,0x00000000e4000000)
  from space 27136K, 49% used [0x00000000e7500000,0x00000000e8205cc8,0x00000000e8f80000)
  to   space 54272K, 0% used [0x00000000e4000000,0x00000000e4000000,0x00000000e7500000)
 ParOldGen       total 233472K, used 120441K [0x0000000080000000, 0x000000008e400000, 0x00000000d5580000)
  object space 233472K, 51% used [0x0000000080000000,0x000000008759e418,0x000000008e400000)
 Metaspace       used 84818K, capacity 88846K, committed 89048K, reserved 1126400K
  class space    used 11445K, capacity 12240K, committed 12288K, reserved 1048576K
Event: 44.193 GC heap after
Heap after GC invocations=23 (full 4):
 PSYoungGen      total 294400K, used 10581K [0x00000000d5580000, 0x00000000eca00000, 0x0000000100000000)
  eden space 240128K, 0% used [0x00000000d5580000,0x00000000d5580000,0x00000000e4000000)
  from space 54272K, 19% used [0x00000000e4000000,0x00000000e4a55468,0x00000000e7500000)
  to   space 52224K, 0% used [0x00000000e9700000,0x00000000e9700000,0x00000000eca00000)
 ParOldGen       total 233472K, used 133865K [0x0000000080000000, 0x000000008e400000, 0x00000000d5580000)
  object space 233472K, 57% used [0x0000000080000000,0x00000000882ba438,0x000000008e400000)
 Metaspace       used 84818K, capacity 88846K, committed 89048K, reserved 1126400K
  class space    used 11445K, capacity 12240K, committed 12288K, reserved 1048576K
}
Event: 9974.534 GC heap before
{Heap before GC invocations=24 (full 4):
 PSYoungGen      total 294400K, used 250709K [0x00000000d5580000, 0x00000000eca00000, 0x0000000100000000)
  eden space 240128K, 100% used [0x00000000d5580000,0x00000000e4000000,0x00000000e4000000)
  from space 54272K, 19% used [0x00000000e4000000,0x00000000e4a55468,0x00000000e7500000)
  to   space 52224K, 0% used [0x00000000e9700000,0x00000000e9700000,0x00000000eca00000)
 ParOldGen       total 233472K, used 133865K [0x0000000080000000, 0x000000008e400000, 0x00000000d5580000)
  object space 233472K, 57% used [0x0000000080000000,0x00000000882ba438,0x000000008e400000)
 Metaspace       used 86868K, capacity 90938K, committed 91224K, reserved 1128448K
  class space    used 11560K, capacity 12342K, committed 12416K, reserved 1048576K
Event: 9974.684 GC heap after
Heap after GC invocations=24 (full 4):
 PSYoungGen      total 310784K, used 14987K [0x00000000d5580000, 0x00000000ebe80000, 0x0000000100000000)
  eden space 270336K, 0% used [0x00000000d5580000,0x00000000d5580000,0x00000000e5d80000)
  from space 40448K, 37% used [0x00000000e9700000,0x00000000ea5a2d78,0x00000000ebe80000)
  to   space 49664K, 0% used [0x00000000e5d80000,0x00000000e5d80000,0x00000000e8e00000)
 ParOldGen       total 233472K, used 133873K [0x0000000080000000, 0x000000008e400000, 0x00000000d5580000)
  object space 233472K, 57% used [0x0000000080000000,0x00000000882bc438,0x000000008e400000)
 Metaspace       used 86868K, capacity 90938K, committed 91224K, reserved 1128448K
  class space    used 11560K, capacity 12342K, committed 12416K, reserved 1048576K
}
Event: 9977.492 GC heap before
{Heap before GC invocations=25 (full 4):
 PSYoungGen      total 310784K, used 285323K [0x00000000d5580000, 0x00000000ebe80000, 0x0000000100000000)
  eden space 270336K, 100% used [0x00000000d5580000,0x00000000e5d80000,0x00000000e5d80000)
  from space 40448K, 37% used [0x00000000e9700000,0x00000000ea5a2d78,0x00000000ebe80000)
  to   space 49664K, 0% used [0x00000000e5d80000,0x00000000e5d80000,0x00000000e8e00000)
 ParOldGen       total 233472K, used 133873K [0x0000000080000000, 0x000000008e400000, 0x00000000d5580000)
  object space 233472K, 57% used [0x0000000080000000,0x00000000882bc438,0x000000008e400000)
 Metaspace       used 87153K, capacity 91268K, committed 91480K, reserved 1128448K
  class space    used 11574K, capacity 12365K, committed 12416K, reserved 1048576K
Event: 9977.780 GC heap after
Heap after GC invocations=25 (full 4):
 PSYoungGen      total 320000K, used 49648K [0x00000000d5580000, 0x00000000ebe80000, 0x0000000100000000)
  eden space 270336K, 0% used [0x00000000d5580000,0x00000000d5580000,0x00000000e5d80000)
  from space 49664K, 99% used [0x00000000e5d80000,0x00000000e8dfc0c8,0x00000000e8e00000)
  to   space 40448K, 0% used [0x00000000e9700000,0x00000000e9700000,0x00000000ebe80000)
 ParOldGen       total 233472K, used 162399K [0x0000000080000000, 0x000000008e400000, 0x00000000d5580000)
  object space 233472K, 69% used [0x0000000080000000,0x0000000089e97f48,0x000000008e400000)
 Metaspace       used 87153K, capacity 91268K, committed 91480K, reserved 1128448K
  class space    used 11574K, capacity 12365K, committed 12416K, reserved 1048576K
}

