# JRE version: OpenJDK Runtime Environment (8.0_242-b01) (build 1.8.0_242-release-1644-b01)
# Java VM: OpenJDK 64-Bit Server VM (25.242-b01 mixed mode windows-amd64 compressed oops)
Heap:
 PSYoungGen      total 639488K, used 271671K [0x00000000d5580000, 0x0000000100000000, 0x0000000100000000)
  eden space 582144K, 42% used [0x00000000d5580000,0x00000000e494fe00,0x00000000f8e00000)
  from space 57344K, 38% used [0x00000000fc280000,0x00000000fd7fde50,0x00000000ffa80000)
  to   space 53760K, 0% used [0x00000000f8e00000,0x00000000f8e00000,0x00000000fc280000)
 ParOldGen       total 262144K, used 128848K [0x0000000080000000, 0x0000000090000000, 0x00000000d5580000)
  object space 262144K, 49% used [0x0000000080000000,0x0000000087dd4118,0x0000000090000000)
 Metaspace       used 94296K, capacity 99444K, committed 99672K, reserved 1136640K
  class space    used 12147K, capacity 13059K, committed 13184K, reserved 1048576K
GC Heap History (10 events):
Event: 34.731 GC heap before
{Heap before GC invocations=14 (full 3):
 PSYoungGen      total 512000K, used 511974K [0x00000000d5580000, 0x00000000f7a00000, 0x0000000100000000)
  eden space 486912K, 100% used [0x00000000d5580000,0x00000000f3100000,0x00000000f3100000)
  from space 25088K, 99% used [0x00000000f6180000,0x00000000f79f98a8,0x00000000f7a00000)
  to   space 30208K, 0% used [0x00000000f3f00000,0x00000000f3f00000,0x00000000f5c80000)
 ParOldGen       total 122368K, used 40273K [0x0000000080000000, 0x0000000087780000, 0x00000000d5580000)
  object space 122368K, 32% used [0x0000000080000000,0x00000000827547d8,0x0000000087780000)
 Metaspace       used 80409K, capacity 84936K, committed 84952K, reserved 1122304K
  class space    used 10922K, capacity 11766K, committed 11776K, reserved 1048576K
Event: 34.894 GC heap after
Heap after GC invocations=14 (full 3):
 PSYoungGen      total 531456K, used 30193K [0x00000000d5580000, 0x0000000100000000, 0x0000000100000000)
  eden space 501248K, 0% used [0x00000000d5580000,0x00000000d5580000,0x00000000f3f00000)
  from space 30208K, 99% used [0x00000000f3f00000,0x00000000f5c7c460,0x00000000f5c80000)
  to   space 61440K, 0% used [0x00000000fc400000,0x00000000fc400000,0x0000000100000000)
 ParOldGen       total 122368K, used 111600K [0x0000000080000000, 0x0000000087780000, 0x00000000d5580000)
  object space 122368K, 91% used [0x0000000080000000,0x0000000086cfc2c8,0x0000000087780000)
 Metaspace       used 80409K, capacity 84936K, committed 84952K, reserved 1122304K
  class space    used 10922K, capacity 11766K, committed 11776K, reserved 1048576K
}
Event: 34.894 GC heap before
{Heap before GC invocations=15 (full 4):
 PSYoungGen      total 531456K, used 30193K [0x00000000d5580000, 0x0000000100000000, 0x0000000100000000)
  eden space 501248K, 0% used [0x00000000d5580000,0x00000000d5580000,0x00000000f3f00000)
  from space 30208K, 99% used [0x00000000f3f00000,0x00000000f5c7c460,0x00000000f5c80000)
  to   space 61440K, 0% used [0x00000000fc400000,0x00000000fc400000,0x0000000100000000)
 ParOldGen       total 122368K, used 111600K [0x0000000080000000, 0x0000000087780000, 0x00000000d5580000)
  object space 122368K, 91% used [0x0000000080000000,0x0000000086cfc2c8,0x0000000087780000)
 Metaspace       used 80409K, capacity 84936K, committed 84952K, reserved 1122304K
  class space    used 10922K, capacity 11766K, committed 11776K, reserved 1048576K
Event: 35.921 GC heap after
Heap after GC invocations=15 (full 4):
 PSYoungGen      total 531456K, used 9065K [0x00000000d5580000, 0x0000000100000000, 0x0000000100000000)
  eden space 501248K, 0% used [0x00000000d5580000,0x00000000d5580000,0x00000000f3f00000)
  from space 30208K, 30% used [0x00000000f3f00000,0x00000000f47da710,0x00000000f5c80000)
  to   space 61440K, 0% used [0x00000000fc400000,0x00000000fc400000,0x0000000100000000)
 ParOldGen       total 262144K, used 122206K [0x0000000080000000, 0x0000000090000000, 0x00000000d5580000)
  object space 262144K, 46% used [0x0000000080000000,0x0000000087757a60,0x0000000090000000)
 Metaspace       used 80175K, capacity 84334K, committed 84952K, reserved 1122304K
  class space    used 10840K, capacity 11619K, committed 11776K, reserved 1048576K
}
Event: 218.302 GC heap before
{Heap before GC invocations=16 (full 4):
 PSYoungGen      total 531456K, used 510313K [0x00000000d5580000, 0x0000000100000000, 0x0000000100000000)
  eden space 501248K, 100% used [0x00000000d5580000,0x00000000f3f00000,0x00000000f3f00000)
  from space 30208K, 30% used [0x00000000f3f00000,0x00000000f47da710,0x00000000f5c80000)
  to   space 61440K, 0% used [0x00000000fc400000,0x00000000fc400000,0x0000000100000000)
 ParOldGen       total 262144K, used 122206K [0x0000000080000000, 0x0000000090000000, 0x00000000d5580000)
  object space 262144K, 46% used [0x0000000080000000,0x0000000087757a60,0x0000000090000000)
 Metaspace       used 91041K, capacity 95354K, committed 95448K, reserved 1132544K
  class space    used 11989K, capacity 12780K, committed 12800K, reserved 1048576K
Event: 218.433 GC heap after
Heap after GC invocations=16 (full 4):
 PSYoungGen      total 640000K, used 25445K [0x00000000d5580000, 0x0000000100000000, 0x0000000100000000)
  eden space 578560K, 0% used [0x00000000d5580000,0x00000000d5580000,0x00000000f8a80000)
  from space 61440K, 41% used [0x00000000fc400000,0x00000000fdcd97d8,0x0000000100000000)
  to   space 58880K, 0% used [0x00000000f8a80000,0x00000000f8a80000,0x00000000fc400000)
 ParOldGen       total 262144K, used 128832K [0x0000000080000000, 0x0000000090000000, 0x00000000d5580000)
  object space 262144K, 49% used [0x0000000080000000,0x0000000087dd0118,0x0000000090000000)
 Metaspace       used 91041K, capacity 95354K, committed 95448K, reserved 1132544K
  class space    used 11989K, capacity 12780K, committed 12800K, reserved 1048576K
}
Event: 702.098 GC heap before
{Heap before GC invocations=17 (full 4):
 PSYoungGen      total 640000K, used 604005K [0x00000000d5580000, 0x0000000100000000, 0x0000000100000000)
  eden space 578560K, 100% used [0x00000000d5580000,0x00000000f8a80000,0x00000000f8a80000)
  from space 61440K, 41% used [0x00000000fc400000,0x00000000fdcd97d8,0x0000000100000000)
  to   space 58880K, 0% used [0x00000000f8a80000,0x00000000f8a80000,0x00000000fc400000)
 ParOldGen       total 262144K, used 128832K [0x0000000080000000, 0x0000000090000000, 0x00000000d5580000)
  object space 262144K, 49% used [0x0000000080000000,0x0000000087dd0118,0x0000000090000000)
 Metaspace       used 92880K, capacity 97634K, committed 97752K, reserved 1134592K
  class space    used 12066K, capacity 12948K, committed 13056K, reserved 1048576K
Event: 702.187 GC heap after
Heap after GC invocations=17 (full 4):
 PSYoungGen      total 606720K, used 27779K [0x00000000d5580000, 0x00000000ffa80000, 0x0000000100000000)
  eden space 578560K, 0% used [0x00000000d5580000,0x00000000d5580000,0x00000000f8a80000)
  from space 28160K, 98% used [0x00000000f8a80000,0x00000000fa5a0da0,0x00000000fa600000)
  to   space 57344K, 0% used [0x00000000fc280000,0x00000000fc280000,0x00000000ffa80000)
 ParOldGen       total 262144K, used 128840K [0x0000000080000000, 0x0000000090000000, 0x00000000d5580000)
  object space 262144K, 49% used [0x0000000080000000,0x0000000087dd2118,0x0000000090000000)
 Metaspace       used 92880K, capacity 97634K, committed 97752K, reserved 1134592K
  class space    used 12066K, capacity 12948K, committed 13056K, reserved 1048576K
}
Event: 1328.375 GC heap before
{Heap before GC invocations=18 (full 4):
 PSYoungGen      total 606720K, used 606339K [0x00000000d5580000, 0x00000000ffa80000, 0x0000000100000000)
  eden space 578560K, 100% used [0x00000000d5580000,0x00000000f8a80000,0x00000000f8a80000)
  from space 28160K, 98% used [0x00000000f8a80000,0x00000000fa5a0da0,0x00000000fa600000)
  to   space 57344K, 0% used [0x00000000fc280000,0x00000000fc280000,0x00000000ffa80000)
 ParOldGen       total 262144K, used 128840K [0x0000000080000000, 0x0000000090000000, 0x00000000d5580000)
  object space 262144K, 49% used [0x0000000080000000,0x0000000087dd2118,0x0000000090000000)
 Metaspace       used 93920K, capacity 99066K, committed 99288K, reserved 1136640K
  class space    used 12122K, capacity 13040K, committed 13056K, reserved 1048576K
Event: 1328.448 GC heap after
Heap after GC invocations=18 (full 4):
 PSYoungGen      total 639488K, used 22007K [0x00000000d5580000, 0x0000000100000000, 0x0000000100000000)
  eden space 582144K, 0% used [0x00000000d5580000,0x00000000d5580000,0x00000000f8e00000)
  from space 57344K, 38% used [0x00000000fc280000,0x00000000fd7fde50,0x00000000ffa80000)
  to   space 53760K, 0% used [0x00000000f8e00000,0x00000000f8e00000,0x00000000fc280000)
 ParOldGen       total 262144K, used 128848K [0x0000000080000000, 0x0000000090000000, 0x00000000d5580000)
  object space 262144K, 49% used [0x0000000080000000,0x0000000087dd4118,0x0000000090000000)
 Metaspace       used 93920K, capacity 99066K, committed 99288K, reserved 1136640K
  class space    used 12122K, capacity 13040K, committed 13056K, reserved 1048576K
}

