# JRE version: OpenJDK Runtime Environment (8.0_242-b01) (build 1.8.0_242-release-1644-b01)
# Java VM: OpenJDK 64-Bit Server VM (25.242-b01 mixed mode windows-amd64 compressed oops)
Heap:
 PSYoungGen      total 327168K, used 264002K [0x00000000d5580000, 0x00000000ef580000, 0x0000000100000000)
  eden space 304640K, 79% used [0x00000000d5580000,0x00000000e4353ef8,0x00000000e7f00000)
  from space 22528K, 90% used [0x00000000e7f00000,0x00000000e92fcaf0,0x00000000e9500000)
  to   space 25088K, 0% used [0x00000000edd00000,0x00000000edd00000,0x00000000ef580000)
 ParOldGen       total 102400K, used 45612K [0x0000000080000000, 0x0000000086400000, 0x00000000d5580000)
  object space 102400K, 44% used [0x0000000080000000,0x0000000082c8b3a8,0x0000000086400000)
 Metaspace       used 87771K, capacity 92262K, committed 92504K, reserved 1128448K
  class space    used 11733K, capacity 12548K, committed 12672K, reserved 1048576K
GC Heap History (10 events):
Event: 13.154 GC heap before
{Heap before GC invocations=14 (full 2):
 PSYoungGen      total 197120K, used 54818K [0x00000000d5580000, 0x00000000e6400000, 0x0000000100000000)
  eden space 183808K, 22% used [0x00000000d5580000,0x00000000d7e10650,0x00000000e0900000)
  from space 13312K, 99% used [0x00000000e0900000,0x00000000e15f8268,0x00000000e1600000)
  to   space 19968K, 0% used [0x00000000e5080000,0x00000000e5080000,0x00000000e6400000)
 ParOldGen       total 69120K, used 31069K [0x0000000080000000, 0x0000000084380000, 0x00000000d5580000)
  object space 69120K, 44% used [0x0000000080000000,0x0000000081e577b0,0x0000000084380000)
 Metaspace       used 56558K, capacity 58874K, committed 59028K, reserved 1099776K
  class space    used 7722K, capacity 8191K, committed 8192K, reserved 1048576K
Event: 13.278 GC heap after
Heap after GC invocations=14 (full 2):
 PSYoungGen      total 257024K, used 3783K [0x00000000d5580000, 0x00000000e7c00000, 0x0000000100000000)
  eden space 237056K, 0% used [0x00000000d5580000,0x00000000d5580000,0x00000000e3d00000)
  from space 19968K, 18% used [0x00000000e5080000,0x00000000e5431c40,0x00000000e6400000)
  to   space 19968K, 0% used [0x00000000e3d00000,0x00000000e3d00000,0x00000000e5080000)
 ParOldGen       total 69120K, used 42283K [0x0000000080000000, 0x0000000084380000, 0x00000000d5580000)
  object space 69120K, 61% used [0x0000000080000000,0x000000008294ad88,0x0000000084380000)
 Metaspace       used 56558K, capacity 58874K, committed 59028K, reserved 1099776K
  class space    used 7722K, capacity 8191K, committed 8192K, reserved 1048576K
}
Event: 13.278 GC heap before
{Heap before GC invocations=15 (full 3):
 PSYoungGen      total 257024K, used 3783K [0x00000000d5580000, 0x00000000e7c00000, 0x0000000100000000)
  eden space 237056K, 0% used [0x00000000d5580000,0x00000000d5580000,0x00000000e3d00000)
  from space 19968K, 18% used [0x00000000e5080000,0x00000000e5431c40,0x00000000e6400000)
  to   space 19968K, 0% used [0x00000000e3d00000,0x00000000e3d00000,0x00000000e5080000)
 ParOldGen       total 69120K, used 42283K [0x0000000080000000, 0x0000000084380000, 0x00000000d5580000)
  object space 69120K, 61% used [0x0000000080000000,0x000000008294ad88,0x0000000084380000)
 Metaspace       used 56558K, capacity 58874K, committed 59028K, reserved 1099776K
  class space    used 7722K, capacity 8191K, committed 8192K, reserved 1048576K
Event: 13.676 GC heap after
Heap after GC invocations=15 (full 3):
 PSYoungGen      total 257024K, used 0K [0x00000000d5580000, 0x00000000e7c00000, 0x0000000100000000)
  eden space 237056K, 0% used [0x00000000d5580000,0x00000000d5580000,0x00000000e3d00000)
  from space 19968K, 0% used [0x00000000e5080000,0x00000000e5080000,0x00000000e6400000)
  to   space 19968K, 0% used [0x00000000e3d00000,0x00000000e3d00000,0x00000000e5080000)
 ParOldGen       total 102400K, used 32155K [0x0000000080000000, 0x0000000086400000, 0x00000000d5580000)
  object space 102400K, 31% used [0x0000000080000000,0x0000000081f66f28,0x0000000086400000)
 Metaspace       used 56545K, capacity 58832K, committed 59028K, reserved 1099776K
  class space    used 7718K, capacity 8184K, committed 8192K, reserved 1048576K
}
Event: 20.153 GC heap before
{Heap before GC invocations=16 (full 3):
 PSYoungGen      total 257024K, used 237056K [0x00000000d5580000, 0x00000000e7c00000, 0x0000000100000000)
  eden space 237056K, 100% used [0x00000000d5580000,0x00000000e3d00000,0x00000000e3d00000)
  from space 19968K, 0% used [0x00000000e5080000,0x00000000e5080000,0x00000000e6400000)
  to   space 19968K, 0% used [0x00000000e3d00000,0x00000000e3d00000,0x00000000e5080000)
 ParOldGen       total 102400K, used 32155K [0x0000000080000000, 0x0000000086400000, 0x00000000d5580000)
  object space 102400K, 31% used [0x0000000080000000,0x0000000081f66f28,0x0000000086400000)
 Metaspace       used 64333K, capacity 67392K, committed 67544K, reserved 1107968K
  class space    used 8819K, capacity 9416K, committed 9472K, reserved 1048576K
Event: 20.190 GC heap after
Heap after GC invocations=16 (full 3):
 PSYoungGen      total 257024K, used 19796K [0x00000000d5580000, 0x00000000eb500000, 0x0000000100000000)
  eden space 237056K, 0% used [0x00000000d5580000,0x00000000d5580000,0x00000000e3d00000)
  from space 19968K, 99% used [0x00000000e3d00000,0x00000000e5055220,0x00000000e5080000)
  to   space 23040K, 0% used [0x00000000e9e80000,0x00000000e9e80000,0x00000000eb500000)
 ParOldGen       total 102400K, used 32163K [0x0000000080000000, 0x0000000086400000, 0x00000000d5580000)
  object space 102400K, 31% used [0x0000000080000000,0x0000000081f68f28,0x0000000086400000)
 Metaspace       used 64333K, capacity 67392K, committed 67544K, reserved 1107968K
  class space    used 8819K, capacity 9416K, committed 9472K, reserved 1048576K
}
Event: 638.683 GC heap before
{Heap before GC invocations=17 (full 3):
 PSYoungGen      total 257024K, used 256852K [0x00000000d5580000, 0x00000000eb500000, 0x0000000100000000)
  eden space 237056K, 100% used [0x00000000d5580000,0x00000000e3d00000,0x00000000e3d00000)
  from space 19968K, 99% used [0x00000000e3d00000,0x00000000e5055220,0x00000000e5080000)
  to   space 23040K, 0% used [0x00000000e9e80000,0x00000000e9e80000,0x00000000eb500000)
 ParOldGen       total 102400K, used 32163K [0x0000000080000000, 0x0000000086400000, 0x00000000d5580000)
  object space 102400K, 31% used [0x0000000080000000,0x0000000081f68f28,0x0000000086400000)
 Metaspace       used 68521K, capacity 71704K, committed 71896K, reserved 1112064K
  class space    used 9118K, capacity 9728K, committed 9728K, reserved 1048576K
Event: 638.713 GC heap after
Heap after GC invocations=17 (full 3):
 PSYoungGen      total 316416K, used 12384K [0x00000000d5580000, 0x00000000eab00000, 0x0000000100000000)
  eden space 303616K, 0% used [0x00000000d5580000,0x00000000d5580000,0x00000000e7e00000)
  from space 12800K, 96% used [0x00000000e9e80000,0x00000000eaa98140,0x00000000eab00000)
  to   space 22528K, 0% used [0x00000000e7f00000,0x00000000e7f00000,0x00000000e9500000)
 ParOldGen       total 102400K, used 45604K [0x0000000080000000, 0x0000000086400000, 0x00000000d5580000)
  object space 102400K, 44% used [0x0000000080000000,0x0000000082c893a8,0x0000000086400000)
 Metaspace       used 68521K, capacity 71704K, committed 71896K, reserved 1112064K
  class space    used 9118K, capacity 9728K, committed 9728K, reserved 1048576K
}
Event: 10150.233 GC heap before
{Heap before GC invocations=18 (full 3):
 PSYoungGen      total 316416K, used 316000K [0x00000000d5580000, 0x00000000eab00000, 0x0000000100000000)
  eden space 303616K, 100% used [0x00000000d5580000,0x00000000e7e00000,0x00000000e7e00000)
  from space 12800K, 96% used [0x00000000e9e80000,0x00000000eaa98140,0x00000000eab00000)
  to   space 22528K, 0% used [0x00000000e7f00000,0x00000000e7f00000,0x00000000e9500000)
 ParOldGen       total 102400K, used 45604K [0x0000000080000000, 0x0000000086400000, 0x00000000d5580000)
  object space 102400K, 44% used [0x0000000080000000,0x0000000082c893a8,0x0000000086400000)
 Metaspace       used 73801K, capacity 77222K, committed 77528K, reserved 1116160K
  class space    used 9755K, capacity 10404K, committed 10496K, reserved 1048576K
Event: 10150.271 GC heap after
Heap after GC invocations=18 (full 3):
 PSYoungGen      total 327168K, used 20466K [0x00000000d5580000, 0x00000000ef580000, 0x0000000100000000)
  eden space 304640K, 0% used [0x00000000d5580000,0x00000000d5580000,0x00000000e7f00000)
  from space 22528K, 90% used [0x00000000e7f00000,0x00000000e92fcaf0,0x00000000e9500000)
  to   space 25088K, 0% used [0x00000000edd00000,0x00000000edd00000,0x00000000ef580000)
 ParOldGen       total 102400K, used 45612K [0x0000000080000000, 0x0000000086400000, 0x00000000d5580000)
  object space 102400K, 44% used [0x0000000080000000,0x0000000082c8b3a8,0x0000000086400000)
 Metaspace       used 73801K, capacity 77222K, committed 77528K, reserved 1116160K
  class space    used 9755K, capacity 10404K, committed 10496K, reserved 1048576K
}

