# JRE version: OpenJDK Runtime Environment (8.0_242-b01) (build 1.8.0_242-release-1644-b01)
# Java VM: OpenJDK 64-Bit Server VM (25.242-b01 mixed mode windows-amd64 compressed oops)
Heap:
 PSYoungGen      total 539648K, used 147370K [0x00000000d5580000, 0x0000000100000000, 0x0000000100000000)
  eden space 466944K, 15% used [0x00000000d5580000,0x00000000d9e6b848,0x00000000f1d80000)
  from space 72704K, 99% used [0x00000000f7f00000,0x00000000fc5ff118,0x00000000fc600000)
  to   space 99840K, 0% used [0x00000000f1d80000,0x00000000f1d80000,0x00000000f7f00000)
 ParOldGen       total 243712K, used 127085K [0x0000000080000000, 0x000000008ee00000, 0x00000000d5580000)
  object space 243712K, 52% used [0x0000000080000000,0x0000000087c1b6d0,0x000000008ee00000)
 Metaspace       used 118242K, capacity 125968K, committed 126120K, reserved 1159168K
  class space    used 15149K, capacity 16527K, committed 16560K, reserved 1048576K
GC Heap History (10 events):
Event: 1441.846 GC heap before
{Heap before GC invocations=31 (full 5):
 PSYoungGen      total 441856K, used 383944K [0x00000000d5580000, 0x00000000f7580000, 0x0000000100000000)
  eden space 368640K, 100% used [0x00000000d5580000,0x00000000ebd80000,0x00000000ebd80000)
  from space 73216K, 20% used [0x00000000ebd80000,0x00000000ecc72230,0x00000000f0500000)
  to   space 70656K, 0% used [0x00000000f3080000,0x00000000f3080000,0x00000000f7580000)
 ParOldGen       total 243712K, used 87197K [0x0000000080000000, 0x000000008ee00000, 0x00000000d5580000)
  object space 243712K, 35% used [0x0000000080000000,0x0000000085527798,0x000000008ee00000)
 Metaspace       used 116868K, capacity 123644K, committed 123944K, reserved 1157120K
  class space    used 14982K, capacity 16273K, committed 16432K, reserved 1048576K
Event: 1441.896 GC heap after
Heap after GC invocations=31 (full 5):
 PSYoungGen      total 464896K, used 20710K [0x00000000d5580000, 0x00000000f6780000, 0x0000000100000000)
  eden space 408576K, 0% used [0x00000000d5580000,0x00000000d5580000,0x00000000ee480000)
  from space 56320K, 36% used [0x00000000f3080000,0x00000000f44b9a88,0x00000000f6780000)
  to   space 67072K, 0% used [0x00000000ee480000,0x00000000ee480000,0x00000000f2600000)
 ParOldGen       total 243712K, used 87205K [0x0000000080000000, 0x000000008ee00000, 0x00000000d5580000)
  object space 243712K, 35% used [0x0000000080000000,0x0000000085529798,0x000000008ee00000)
 Metaspace       used 116868K, capacity 123644K, committed 123944K, reserved 1157120K
  class space    used 14982K, capacity 16273K, committed 16432K, reserved 1048576K
}
Event: 2290.556 GC heap before
{Heap before GC invocations=32 (full 5):
 PSYoungGen      total 464896K, used 429286K [0x00000000d5580000, 0x00000000f6780000, 0x0000000100000000)
  eden space 408576K, 100% used [0x00000000d5580000,0x00000000ee480000,0x00000000ee480000)
  from space 56320K, 36% used [0x00000000f3080000,0x00000000f44b9a88,0x00000000f6780000)
  to   space 67072K, 0% used [0x00000000ee480000,0x00000000ee480000,0x00000000f2600000)
 ParOldGen       total 243712K, used 87205K [0x0000000080000000, 0x000000008ee00000, 0x00000000d5580000)
  object space 243712K, 35% used [0x0000000080000000,0x0000000085529798,0x000000008ee00000)
 Metaspace       used 117164K, capacity 124134K, committed 124456K, reserved 1157120K
  class space    used 15003K, capacity 16310K, committed 16432K, reserved 1048576K
Event: 2290.599 GC heap after
Heap after GC invocations=32 (full 5):
 PSYoungGen      total 475648K, used 19400K [0x00000000d5580000, 0x00000000f8500000, 0x0000000100000000)
  eden space 408576K, 0% used [0x00000000d5580000,0x00000000d5580000,0x00000000ee480000)
  from space 67072K, 28% used [0x00000000ee480000,0x00000000ef772080,0x00000000f2600000)
  to   space 64000K, 0% used [0x00000000f4680000,0x00000000f4680000,0x00000000f8500000)
 ParOldGen       total 243712K, used 87213K [0x0000000080000000, 0x000000008ee00000, 0x00000000d5580000)
  object space 243712K, 35% used [0x0000000080000000,0x000000008552b798,0x000000008ee00000)
 Metaspace       used 117164K, capacity 124134K, committed 124456K, reserved 1157120K
  class space    used 15003K, capacity 16310K, committed 16432K, reserved 1048576K
}
Event: 2607.154 GC heap before
{Heap before GC invocations=33 (full 5):
 PSYoungGen      total 475648K, used 427976K [0x00000000d5580000, 0x00000000f8500000, 0x0000000100000000)
  eden space 408576K, 100% used [0x00000000d5580000,0x00000000ee480000,0x00000000ee480000)
  from space 67072K, 28% used [0x00000000ee480000,0x00000000ef772080,0x00000000f2600000)
  to   space 64000K, 0% used [0x00000000f4680000,0x00000000f4680000,0x00000000f8500000)
 ParOldGen       total 243712K, used 87213K [0x0000000080000000, 0x000000008ee00000, 0x00000000d5580000)
  object space 243712K, 35% used [0x0000000080000000,0x000000008552b798,0x000000008ee00000)
 Metaspace       used 117487K, capacity 124560K, committed 124712K, reserved 1157120K
  class space    used 15024K, capacity 16347K, committed 16432K, reserved 1048576K
Event: 2607.180 GC heap after
Heap after GC invocations=33 (full 5):
 PSYoungGen      total 492544K, used 11462K [0x00000000d5580000, 0x00000000f7b80000, 0x0000000100000000)
  eden space 438272K, 0% used [0x00000000d5580000,0x00000000d5580000,0x00000000f0180000)
  from space 54272K, 21% used [0x00000000f4680000,0x00000000f51b1a30,0x00000000f7b80000)
  to   space 62464K, 0% used [0x00000000f0180000,0x00000000f0180000,0x00000000f3e80000)
 ParOldGen       total 243712K, used 87221K [0x0000000080000000, 0x000000008ee00000, 0x00000000d5580000)
  object space 243712K, 35% used [0x0000000080000000,0x000000008552d798,0x000000008ee00000)
 Metaspace       used 117487K, capacity 124560K, committed 124712K, reserved 1157120K
  class space    used 15024K, capacity 16347K, committed 16432K, reserved 1048576K
}
Event: 2612.643 GC heap before
{Heap before GC invocations=34 (full 5):
 PSYoungGen      total 492544K, used 449734K [0x00000000d5580000, 0x00000000f7b80000, 0x0000000100000000)
  eden space 438272K, 100% used [0x00000000d5580000,0x00000000f0180000,0x00000000f0180000)
  from space 54272K, 21% used [0x00000000f4680000,0x00000000f51b1a30,0x00000000f7b80000)
  to   space 62464K, 0% used [0x00000000f0180000,0x00000000f0180000,0x00000000f3e80000)
 ParOldGen       total 243712K, used 87221K [0x0000000080000000, 0x000000008ee00000, 0x00000000d5580000)
  object space 243712K, 35% used [0x0000000080000000,0x000000008552d798,0x000000008ee00000)
 Metaspace       used 118045K, capacity 125718K, committed 125864K, reserved 1159168K
  class space    used 15123K, capacity 16498K, committed 16560K, reserved 1048576K
Event: 2612.801 GC heap after
Heap after GC invocations=34 (full 5):
 PSYoungGen      total 500736K, used 61993K [0x00000000d5580000, 0x00000000fc600000, 0x0000000100000000)
  eden space 438272K, 0% used [0x00000000d5580000,0x00000000d5580000,0x00000000f0180000)
  from space 62464K, 99% used [0x00000000f0180000,0x00000000f3e0a5a0,0x00000000f3e80000)
  to   space 72704K, 0% used [0x00000000f7f00000,0x00000000f7f00000,0x00000000fc600000)
 ParOldGen       total 243712K, used 87229K [0x0000000080000000, 0x000000008ee00000, 0x00000000d5580000)
  object space 243712K, 35% used [0x0000000080000000,0x000000008552f798,0x000000008ee00000)
 Metaspace       used 118045K, capacity 125718K, committed 125864K, reserved 1159168K
  class space    used 15123K, capacity 16498K, committed 16560K, reserved 1048576K
}
Event: 2615.754 GC heap before
{Heap before GC invocations=35 (full 5):
 PSYoungGen      total 500736K, used 500265K [0x00000000d5580000, 0x00000000fc600000, 0x0000000100000000)
  eden space 438272K, 100% used [0x00000000d5580000,0x00000000f0180000,0x00000000f0180000)
  from space 62464K, 99% used [0x00000000f0180000,0x00000000f3e0a5a0,0x00000000f3e80000)
  to   space 72704K, 0% used [0x00000000f7f00000,0x00000000f7f00000,0x00000000fc600000)
 ParOldGen       total 243712K, used 87229K [0x0000000080000000, 0x000000008ee00000, 0x00000000d5580000)
  object space 243712K, 35% used [0x0000000080000000,0x000000008552f798,0x000000008ee00000)
 Metaspace       used 118079K, capacity 125790K, committed 125864K, reserved 1159168K
  class space    used 15123K, capacity 16498K, committed 16560K, reserved 1048576K
Event: 2615.938 GC heap after
Heap after GC invocations=35 (full 5):
 PSYoungGen      total 539648K, used 72700K [0x00000000d5580000, 0x0000000100000000, 0x0000000100000000)
  eden space 466944K, 0% used [0x00000000d5580000,0x00000000d5580000,0x00000000f1d80000)
  from space 72704K, 99% used [0x00000000f7f00000,0x00000000fc5ff118,0x00000000fc600000)
  to   space 99840K, 0% used [0x00000000f1d80000,0x00000000f1d80000,0x00000000f7f00000)
 ParOldGen       total 243712K, used 127085K [0x0000000080000000, 0x000000008ee00000, 0x00000000d5580000)
  object space 243712K, 52% used [0x0000000080000000,0x0000000087c1b6d0,0x000000008ee00000)
 Metaspace       used 118079K, capacity 125790K, committed 125864K, reserved 1159168K
  class space    used 15123K, capacity 16498K, committed 16560K, reserved 1048576K
}

