# JRE version: OpenJDK Runtime Environment (8.0_242-b01) (build 1.8.0_242-release-1644-b01)
# Java VM: OpenJDK 64-Bit Server VM (25.242-b01 mixed mode windows-amd64 compressed oops)
Heap:
 PSYoungGen      total 339968K, used 86192K [0x00000000d5580000, 0x00000000f1a80000, 0x0000000100000000)
  eden space 302080K, 28% used [0x00000000d5580000,0x00000000da9ac2c8,0x00000000e7c80000)
  from space 37888K, 0% used [0x00000000e7c80000,0x00000000e7c80000,0x00000000ea180000)
  to   space 40960K, 0% used [0x00000000ef280000,0x00000000ef280000,0x00000000f1a80000)
 ParOldGen       total 177152K, used 75254K [0x0000000080000000, 0x000000008ad00000, 0x00000000d5580000)
  object space 177152K, 42% used [0x0000000080000000,0x000000008497d940,0x000000008ad00000)
 Metaspace       used 82363K, capacity 86092K, committed 86232K, reserved 1124352K
  class space    used 11002K, capacity 11674K, committed 11776K, reserved 1048576K
GC Heap History (10 events):
Event: 13.409 GC heap before
{Heap before GC invocations=15 (full 3):
 PSYoungGen      total 258048K, used 667K [0x00000000d5580000, 0x00000000e7500000, 0x0000000100000000)
  eden space 237568K, 0% used [0x00000000d5580000,0x00000000d5580000,0x00000000e3d80000)
  from space 20480K, 3% used [0x00000000e5180000,0x00000000e5226e60,0x00000000e6580000)
  to   space 20480K, 0% used [0x00000000e3d80000,0x00000000e3d80000,0x00000000e5180000)
 ParOldGen       total 69120K, used 43125K [0x0000000080000000, 0x0000000084380000, 0x00000000d5580000)
  object space 69120K, 62% used [0x0000000080000000,0x0000000082a1d528,0x0000000084380000)
 Metaspace       used 56759K, capacity 58866K, committed 58968K, reserved 1099776K
  class space    used 7577K, capacity 8015K, committed 8064K, reserved 1048576K
Event: 13.697 GC heap after
Heap after GC invocations=15 (full 3):
 PSYoungGen      total 258048K, used 0K [0x00000000d5580000, 0x00000000e7500000, 0x0000000100000000)
  eden space 237568K, 0% used [0x00000000d5580000,0x00000000d5580000,0x00000000e3d80000)
  from space 20480K, 0% used [0x00000000e5180000,0x00000000e5180000,0x00000000e6580000)
  to   space 20480K, 0% used [0x00000000e3d80000,0x00000000e3d80000,0x00000000e5180000)
 ParOldGen       total 100352K, used 29235K [0x0000000080000000, 0x0000000086200000, 0x00000000d5580000)
  object space 100352K, 29% used [0x0000000080000000,0x0000000081c8cd08,0x0000000086200000)
 Metaspace       used 56714K, capacity 58724K, committed 58968K, reserved 1099776K
  class space    used 7564K, capacity 7998K, committed 8064K, reserved 1048576K
}
Event: 24.100 GC heap before
{Heap before GC invocations=16 (full 3):
 PSYoungGen      total 258048K, used 237568K [0x00000000d5580000, 0x00000000e7500000, 0x0000000100000000)
  eden space 237568K, 100% used [0x00000000d5580000,0x00000000e3d80000,0x00000000e3d80000)
  from space 20480K, 0% used [0x00000000e5180000,0x00000000e5180000,0x00000000e6580000)
  to   space 20480K, 0% used [0x00000000e3d80000,0x00000000e3d80000,0x00000000e5180000)
 ParOldGen       total 100352K, used 29235K [0x0000000080000000, 0x0000000086200000, 0x00000000d5580000)
  object space 100352K, 29% used [0x0000000080000000,0x0000000081c8cd08,0x0000000086200000)
 Metaspace       used 70774K, capacity 73722K, committed 73944K, reserved 1114112K
  class space    used 9568K, capacity 10153K, committed 10240K, reserved 1048576K
Event: 24.162 GC heap after
Heap after GC invocations=16 (full 3):
 PSYoungGen      total 258048K, used 20454K [0x00000000d5580000, 0x00000000eba00000, 0x0000000100000000)
  eden space 237568K, 0% used [0x00000000d5580000,0x00000000d5580000,0x00000000e3d80000)
  from space 20480K, 99% used [0x00000000e3d80000,0x00000000e5179b40,0x00000000e5180000)
  to   space 25088K, 0% used [0x00000000ea180000,0x00000000ea180000,0x00000000eba00000)
 ParOldGen       total 100352K, used 32856K [0x0000000080000000, 0x0000000086200000, 0x00000000d5580000)
  object space 100352K, 32% used [0x0000000080000000,0x0000000082016280,0x0000000086200000)
 Metaspace       used 70774K, capacity 73722K, committed 73944K, reserved 1114112K
  class space    used 9568K, capacity 10153K, committed 10240K, reserved 1048576K
}
Event: 36.417 GC heap before
{Heap before GC invocations=17 (full 3):
 PSYoungGen      total 258048K, used 258022K [0x00000000d5580000, 0x00000000eba00000, 0x0000000100000000)
  eden space 237568K, 100% used [0x00000000d5580000,0x00000000e3d80000,0x00000000e3d80000)
  from space 20480K, 99% used [0x00000000e3d80000,0x00000000e5179b40,0x00000000e5180000)
  to   space 25088K, 0% used [0x00000000ea180000,0x00000000ea180000,0x00000000eba00000)
 ParOldGen       total 100352K, used 32856K [0x0000000080000000, 0x0000000086200000, 0x00000000d5580000)
  object space 100352K, 32% used [0x0000000080000000,0x0000000082016280,0x0000000086200000)
 Metaspace       used 73700K, capacity 76918K, committed 77016K, reserved 1116160K
  class space    used 9887K, capacity 10481K, committed 10496K, reserved 1048576K
Event: 36.554 GC heap after
Heap after GC invocations=17 (full 3):
 PSYoungGen      total 327168K, used 25073K [0x00000000d5580000, 0x00000000ecc00000, 0x0000000100000000)
  eden space 302080K, 0% used [0x00000000d5580000,0x00000000d5580000,0x00000000e7c80000)
  from space 25088K, 99% used [0x00000000ea180000,0x00000000eb9fc470,0x00000000eba00000)
  to   space 37888K, 0% used [0x00000000e7c80000,0x00000000e7c80000,0x00000000ea180000)
 ParOldGen       total 100352K, used 56171K [0x0000000080000000, 0x0000000086200000, 0x00000000d5580000)
  object space 100352K, 55% used [0x0000000080000000,0x00000000836dadb0,0x0000000086200000)
 Metaspace       used 73700K, capacity 76918K, committed 77016K, reserved 1116160K
  class space    used 9887K, capacity 10481K, committed 10496K, reserved 1048576K
}
Event: 50.120 GC heap before
{Heap before GC invocations=18 (full 3):
 PSYoungGen      total 327168K, used 327153K [0x00000000d5580000, 0x00000000ecc00000, 0x0000000100000000)
  eden space 302080K, 100% used [0x00000000d5580000,0x00000000e7c80000,0x00000000e7c80000)
  from space 25088K, 99% used [0x00000000ea180000,0x00000000eb9fc470,0x00000000eba00000)
  to   space 37888K, 0% used [0x00000000e7c80000,0x00000000e7c80000,0x00000000ea180000)
 ParOldGen       total 100352K, used 56171K [0x0000000080000000, 0x0000000086200000, 0x00000000d5580000)
  object space 100352K, 55% used [0x0000000080000000,0x00000000836dadb0,0x0000000086200000)
 Metaspace       used 80390K, capacity 84012K, committed 84312K, reserved 1122304K
  class space    used 10731K, capacity 11344K, committed 11392K, reserved 1048576K
Event: 50.239 GC heap after
Heap after GC invocations=18 (full 3):
 PSYoungGen      total 339968K, used 28480K [0x00000000d5580000, 0x00000000f1a80000, 0x0000000100000000)
  eden space 302080K, 0% used [0x00000000d5580000,0x00000000d5580000,0x00000000e7c80000)
  from space 37888K, 75% used [0x00000000e7c80000,0x00000000e9850128,0x00000000ea180000)
  to   space 40960K, 0% used [0x00000000ef280000,0x00000000ef280000,0x00000000f1a80000)
 ParOldGen       total 100352K, used 80137K [0x0000000080000000, 0x0000000086200000, 0x00000000d5580000)
  object space 100352K, 79% used [0x0000000080000000,0x0000000084e424a8,0x0000000086200000)
 Metaspace       used 80390K, capacity 84012K, committed 84312K, reserved 1122304K
  class space    used 10731K, capacity 11344K, committed 11392K, reserved 1048576K
}
Event: 50.239 GC heap before
{Heap before GC invocations=19 (full 4):
 PSYoungGen      total 339968K, used 28480K [0x00000000d5580000, 0x00000000f1a80000, 0x0000000100000000)
  eden space 302080K, 0% used [0x00000000d5580000,0x00000000d5580000,0x00000000e7c80000)
  from space 37888K, 75% used [0x00000000e7c80000,0x00000000e9850128,0x00000000ea180000)
  to   space 40960K, 0% used [0x00000000ef280000,0x00000000ef280000,0x00000000f1a80000)
 ParOldGen       total 100352K, used 80137K [0x0000000080000000, 0x0000000086200000, 0x00000000d5580000)
  object space 100352K, 79% used [0x0000000080000000,0x0000000084e424a8,0x0000000086200000)
 Metaspace       used 80390K, capacity 84012K, committed 84312K, reserved 1122304K
  class space    used 10731K, capacity 11344K, committed 11392K, reserved 1048576K
Event: 50.686 GC heap after
Heap after GC invocations=19 (full 4):
 PSYoungGen      total 339968K, used 0K [0x00000000d5580000, 0x00000000f1a80000, 0x0000000100000000)
  eden space 302080K, 0% used [0x00000000d5580000,0x00000000d5580000,0x00000000e7c80000)
  from space 37888K, 0% used [0x00000000e7c80000,0x00000000e7c80000,0x00000000ea180000)
  to   space 40960K, 0% used [0x00000000ef280000,0x00000000ef280000,0x00000000f1a80000)
 ParOldGen       total 177152K, used 75254K [0x0000000080000000, 0x000000008ad00000, 0x00000000d5580000)
  object space 177152K, 42% used [0x0000000080000000,0x000000008497d940,0x000000008ad00000)
 Metaspace       used 80344K, capacity 83878K, committed 84312K, reserved 1122304K
  class space    used 10715K, capacity 11317K, committed 11392K, reserved 1048576K
}

