# JRE version: OpenJDK Runtime Environment (8.0_242-b01) (build 1.8.0_242-release-1644-b01)
# Java VM: OpenJDK 64-Bit Server VM (25.242-b01 mixed mode windows-amd64 compressed oops)
Heap:
 PSYoungGen      total 245248K, used 3773K [0x00000000d5580000, 0x00000000e5680000, 0x0000000100000000)
  eden space 230400K, 1% used [0x00000000d5580000,0x00000000d592f530,0x00000000e3680000)
  from space 14848K, 0% used [0x00000000e4480000,0x00000000e4480000,0x00000000e5300000)
  to   space 14336K, 0% used [0x00000000e3680000,0x00000000e3680000,0x00000000e4480000)
 ParOldGen       total 70656K, used 22302K [0x0000000080000000, 0x0000000084500000, 0x00000000d5580000)
  object space 70656K, 31% used [0x0000000080000000,0x00000000815c7868,0x0000000084500000)
 Metaspace       used 52366K, capacity 54046K, committed 54488K, reserved 1101824K
  class space    used 6924K, capacity 7293K, committed 7424K, reserved 1048576K
GC Heap History (10 events):
Event: 14.482 GC heap before
{Heap before GC invocations=17 (full 5):
 PSYoungGen      total 245248K, used 1376K [0x00000000d5580000, 0x00000000e5680000, 0x0000000100000000)
  eden space 230400K, 0% used [0x00000000d5580000,0x00000000d5580000,0x00000000e3680000)
  from space 14848K, 9% used [0x00000000e4480000,0x00000000e45d8010,0x00000000e5300000)
  to   space 14336K, 0% used [0x00000000e3680000,0x00000000e3680000,0x00000000e4480000)
 ParOldGen       total 70656K, used 23294K [0x0000000080000000, 0x0000000084500000, 0x00000000d5580000)
  object space 70656K, 32% used [0x0000000080000000,0x00000000816bf960,0x0000000084500000)
 Metaspace       used 48506K, capacity 50314K, committed 50392K, reserved 1101824K
  class space    used 6505K, capacity 6877K, committed 6912K, reserved 1048576K
Event: 14.623 GC heap after
Heap after GC invocations=17 (full 5):
 PSYoungGen      total 245248K, used 0K [0x00000000d5580000, 0x00000000e5680000, 0x0000000100000000)
  eden space 230400K, 0% used [0x00000000d5580000,0x00000000d5580000,0x00000000e3680000)
  from space 14848K, 0% used [0x00000000e4480000,0x00000000e4480000,0x00000000e5300000)
  to   space 14336K, 0% used [0x00000000e3680000,0x00000000e3680000,0x00000000e4480000)
 ParOldGen       total 70656K, used 24521K [0x0000000080000000, 0x0000000084500000, 0x00000000d5580000)
  object space 70656K, 34% used [0x0000000080000000,0x00000000817f2510,0x0000000084500000)
 Metaspace       used 48506K, capacity 50314K, committed 50392K, reserved 1097728K
  class space    used 6505K, capacity 6877K, committed 6912K, reserved 1048576K
}
Event: 14.623 GC heap before
{Heap before GC invocations=18 (full 5):
 PSYoungGen      total 245248K, used 0K [0x00000000d5580000, 0x00000000e5680000, 0x0000000100000000)
  eden space 230400K, 0% used [0x00000000d5580000,0x00000000d5580000,0x00000000e3680000)
  from space 14848K, 0% used [0x00000000e4480000,0x00000000e4480000,0x00000000e5300000)
  to   space 14336K, 0% used [0x00000000e3680000,0x00000000e3680000,0x00000000e4480000)
 ParOldGen       total 70656K, used 24521K [0x0000000080000000, 0x0000000084500000, 0x00000000d5580000)
  object space 70656K, 34% used [0x0000000080000000,0x00000000817f2510,0x0000000084500000)
 Metaspace       used 48506K, capacity 50314K, committed 50392K, reserved 1101824K
  class space    used 6505K, capacity 6877K, committed 6912K, reserved 1048576K
Event: 14.625 GC heap after
Heap after GC invocations=18 (full 5):
 PSYoungGen      total 244736K, used 0K [0x00000000d5580000, 0x00000000e5680000, 0x0000000100000000)
  eden space 230400K, 0% used [0x00000000d5580000,0x00000000d5580000,0x00000000e3680000)
  from space 14336K, 0% used [0x00000000e3680000,0x00000000e3680000,0x00000000e4480000)
  to   space 14848K, 0% used [0x00000000e4480000,0x00000000e4480000,0x00000000e5300000)
 ParOldGen       total 70656K, used 24521K [0x0000000080000000, 0x0000000084500000, 0x00000000d5580000)
  object space 70656K, 34% used [0x0000000080000000,0x00000000817f2510,0x0000000084500000)
 Metaspace       used 48506K, capacity 50314K, committed 50392K, reserved 1101824K
  class space    used 6505K, capacity 6877K, committed 6912K, reserved 1048576K
}
Event: 14.625 GC heap before
{Heap before GC invocations=19 (full 6):
 PSYoungGen      total 244736K, used 0K [0x00000000d5580000, 0x00000000e5680000, 0x0000000100000000)
  eden space 230400K, 0% used [0x00000000d5580000,0x00000000d5580000,0x00000000e3680000)
  from space 14336K, 0% used [0x00000000e3680000,0x00000000e3680000,0x00000000e4480000)
  to   space 14848K, 0% used [0x00000000e4480000,0x00000000e4480000,0x00000000e5300000)
 ParOldGen       total 70656K, used 24521K [0x0000000080000000, 0x0000000084500000, 0x00000000d5580000)
  object space 70656K, 34% used [0x0000000080000000,0x00000000817f2510,0x0000000084500000)
 Metaspace       used 48506K, capacity 50314K, committed 50392K, reserved 1101824K
  class space    used 6505K, capacity 6877K, committed 6912K, reserved 1048576K
Event: 14.847 GC heap after
Heap after GC invocations=19 (full 6):
 PSYoungGen      total 244736K, used 0K [0x00000000d5580000, 0x00000000e5680000, 0x0000000100000000)
  eden space 230400K, 0% used [0x00000000d5580000,0x00000000d5580000,0x00000000e3680000)
  from space 14336K, 0% used [0x00000000e3680000,0x00000000e3680000,0x00000000e4480000)
  to   space 14848K, 0% used [0x00000000e4480000,0x00000000e4480000,0x00000000e5300000)
 ParOldGen       total 70656K, used 19398K [0x0000000080000000, 0x0000000084500000, 0x00000000d5580000)
  object space 70656K, 27% used [0x0000000080000000,0x00000000812f1b98,0x0000000084500000)
 Metaspace       used 48252K, capacity 49854K, committed 50392K, reserved 1097728K
  class space    used 6451K, capacity 6775K, committed 6912K, reserved 1048576K
}
Event: 15.827 GC heap before
{Heap before GC invocations=20 (full 6):
 PSYoungGen      total 244736K, used 41545K [0x00000000d5580000, 0x00000000e5680000, 0x0000000100000000)
  eden space 230400K, 18% used [0x00000000d5580000,0x00000000d7e12770,0x00000000e3680000)
  from space 14336K, 0% used [0x00000000e3680000,0x00000000e3680000,0x00000000e4480000)
  to   space 14848K, 0% used [0x00000000e4480000,0x00000000e4480000,0x00000000e5300000)
 ParOldGen       total 70656K, used 19398K [0x0000000080000000, 0x0000000084500000, 0x00000000d5580000)
  object space 70656K, 27% used [0x0000000080000000,0x00000000812f1b98,0x0000000084500000)
 Metaspace       used 52092K, capacity 53758K, committed 54232K, reserved 1103872K
  class space    used 6899K, capacity 7261K, committed 7424K, reserved 1048576K
Event: 15.834 GC heap after
Heap after GC invocations=20 (full 6):
 PSYoungGen      total 245248K, used 4918K [0x00000000d5580000, 0x00000000e5680000, 0x0000000100000000)
  eden space 230400K, 0% used [0x00000000d5580000,0x00000000d5580000,0x00000000e3680000)
  from space 14848K, 33% used [0x00000000e4480000,0x00000000e494daa8,0x00000000e5300000)
  to   space 14336K, 0% used [0x00000000e3680000,0x00000000e3680000,0x00000000e4480000)
 ParOldGen       total 70656K, used 19470K [0x0000000080000000, 0x0000000084500000, 0x00000000d5580000)
  object space 70656K, 27% used [0x0000000080000000,0x0000000081303ba8,0x0000000084500000)
 Metaspace       used 52092K, capacity 53758K, committed 54232K, reserved 1103872K
  class space    used 6899K, capacity 7261K, committed 7424K, reserved 1048576K
}
Event: 15.834 GC heap before
{Heap before GC invocations=21 (full 7):
 PSYoungGen      total 245248K, used 4918K [0x00000000d5580000, 0x00000000e5680000, 0x0000000100000000)
  eden space 230400K, 0% used [0x00000000d5580000,0x00000000d5580000,0x00000000e3680000)
  from space 14848K, 33% used [0x00000000e4480000,0x00000000e494daa8,0x00000000e5300000)
  to   space 14336K, 0% used [0x00000000e3680000,0x00000000e3680000,0x00000000e4480000)
 ParOldGen       total 70656K, used 19470K [0x0000000080000000, 0x0000000084500000, 0x00000000d5580000)
  object space 70656K, 27% used [0x0000000080000000,0x0000000081303ba8,0x0000000084500000)
 Metaspace       used 52092K, capacity 53758K, committed 54232K, reserved 1103872K
  class space    used 6899K, capacity 7261K, committed 7424K, reserved 1048576K
Event: 15.919 GC heap after
Heap after GC invocations=21 (full 7):
 PSYoungGen      total 245248K, used 0K [0x00000000d5580000, 0x00000000e5680000, 0x0000000100000000)
  eden space 230400K, 0% used [0x00000000d5580000,0x00000000d5580000,0x00000000e3680000)
  from space 14848K, 0% used [0x00000000e4480000,0x00000000e4480000,0x00000000e5300000)
  to   space 14336K, 0% used [0x00000000e3680000,0x00000000e3680000,0x00000000e4480000)
 ParOldGen       total 70656K, used 22302K [0x0000000080000000, 0x0000000084500000, 0x00000000d5580000)
  object space 70656K, 31% used [0x0000000080000000,0x00000000815c7868,0x0000000084500000)
 Metaspace       used 52092K, capacity 53758K, committed 54232K, reserved 1101824K
  class space    used 6899K, capacity 7261K, committed 7424K, reserved 1048576K
}

