# JRE version: OpenJDK Runtime Environment (8.0_242-b01) (build 1.8.0_242-release-1644-b01)
# Java VM: OpenJDK 64-Bit Server VM (25.242-b01 mixed mode windows-amd64 compressed oops)
Heap:
 PSYoungGen      total 332800K, used 139519K [0x00000000d5580000, 0x00000000ebc80000, 0x0000000100000000)
  eden space 303104K, 38% used [0x00000000d5580000,0x00000000dc7463c0,0x00000000e7d80000)
  from space 29696K, 77% used [0x00000000e9d00000,0x00000000eb379ad8,0x00000000eba00000)
  to   space 32256K, 0% used [0x00000000e7d80000,0x00000000e7d80000,0x00000000e9d00000)
 ParOldGen       total 118272K, used 63884K [0x0000000080000000, 0x0000000087380000, 0x00000000d5580000)
  object space 118272K, 54% used [0x0000000080000000,0x0000000083e63120,0x0000000087380000)
 Metaspace       used 89640K, capacity 94154K, committed 94360K, reserved 1130496K
  class space    used 11773K, capacity 12644K, committed 12720K, reserved 1048576K
GC Heap History (10 events):
Event: 13.586 GC heap before
{Heap before GC invocations=15 (full 3):
 PSYoungGen      total 233984K, used 4538K [0x00000000d5580000, 0x00000000e5080000, 0x0000000100000000)
  eden space 214016K, 0% used [0x00000000d5580000,0x00000000d5580000,0x00000000e2680000)
  from space 19968K, 22% used [0x00000000e3980000,0x00000000e3dee858,0x00000000e4d00000)
  to   space 19456K, 0% used [0x00000000e2680000,0x00000000e2680000,0x00000000e3980000)
 ParOldGen       total 76800K, used 40634K [0x0000000080000000, 0x0000000084b00000, 0x00000000d5580000)
  object space 76800K, 52% used [0x0000000080000000,0x00000000827aeac0,0x0000000084b00000)
 Metaspace       used 56734K, capacity 59072K, committed 59160K, reserved 1099776K
  class space    used 7748K, capacity 8230K, committed 8240K, reserved 1048576K
Event: 13.861 GC heap after
Heap after GC invocations=15 (full 3):
 PSYoungGen      total 233984K, used 0K [0x00000000d5580000, 0x00000000e5080000, 0x0000000100000000)
  eden space 214016K, 0% used [0x00000000d5580000,0x00000000d5580000,0x00000000e2680000)
  from space 19968K, 0% used [0x00000000e3980000,0x00000000e3980000,0x00000000e4d00000)
  to   space 19456K, 0% used [0x00000000e2680000,0x00000000e2680000,0x00000000e3980000)
 ParOldGen       total 118272K, used 32710K [0x0000000080000000, 0x0000000087380000, 0x00000000d5580000)
  object space 118272K, 27% used [0x0000000080000000,0x0000000081ff1928,0x0000000087380000)
 Metaspace       used 56716K, capacity 59012K, committed 59160K, reserved 1099776K
  class space    used 7743K, capacity 8220K, committed 8240K, reserved 1048576K
}
Event: 18.902 GC heap before
{Heap before GC invocations=16 (full 3):
 PSYoungGen      total 233984K, used 214016K [0x00000000d5580000, 0x00000000e5080000, 0x0000000100000000)
  eden space 214016K, 100% used [0x00000000d5580000,0x00000000e2680000,0x00000000e2680000)
  from space 19968K, 0% used [0x00000000e3980000,0x00000000e3980000,0x00000000e4d00000)
  to   space 19456K, 0% used [0x00000000e2680000,0x00000000e2680000,0x00000000e3980000)
 ParOldGen       total 118272K, used 32710K [0x0000000080000000, 0x0000000087380000, 0x00000000d5580000)
  object space 118272K, 27% used [0x0000000080000000,0x0000000081ff1928,0x0000000087380000)
 Metaspace       used 64077K, capacity 67034K, committed 67224K, reserved 1107968K
  class space    used 8805K, capacity 9363K, committed 9392K, reserved 1048576K
Event: 18.956 GC heap after
Heap after GC invocations=16 (full 3):
 PSYoungGen      total 233472K, used 17870K [0x00000000d5580000, 0x00000000e8500000, 0x0000000100000000)
  eden space 214016K, 0% used [0x00000000d5580000,0x00000000d5580000,0x00000000e2680000)
  from space 19456K, 91% used [0x00000000e2680000,0x00000000e37f3ad8,0x00000000e3980000)
  to   space 22016K, 0% used [0x00000000e6f80000,0x00000000e6f80000,0x00000000e8500000)
 ParOldGen       total 118272K, used 32718K [0x0000000080000000, 0x0000000087380000, 0x00000000d5580000)
  object space 118272K, 27% used [0x0000000080000000,0x0000000081ff3928,0x0000000087380000)
 Metaspace       used 64077K, capacity 67034K, committed 67224K, reserved 1107968K
  class space    used 8805K, capacity 9363K, committed 9392K, reserved 1048576K
}
Event: 28.664 GC heap before
{Heap before GC invocations=17 (full 3):
 PSYoungGen      total 233472K, used 231886K [0x00000000d5580000, 0x00000000e8500000, 0x0000000100000000)
  eden space 214016K, 100% used [0x00000000d5580000,0x00000000e2680000,0x00000000e2680000)
  from space 19456K, 91% used [0x00000000e2680000,0x00000000e37f3ad8,0x00000000e3980000)
  to   space 22016K, 0% used [0x00000000e6f80000,0x00000000e6f80000,0x00000000e8500000)
 ParOldGen       total 118272K, used 32718K [0x0000000080000000, 0x0000000087380000, 0x00000000d5580000)
  object space 118272K, 27% used [0x0000000080000000,0x0000000081ff3928,0x0000000087380000)
 Metaspace       used 74142K, capacity 77500K, committed 77720K, reserved 1116160K
  class space    used 10025K, capacity 10661K, committed 10672K, reserved 1048576K
Event: 28.706 GC heap after
Heap after GC invocations=17 (full 3):
 PSYoungGen      total 281600K, used 22010K [0x00000000d5580000, 0x00000000e8c80000, 0x0000000100000000)
  eden space 259584K, 0% used [0x00000000d5580000,0x00000000d5580000,0x00000000e5300000)
  from space 22016K, 99% used [0x00000000e6f80000,0x00000000e84fe928,0x00000000e8500000)
  to   space 29184K, 0% used [0x00000000e5300000,0x00000000e5300000,0x00000000e6f80000)
 ParOldGen       total 118272K, used 43682K [0x0000000080000000, 0x0000000087380000, 0x00000000d5580000)
  object space 118272K, 36% used [0x0000000080000000,0x0000000082aa8a40,0x0000000087380000)
 Metaspace       used 74142K, capacity 77500K, committed 77720K, reserved 1116160K
  class space    used 10025K, capacity 10661K, committed 10672K, reserved 1048576K
}
Event: 638.114 GC heap before
{Heap before GC invocations=18 (full 3):
 PSYoungGen      total 281600K, used 281594K [0x00000000d5580000, 0x00000000e8c80000, 0x0000000100000000)
  eden space 259584K, 100% used [0x00000000d5580000,0x00000000e5300000,0x00000000e5300000)
  from space 22016K, 99% used [0x00000000e6f80000,0x00000000e84fe928,0x00000000e8500000)
  to   space 29184K, 0% used [0x00000000e5300000,0x00000000e5300000,0x00000000e6f80000)
 ParOldGen       total 118272K, used 43682K [0x0000000080000000, 0x0000000087380000, 0x00000000d5580000)
  object space 118272K, 36% used [0x0000000080000000,0x0000000082aa8a40,0x0000000087380000)
 Metaspace       used 80384K, capacity 83872K, committed 84120K, reserved 1122304K
  class space    used 10450K, capacity 11125K, committed 11184K, reserved 1048576K
Event: 638.175 GC heap after
Heap after GC invocations=18 (full 3):
 PSYoungGen      total 288768K, used 17865K [0x00000000d5580000, 0x00000000eba00000, 0x0000000100000000)
  eden space 259584K, 0% used [0x00000000d5580000,0x00000000d5580000,0x00000000e5300000)
  from space 29184K, 61% used [0x00000000e5300000,0x00000000e6472568,0x00000000e6f80000)
  to   space 29696K, 0% used [0x00000000e9d00000,0x00000000e9d00000,0x00000000eba00000)
 ParOldGen       total 118272K, used 63876K [0x0000000080000000, 0x0000000087380000, 0x00000000d5580000)
  object space 118272K, 54% used [0x0000000080000000,0x0000000083e61120,0x0000000087380000)
 Metaspace       used 80384K, capacity 83872K, committed 84120K, reserved 1122304K
  class space    used 10450K, capacity 11125K, committed 11184K, reserved 1048576K
}
Event: 645.741 GC heap before
{Heap before GC invocations=19 (full 3):
 PSYoungGen      total 288768K, used 277443K [0x00000000d5580000, 0x00000000eba00000, 0x0000000100000000)
  eden space 259584K, 99% used [0x00000000d5580000,0x00000000e52fe6a8,0x00000000e5300000)
  from space 29184K, 61% used [0x00000000e5300000,0x00000000e6472568,0x00000000e6f80000)
  to   space 29696K, 0% used [0x00000000e9d00000,0x00000000e9d00000,0x00000000eba00000)
 ParOldGen       total 118272K, used 63876K [0x0000000080000000, 0x0000000087380000, 0x00000000d5580000)
  object space 118272K, 54% used [0x0000000080000000,0x0000000083e61120,0x0000000087380000)
 Metaspace       used 81538K, capacity 85184K, committed 85272K, reserved 1124352K
  class space    used 10611K, capacity 11293K, committed 11312K, reserved 1048576K
Event: 645.808 GC heap after
Heap after GC invocations=19 (full 3):
 PSYoungGen      total 332800K, used 23014K [0x00000000d5580000, 0x00000000ebc80000, 0x0000000100000000)
  eden space 303104K, 0% used [0x00000000d5580000,0x00000000d5580000,0x00000000e7d80000)
  from space 29696K, 77% used [0x00000000e9d00000,0x00000000eb379ad8,0x00000000eba00000)
  to   space 32256K, 0% used [0x00000000e7d80000,0x00000000e7d80000,0x00000000e9d00000)
 ParOldGen       total 118272K, used 63884K [0x0000000080000000, 0x0000000087380000, 0x00000000d5580000)
  object space 118272K, 54% used [0x0000000080000000,0x0000000083e63120,0x0000000087380000)
 Metaspace       used 81538K, capacity 85184K, committed 85272K, reserved 1124352K
  class space    used 10611K, capacity 11293K, committed 11312K, reserved 1048576K
}

