# JRE version: OpenJDK Runtime Environment (8.0_242-b01) (build 1.8.0_242-release-1644-b01)
# Java VM: OpenJDK 64-Bit Server VM (25.242-b01 mixed mode windows-amd64 compressed oops)
Heap:
 PSYoungGen      total 113152K, used 17161K [0x00000000d5580000, 0x00000000df600000, 0x0000000100000000)
  eden space 101888K, 16% used [0x00000000d5580000,0x00000000d6642590,0x00000000db900000)
  from space 11264K, 0% used [0x00000000db900000,0x00000000db900000,0x00000000dc400000)
  to   space 11776K, 0% used [0x00000000dea80000,0x00000000dea80000,0x00000000df600000)
 ParOldGen       total 58880K, used 14932K [0x0000000080000000, 0x0000000083980000, 0x00000000d5580000)
  object space 58880K, 25% used [0x0000000080000000,0x0000000080e95070,0x0000000083980000)
 Metaspace       used 34778K, capacity 36100K, committed 36352K, reserved 1081344K
  class space    used 4729K, capacity 5052K, committed 5120K, reserved 1048576K
GC Heap History (10 events):
Event: 4.718 GC heap before
{Heap before GC invocations=7 (full 1):
 PSYoungGen      total 74752K, used 8653K [0x00000000d5580000, 0x00000000dab80000, 0x0000000100000000)
  eden space 64512K, 0% used [0x00000000d5580000,0x00000000d5580000,0x00000000d9480000)
  from space 10240K, 84% used [0x00000000d9f80000,0x00000000da7f3738,0x00000000da980000)
  to   space 11264K, 0% used [0x00000000d9480000,0x00000000d9480000,0x00000000d9f80000)
 ParOldGen       total 86016K, used 6668K [0x0000000080000000, 0x0000000085400000, 0x00000000d5580000)
  object space 86016K, 7% used [0x0000000080000000,0x00000000806830b0,0x0000000085400000)
 Metaspace       used 20529K, capacity 21220K, committed 21296K, reserved 1067008K
  class space    used 2858K, capacity 3036K, committed 3072K, reserved 1048576K
Event: 4.773 GC heap after
Heap after GC invocations=7 (full 1):
 PSYoungGen      total 74752K, used 0K [0x00000000d5580000, 0x00000000dab80000, 0x0000000100000000)
  eden space 64512K, 0% used [0x00000000d5580000,0x00000000d5580000,0x00000000d9480000)
  from space 10240K, 0% used [0x00000000d9f80000,0x00000000d9f80000,0x00000000da980000)
  to   space 11264K, 0% used [0x00000000d9480000,0x00000000d9480000,0x00000000d9f80000)
 ParOldGen       total 58880K, used 9193K [0x0000000080000000, 0x0000000083980000, 0x00000000d5580000)
  object space 58880K, 15% used [0x0000000080000000,0x00000000808fa548,0x0000000083980000)
 Metaspace       used 20529K, capacity 21220K, committed 21296K, reserved 1067008K
  class space    used 2858K, capacity 3036K, committed 3072K, reserved 1048576K
}
Event: 5.703 GC heap before
{Heap before GC invocations=8 (full 1):
 PSYoungGen      total 74752K, used 64512K [0x00000000d5580000, 0x00000000dab80000, 0x0000000100000000)
  eden space 64512K, 100% used [0x00000000d5580000,0x00000000d9480000,0x00000000d9480000)
  from space 10240K, 0% used [0x00000000d9f80000,0x00000000d9f80000,0x00000000da980000)
  to   space 11264K, 0% used [0x00000000d9480000,0x00000000d9480000,0x00000000d9f80000)
 ParOldGen       total 58880K, used 9193K [0x0000000080000000, 0x0000000083980000, 0x00000000d5580000)
  object space 58880K, 15% used [0x0000000080000000,0x00000000808fa548,0x0000000083980000)
 Metaspace       used 24833K, capacity 25782K, committed 25856K, reserved 1071104K
  class space    used 3553K, capacity 3809K, committed 3840K, reserved 1048576K
Event: 5.711 GC heap after
Heap after GC invocations=8 (full 1):
 PSYoungGen      total 75776K, used 5674K [0x00000000d5580000, 0x00000000dce80000, 0x0000000100000000)
  eden space 64512K, 0% used [0x00000000d5580000,0x00000000d5580000,0x00000000d9480000)
  from space 11264K, 50% used [0x00000000d9480000,0x00000000d9a0a848,0x00000000d9f80000)
  to   space 10752K, 0% used [0x00000000dc400000,0x00000000dc400000,0x00000000dce80000)
 ParOldGen       total 58880K, used 9201K [0x0000000080000000, 0x0000000083980000, 0x00000000d5580000)
  object space 58880K, 15% used [0x0000000080000000,0x00000000808fc548,0x0000000083980000)
 Metaspace       used 24833K, capacity 25782K, committed 25856K, reserved 1071104K
  class space    used 3553K, capacity 3809K, committed 3840K, reserved 1048576K
}
Event: 6.712 GC heap before
{Heap before GC invocations=9 (full 1):
 PSYoungGen      total 75776K, used 70186K [0x00000000d5580000, 0x00000000dce80000, 0x0000000100000000)
  eden space 64512K, 100% used [0x00000000d5580000,0x00000000d9480000,0x00000000d9480000)
  from space 11264K, 50% used [0x00000000d9480000,0x00000000d9a0a848,0x00000000d9f80000)
  to   space 10752K, 0% used [0x00000000dc400000,0x00000000dc400000,0x00000000dce80000)
 ParOldGen       total 58880K, used 9201K [0x0000000080000000, 0x0000000083980000, 0x00000000d5580000)
  object space 58880K, 15% used [0x0000000080000000,0x00000000808fc548,0x0000000083980000)
 Metaspace       used 32688K, capacity 33900K, committed 34048K, reserved 1079296K
  class space    used 4429K, capacity 4743K, committed 4864K, reserved 1048576K
Event: 6.729 GC heap after
Heap after GC invocations=9 (full 1):
 PSYoungGen      total 112640K, used 9541K [0x00000000d5580000, 0x00000000dcf80000, 0x0000000100000000)
  eden space 101888K, 0% used [0x00000000d5580000,0x00000000d5580000,0x00000000db900000)
  from space 10752K, 88% used [0x00000000dc400000,0x00000000dcd514e8,0x00000000dce80000)
  to   space 11264K, 0% used [0x00000000db900000,0x00000000db900000,0x00000000dc400000)
 ParOldGen       total 58880K, used 9209K [0x0000000080000000, 0x0000000083980000, 0x00000000d5580000)
  object space 58880K, 15% used [0x0000000080000000,0x00000000808fe548,0x0000000083980000)
 Metaspace       used 32688K, capacity 33900K, committed 34048K, reserved 1079296K
  class space    used 4429K, capacity 4743K, committed 4864K, reserved 1048576K
}
Event: 7.316 GC heap before
{Heap before GC invocations=10 (full 1):
 PSYoungGen      total 112640K, used 43389K [0x00000000d5580000, 0x00000000dcf80000, 0x0000000100000000)
  eden space 101888K, 33% used [0x00000000d5580000,0x00000000d768dff8,0x00000000db900000)
  from space 10752K, 88% used [0x00000000dc400000,0x00000000dcd514e8,0x00000000dce80000)
  to   space 11264K, 0% used [0x00000000db900000,0x00000000db900000,0x00000000dc400000)
 ParOldGen       total 58880K, used 9209K [0x0000000080000000, 0x0000000083980000, 0x00000000d5580000)
  object space 58880K, 15% used [0x0000000080000000,0x00000000808fe548,0x0000000083980000)
 Metaspace       used 34063K, capacity 35370K, committed 35456K, reserved 1079296K
  class space    used 4605K, capacity 4943K, committed 4992K, reserved 1048576K
Event: 7.333 GC heap after
Heap after GC invocations=10 (full 1):
 PSYoungGen      total 113152K, used 8368K [0x00000000d5580000, 0x00000000df600000, 0x0000000100000000)
  eden space 101888K, 0% used [0x00000000d5580000,0x00000000d5580000,0x00000000db900000)
  from space 11264K, 74% used [0x00000000db900000,0x00000000dc12c008,0x00000000dc400000)
  to   space 11776K, 0% used [0x00000000dea80000,0x00000000dea80000,0x00000000df600000)
 ParOldGen       total 58880K, used 9217K [0x0000000080000000, 0x0000000083980000, 0x00000000d5580000)
  object space 58880K, 15% used [0x0000000080000000,0x0000000080900548,0x0000000083980000)
 Metaspace       used 34063K, capacity 35370K, committed 35456K, reserved 1079296K
  class space    used 4605K, capacity 4943K, committed 4992K, reserved 1048576K
}
Event: 7.333 GC heap before
{Heap before GC invocations=11 (full 2):
 PSYoungGen      total 113152K, used 8368K [0x00000000d5580000, 0x00000000df600000, 0x0000000100000000)
  eden space 101888K, 0% used [0x00000000d5580000,0x00000000d5580000,0x00000000db900000)
  from space 11264K, 74% used [0x00000000db900000,0x00000000dc12c008,0x00000000dc400000)
  to   space 11776K, 0% used [0x00000000dea80000,0x00000000dea80000,0x00000000df600000)
 ParOldGen       total 58880K, used 9217K [0x0000000080000000, 0x0000000083980000, 0x00000000d5580000)
  object space 58880K, 15% used [0x0000000080000000,0x0000000080900548,0x0000000083980000)
 Metaspace       used 34063K, capacity 35370K, committed 35456K, reserved 1079296K
  class space    used 4605K, capacity 4943K, committed 4992K, reserved 1048576K
Event: 7.398 GC heap after
Heap after GC invocations=11 (full 2):
 PSYoungGen      total 113152K, used 0K [0x00000000d5580000, 0x00000000df600000, 0x0000000100000000)
  eden space 101888K, 0% used [0x00000000d5580000,0x00000000d5580000,0x00000000db900000)
  from space 11264K, 0% used [0x00000000db900000,0x00000000db900000,0x00000000dc400000)
  to   space 11776K, 0% used [0x00000000dea80000,0x00000000dea80000,0x00000000df600000)
 ParOldGen       total 58880K, used 14932K [0x0000000080000000, 0x0000000083980000, 0x00000000d5580000)
  object space 58880K, 25% used [0x0000000080000000,0x0000000080e95070,0x0000000083980000)
 Metaspace       used 34063K, capacity 35370K, committed 35456K, reserved 1079296K
  class space    used 4605K, capacity 4943K, committed 4992K, reserved 1048576K
}

