# JRE version: OpenJDK Runtime Environment (8.0_242-b01) (build 1.8.0_242-release-1644-b01)
# Java VM: OpenJDK 64-Bit Server VM (25.242-b01 mixed mode windows-amd64 compressed oops)
Heap:
 PSYoungGen      total 308224K, used 30966K [0x00000000d5580000, 0x00000000f3600000, 0x0000000100000000)
  eden space 276480K, 4% used [0x00000000d5580000,0x00000000d6255028,0x00000000e6380000)
  from space 31744K, 56% used [0x00000000e6380000,0x00000000e74e8b60,0x00000000e8280000)
  to   space 63488K, 0% used [0x00000000ef800000,0x00000000ef800000,0x00000000f3600000)
 ParOldGen       total 120320K, used 120110K [0x0000000080000000, 0x0000000087580000, 0x00000000d5580000)
  object space 120320K, 99% used [0x0000000080000000,0x000000008754bb20,0x0000000087580000)
 Metaspace       used 84473K, capacity 88336K, committed 89240K, reserved 1126400K
  class space    used 11455K, capacity 12183K, committed 12464K, reserved 1048576K
GC Heap History (10 events):
Event: 17.817 GC heap before
{Heap before GC invocations=15 (full 3):
 PSYoungGen      total 244224K, used 4103K [0x00000000d5580000, 0x00000000e5980000, 0x0000000100000000)
  eden space 224256K, 0% used [0x00000000d5580000,0x00000000d5580000,0x00000000e3080000)
  from space 19968K, 20% used [0x00000000e4400000,0x00000000e4801c40,0x00000000e5780000)
  to   space 19968K, 0% used [0x00000000e3080000,0x00000000e3080000,0x00000000e4400000)
 ParOldGen       total 75264K, used 41261K [0x0000000080000000, 0x0000000084980000, 0x00000000d5580000)
  object space 75264K, 54% used [0x0000000080000000,0x000000008284b770,0x0000000084980000)
 Metaspace       used 56812K, capacity 59124K, committed 59160K, reserved 1099776K
  class space    used 7763K, capacity 8226K, committed 8240K, reserved 1048576K
Event: 18.099 GC heap after
Heap after GC invocations=15 (full 3):
 PSYoungGen      total 244224K, used 0K [0x00000000d5580000, 0x00000000e5980000, 0x0000000100000000)
  eden space 224256K, 0% used [0x00000000d5580000,0x00000000d5580000,0x00000000e3080000)
  from space 19968K, 0% used [0x00000000e4400000,0x00000000e4400000,0x00000000e5780000)
  to   space 19968K, 0% used [0x00000000e3080000,0x00000000e3080000,0x00000000e4400000)
 ParOldGen       total 114176K, used 32602K [0x0000000080000000, 0x0000000086f80000, 0x00000000d5580000)
  object space 114176K, 28% used [0x0000000080000000,0x0000000081fd6b08,0x0000000086f80000)
 Metaspace       used 56792K, capacity 59058K, committed 59160K, reserved 1099776K
  class space    used 7757K, capacity 8215K, committed 8240K, reserved 1048576K
}
Event: 24.516 GC heap before
{Heap before GC invocations=16 (full 3):
 PSYoungGen      total 244224K, used 224256K [0x00000000d5580000, 0x00000000e5980000, 0x0000000100000000)
  eden space 224256K, 100% used [0x00000000d5580000,0x00000000e3080000,0x00000000e3080000)
  from space 19968K, 0% used [0x00000000e4400000,0x00000000e4400000,0x00000000e5780000)
  to   space 19968K, 0% used [0x00000000e3080000,0x00000000e3080000,0x00000000e4400000)
 ParOldGen       total 114176K, used 32602K [0x0000000080000000, 0x0000000086f80000, 0x00000000d5580000)
  object space 114176K, 28% used [0x0000000080000000,0x0000000081fd6b08,0x0000000086f80000)
 Metaspace       used 64247K, capacity 67256K, committed 67480K, reserved 1107968K
  class space    used 8806K, capacity 9376K, committed 9392K, reserved 1048576K
Event: 24.557 GC heap after
Heap after GC invocations=16 (full 3):
 PSYoungGen      total 244224K, used 18434K [0x00000000d5580000, 0x00000000e9880000, 0x0000000100000000)
  eden space 224256K, 0% used [0x00000000d5580000,0x00000000d5580000,0x00000000e3080000)
  from space 19968K, 92% used [0x00000000e3080000,0x00000000e4280b18,0x00000000e4400000)
  to   space 22528K, 0% used [0x00000000e8280000,0x00000000e8280000,0x00000000e9880000)
 ParOldGen       total 114176K, used 32610K [0x0000000080000000, 0x0000000086f80000, 0x00000000d5580000)
  object space 114176K, 28% used [0x0000000080000000,0x0000000081fd8b08,0x0000000086f80000)
 Metaspace       used 64247K, capacity 67256K, committed 67480K, reserved 1107968K
  class space    used 8806K, capacity 9376K, committed 9392K, reserved 1048576K
}
Event: 32.676 GC heap before
{Heap before GC invocations=17 (full 3):
 PSYoungGen      total 244224K, used 242690K [0x00000000d5580000, 0x00000000e9880000, 0x0000000100000000)
  eden space 224256K, 100% used [0x00000000d5580000,0x00000000e3080000,0x00000000e3080000)
  from space 19968K, 92% used [0x00000000e3080000,0x00000000e4280b18,0x00000000e4400000)
  to   space 22528K, 0% used [0x00000000e8280000,0x00000000e8280000,0x00000000e9880000)
 ParOldGen       total 114176K, used 32610K [0x0000000080000000, 0x0000000086f80000, 0x00000000d5580000)
  object space 114176K, 28% used [0x0000000080000000,0x0000000081fd8b08,0x0000000086f80000)
 Metaspace       used 75219K, capacity 78530K, committed 78872K, reserved 1118208K
  class space    used 10130K, capacity 10750K, committed 10800K, reserved 1048576K
Event: 32.736 GC heap after
Heap after GC invocations=17 (full 3):
 PSYoungGen      total 299008K, used 22513K [0x00000000d5580000, 0x00000000ea500000, 0x0000000100000000)
  eden space 276480K, 0% used [0x00000000d5580000,0x00000000d5580000,0x00000000e6380000)
  from space 22528K, 99% used [0x00000000e8280000,0x00000000e987c4c8,0x00000000e9880000)
  to   space 31744K, 0% used [0x00000000e6380000,0x00000000e6380000,0x00000000e8280000)
 ParOldGen       total 114176K, used 47856K [0x0000000080000000, 0x0000000086f80000, 0x00000000d5580000)
  object space 114176K, 41% used [0x0000000080000000,0x0000000082ebc030,0x0000000086f80000)
 Metaspace       used 75219K, capacity 78530K, committed 78872K, reserved 1118208K
  class space    used 10130K, capacity 10750K, committed 10800K, reserved 1048576K
}
Event: 37.583 GC heap before
{Heap before GC invocations=18 (full 3):
 PSYoungGen      total 299008K, used 298993K [0x00000000d5580000, 0x00000000ea500000, 0x0000000100000000)
  eden space 276480K, 100% used [0x00000000d5580000,0x00000000e6380000,0x00000000e6380000)
  from space 22528K, 99% used [0x00000000e8280000,0x00000000e987c4c8,0x00000000e9880000)
  to   space 31744K, 0% used [0x00000000e6380000,0x00000000e6380000,0x00000000e8280000)
 ParOldGen       total 114176K, used 47856K [0x0000000080000000, 0x0000000086f80000, 0x00000000d5580000)
  object space 114176K, 41% used [0x0000000080000000,0x0000000082ebc030,0x0000000086f80000)
 Metaspace       used 84785K, capacity 89120K, committed 89240K, reserved 1126400K
  class space    used 11564K, capacity 12379K, committed 12464K, reserved 1048576K
Event: 37.893 GC heap after
Heap after GC invocations=18 (full 3):
 PSYoungGen      total 308224K, used 31720K [0x00000000d5580000, 0x00000000f3600000, 0x0000000100000000)
  eden space 276480K, 0% used [0x00000000d5580000,0x00000000d5580000,0x00000000e6380000)
  from space 31744K, 99% used [0x00000000e6380000,0x00000000e827a350,0x00000000e8280000)
  to   space 63488K, 0% used [0x00000000ef800000,0x00000000ef800000,0x00000000f3600000)
 ParOldGen       total 120320K, used 119980K [0x0000000080000000, 0x0000000087580000, 0x00000000d5580000)
  object space 120320K, 99% used [0x0000000080000000,0x000000008752b188,0x0000000087580000)
 Metaspace       used 84785K, capacity 89120K, committed 89240K, reserved 1126400K
  class space    used 11564K, capacity 12379K, committed 12464K, reserved 1048576K
}
Event: 37.894 GC heap before
{Heap before GC invocations=19 (full 4):
 PSYoungGen      total 308224K, used 31720K [0x00000000d5580000, 0x00000000f3600000, 0x0000000100000000)
  eden space 276480K, 0% used [0x00000000d5580000,0x00000000d5580000,0x00000000e6380000)
  from space 31744K, 99% used [0x00000000e6380000,0x00000000e827a350,0x00000000e8280000)
  to   space 63488K, 0% used [0x00000000ef800000,0x00000000ef800000,0x00000000f3600000)
 ParOldGen       total 120320K, used 119980K [0x0000000080000000, 0x0000000087580000, 0x00000000d5580000)
  object space 120320K, 99% used [0x0000000080000000,0x000000008752b188,0x0000000087580000)
 Metaspace       used 84785K, capacity 89120K, committed 89240K, reserved 1126400K
  class space    used 11564K, capacity 12379K, committed 12464K, reserved 1048576K
Event: 39.163 GC heap after
Heap after GC invocations=19 (full 4):
 PSYoungGen      total 308224K, used 17826K [0x00000000d5580000, 0x00000000f3600000, 0x0000000100000000)
  eden space 276480K, 0% used [0x00000000d5580000,0x00000000d5580000,0x00000000e6380000)
  from space 31744K, 56% used [0x00000000e6380000,0x00000000e74e8b60,0x00000000e8280000)
  to   space 63488K, 0% used [0x00000000ef800000,0x00000000ef800000,0x00000000f3600000)
 ParOldGen       total 120320K, used 120110K [0x0000000080000000, 0x0000000087580000, 0x00000000d5580000)
  object space 120320K, 99% used [0x0000000080000000,0x000000008754bb20,0x0000000087580000)
 Metaspace       used 84469K, capacity 88330K, committed 89240K, reserved 1126400K
  class space    used 11453K, capacity 12182K, committed 12464K, reserved 1048576K
}

