# JRE version: OpenJDK Runtime Environment (8.0_242-b01) (build 1.8.0_242-release-1644-b01)
# Java VM: OpenJDK 64-Bit Server VM (25.242-b01 mixed mode windows-amd64 compressed oops)
Heap:
 PSYoungGen      total 417792K, used 145930K [0x00000000d5580000, 0x00000000f1300000, 0x0000000100000000)
  eden space 397824K, 36% used [0x00000000d5580000,0x00000000de402888,0x00000000eda00000)
  from space 19968K, 0% used [0x00000000eec00000,0x00000000eec00000,0x00000000eff80000)
  to   space 14336K, 0% used [0x00000000f0500000,0x00000000f0500000,0x00000000f1300000)
 ParOldGen       total 114688K, used 35217K [0x0000000080000000, 0x0000000087000000, 0x00000000d5580000)
  object space 114688K, 30% used [0x0000000080000000,0x0000000082264550,0x0000000087000000)
 Metaspace       used 64618K, capacity 67278K, committed 67456K, reserved 1107968K
  class space    used 8721K, capacity 9242K, committed 9344K, reserved 1048576K
GC Heap History (10 events):
Event: 5.454 GC heap before
{Heap before GC invocations=8 (full 1):
 PSYoungGen      total 249856K, used 41694K [0x00000000d5580000, 0x00000000e6e80000, 0x0000000100000000)
  eden space 237056K, 12% used [0x00000000d5580000,0x00000000d71bd1b0,0x00000000e3d00000)
  from space 12800K, 99% used [0x00000000e6200000,0x00000000e6e7a948,0x00000000e6e80000)
  to   space 15360K, 0% used [0x00000000e5080000,0x00000000e5080000,0x00000000e5f80000)
 ParOldGen       total 52736K, used 7100K [0x0000000080000000, 0x0000000083380000, 0x00000000d5580000)
  object space 52736K, 13% used [0x0000000080000000,0x00000000806ef360,0x0000000083380000)
 Metaspace       used 34189K, capacity 35342K, committed 35456K, reserved 1079296K
  class space    used 4617K, capacity 4918K, committed 4992K, reserved 1048576K
Event: 5.468 GC heap after
Heap after GC invocations=8 (full 1):
 PSYoungGen      total 272384K, used 7946K [0x00000000d5580000, 0x00000000f1300000, 0x0000000100000000)
  eden space 257024K, 0% used [0x00000000d5580000,0x00000000d5580000,0x00000000e5080000)
  from space 15360K, 51% used [0x00000000e5080000,0x00000000e5842be8,0x00000000e5f80000)
  to   space 14336K, 0% used [0x00000000f0500000,0x00000000f0500000,0x00000000f1300000)
 ParOldGen       total 52736K, used 7108K [0x0000000080000000, 0x0000000083380000, 0x00000000d5580000)
  object space 52736K, 13% used [0x0000000080000000,0x00000000806f1360,0x0000000083380000)
 Metaspace       used 34189K, capacity 35342K, committed 35456K, reserved 1079296K
  class space    used 4617K, capacity 4918K, committed 4992K, reserved 1048576K
}
Event: 5.468 GC heap before
{Heap before GC invocations=9 (full 2):
 PSYoungGen      total 272384K, used 7946K [0x00000000d5580000, 0x00000000f1300000, 0x0000000100000000)
  eden space 257024K, 0% used [0x00000000d5580000,0x00000000d5580000,0x00000000e5080000)
  from space 15360K, 51% used [0x00000000e5080000,0x00000000e5842be8,0x00000000e5f80000)
  to   space 14336K, 0% used [0x00000000f0500000,0x00000000f0500000,0x00000000f1300000)
 ParOldGen       total 52736K, used 7108K [0x0000000080000000, 0x0000000083380000, 0x00000000d5580000)
  object space 52736K, 13% used [0x0000000080000000,0x00000000806f1360,0x0000000083380000)
 Metaspace       used 34189K, capacity 35342K, committed 35456K, reserved 1079296K
  class space    used 4617K, capacity 4918K, committed 4992K, reserved 1048576K
Event: 5.573 GC heap after
Heap after GC invocations=9 (full 2):
 PSYoungGen      total 272384K, used 0K [0x00000000d5580000, 0x00000000f1300000, 0x0000000100000000)
  eden space 257024K, 0% used [0x00000000d5580000,0x00000000d5580000,0x00000000e5080000)
  from space 15360K, 0% used [0x00000000e5080000,0x00000000e5080000,0x00000000e5f80000)
  to   space 14336K, 0% used [0x00000000f0500000,0x00000000f0500000,0x00000000f1300000)
 ParOldGen       total 75776K, used 14423K [0x0000000080000000, 0x0000000084a00000, 0x00000000d5580000)
  object space 75776K, 19% used [0x0000000080000000,0x0000000080e15c20,0x0000000084a00000)
 Metaspace       used 34189K, capacity 35342K, committed 35456K, reserved 1079296K
  class space    used 4617K, capacity 4918K, committed 4992K, reserved 1048576K
}
Event: 9.002 GC heap before
{Heap before GC invocations=10 (full 2):
 PSYoungGen      total 272384K, used 257024K [0x00000000d5580000, 0x00000000f1300000, 0x0000000100000000)
  eden space 257024K, 100% used [0x00000000d5580000,0x00000000e5080000,0x00000000e5080000)
  from space 15360K, 0% used [0x00000000e5080000,0x00000000e5080000,0x00000000e5f80000)
  to   space 14336K, 0% used [0x00000000f0500000,0x00000000f0500000,0x00000000f1300000)
 ParOldGen       total 75776K, used 14423K [0x0000000080000000, 0x0000000084a00000, 0x00000000d5580000)
  object space 75776K, 19% used [0x0000000080000000,0x0000000080e15c20,0x0000000084a00000)
 Metaspace       used 49030K, capacity 51216K, committed 51584K, reserved 1093632K
  class space    used 6512K, capacity 6948K, committed 7040K, reserved 1048576K
Event: 9.041 GC heap after
Heap after GC invocations=10 (full 2):
 PSYoungGen      total 412160K, used 14333K [0x00000000d5580000, 0x00000000f1300000, 0x0000000100000000)
  eden space 397824K, 0% used [0x00000000d5580000,0x00000000d5580000,0x00000000eda00000)
  from space 14336K, 99% used [0x00000000f0500000,0x00000000f12ff5b0,0x00000000f1300000)
  to   space 19968K, 0% used [0x00000000eec00000,0x00000000eec00000,0x00000000eff80000)
 ParOldGen       total 75776K, used 21590K [0x0000000080000000, 0x0000000084a00000, 0x00000000d5580000)
  object space 75776K, 28% used [0x0000000080000000,0x0000000081515b60,0x0000000084a00000)
 Metaspace       used 49030K, capacity 51216K, committed 51584K, reserved 1093632K
  class space    used 6512K, capacity 6948K, committed 7040K, reserved 1048576K
}
Event: 10.391 GC heap before
{Heap before GC invocations=11 (full 2):
 PSYoungGen      total 412160K, used 133769K [0x00000000d5580000, 0x00000000f1300000, 0x0000000100000000)
  eden space 397824K, 30% used [0x00000000d5580000,0x00000000dca22e88,0x00000000eda00000)
  from space 14336K, 99% used [0x00000000f0500000,0x00000000f12ff5b0,0x00000000f1300000)
  to   space 19968K, 0% used [0x00000000eec00000,0x00000000eec00000,0x00000000eff80000)
 ParOldGen       total 75776K, used 21590K [0x0000000080000000, 0x0000000084a00000, 0x00000000d5580000)
  object space 75776K, 28% used [0x0000000080000000,0x0000000081515b60,0x0000000084a00000)
 Metaspace       used 56537K, capacity 58944K, committed 59096K, reserved 1099776K
  class space    used 7452K, capacity 7954K, committed 8064K, reserved 1048576K
Event: 10.426 GC heap after
Heap after GC invocations=11 (full 2):
 PSYoungGen      total 417792K, used 19948K [0x00000000d5580000, 0x00000000f1300000, 0x0000000100000000)
  eden space 397824K, 0% used [0x00000000d5580000,0x00000000d5580000,0x00000000eda00000)
  from space 19968K, 99% used [0x00000000eec00000,0x00000000eff7b390,0x00000000eff80000)
  to   space 14336K, 0% used [0x00000000f0500000,0x00000000f0500000,0x00000000f1300000)
 ParOldGen       total 75776K, used 24909K [0x0000000080000000, 0x0000000084a00000, 0x00000000d5580000)
  object space 75776K, 32% used [0x0000000080000000,0x0000000081853578,0x0000000084a00000)
 Metaspace       used 56537K, capacity 58944K, committed 59096K, reserved 1099776K
  class space    used 7452K, capacity 7954K, committed 8064K, reserved 1048576K
}
Event: 10.426 GC heap before
{Heap before GC invocations=12 (full 3):
 PSYoungGen      total 417792K, used 19948K [0x00000000d5580000, 0x00000000f1300000, 0x0000000100000000)
  eden space 397824K, 0% used [0x00000000d5580000,0x00000000d5580000,0x00000000eda00000)
  from space 19968K, 99% used [0x00000000eec00000,0x00000000eff7b390,0x00000000eff80000)
  to   space 14336K, 0% used [0x00000000f0500000,0x00000000f0500000,0x00000000f1300000)
 ParOldGen       total 75776K, used 24909K [0x0000000080000000, 0x0000000084a00000, 0x00000000d5580000)
  object space 75776K, 32% used [0x0000000080000000,0x0000000081853578,0x0000000084a00000)
 Metaspace       used 56537K, capacity 58944K, committed 59096K, reserved 1099776K
  class space    used 7452K, capacity 7954K, committed 8064K, reserved 1048576K
Event: 10.660 GC heap after
Heap after GC invocations=12 (full 3):
 PSYoungGen      total 417792K, used 0K [0x00000000d5580000, 0x00000000f1300000, 0x0000000100000000)
  eden space 397824K, 0% used [0x00000000d5580000,0x00000000d5580000,0x00000000eda00000)
  from space 19968K, 0% used [0x00000000eec00000,0x00000000eec00000,0x00000000eff80000)
  to   space 14336K, 0% used [0x00000000f0500000,0x00000000f0500000,0x00000000f1300000)
 ParOldGen       total 114688K, used 35217K [0x0000000080000000, 0x0000000087000000, 0x00000000d5580000)
  object space 114688K, 30% used [0x0000000080000000,0x0000000082264550,0x0000000087000000)
 Metaspace       used 56471K, capacity 58774K, committed 59096K, reserved 1099776K
  class space    used 7435K, capacity 7931K, committed 8064K, reserved 1048576K
}

